<?xml version="1.0" encoding="UTF-8"?>
<!-- Generated by org.testng.reporters.JUnitReportReporter -->
<testsuite hostname="Prabhukrishnan" name="testcases.CIB.Dashboard.TC04_CIB_Dashboard_AllBalancedetails" tests="1" failures="0" timestamp="17 Nov 2020 19:18:34 GMT" time="37.967" errors="0">
  <testcase name="CIB_URL_Navigation" time="37.967" classname="testcases.CIB.Dashboard.TC04_CIB_Dashboard_AllBalancedetails"/>
</testsuite> <!-- testcases.CIB.Dashboard.TC04_CIB_Dashboard_AllBalancedetails -->
