<?xml version="1.0" encoding="UTF-8"?>
<!-- Generated by org.testng.reporters.JUnitReportReporter -->
<testsuite skipped="0" hostname="vairamuthu" name="testcases.DBP16050" tests="10" failures="0" timestamp="22 Feb 2019 09:24:18 GMT" time="532.685" errors="0">
  <testcase name="Maker" time="99.265" classname="testcases.DBP16050"/>
  <testcase name="Checker" time="46.657" classname="testcases.DBP16050"/>
  <testcase name="Companylink" time="39.374" classname="testcases.DBP16050"/>
  <testcase name="CompanyApproval" time="45.454" classname="testcases.DBP16050"/>
  <testcase name="AddMatrix" time="71.275" classname="testcases.DBP16050"/>
  <testcase name="ApproveMatrixFinancial" time="44.924" classname="testcases.DBP16050"/>
  <testcase name="NonMatrix" time="59.464" classname="testcases.DBP16050"/>
  <testcase name="NOnMatrixApprove" time="45.829" classname="testcases.DBP16050"/>
  <testcase name="Delink" time="34.633" classname="testcases.DBP16050"/>
  <testcase name="DelinkApprove" time="45.810" classname="testcases.DBP16050"/>
</testsuite> <!-- testcases.DBP16050 -->
