<?xml version="1.0" encoding="UTF-8"?>
<!-- Generated by org.testng.reporters.JUnitReportReporter -->
<testsuite hostname="Prabhukrishnan" name="testcases.CIB.Transfers.TC45_Checker_Able_To_View_Action_Icon_in_Manage_Workflow" tests="1" failures="0" timestamp="19 Nov 2020 13:57:16 GMT" time="198.286" errors="0">
  <testcase name="checkerSinglePayment" time="198.286" classname="testcases.CIB.Transfers.TC45_Checker_Able_To_View_Action_Icon_in_Manage_Workflow"/>
</testsuite> <!-- testcases.CIB.Transfers.TC45_Checker_Able_To_View_Action_Icon_in_Manage_Workflow -->
