<?xml version="1.0" encoding="UTF-8"?>
<!-- Generated by org.testng.reporters.JUnitReportReporter -->
<testsuite skipped="0" hostname="DESKTOP-S2KSJTH" name="testcases.registration.prdcard_452.E2E08_Verify_User_able_to_View_Success_Msg_on_completing_Setting_up_of_Password" tests="1" failures="0" timestamp="2021-03-04T16:59:08 IST" time="70.575" errors="0">
  <testcase name="verifyAuthScreen" time="70.575" classname="testcases.registration.prdcard_452.E2E08_Verify_User_able_to_View_Success_Msg_on_completing_Setting_up_of_Password"/>
  <system-out/>
</testsuite> <!-- testcases.registration.prdcard_452.E2E08_Verify_User_able_to_View_Success_Msg_on_completing_Setting_up_of_Password -->
