<?xml version="1.0" encoding="UTF-8"?>
<!-- Generated by org.testng.reporters.JUnitReportReporter -->
<testsuite skipped="0" hostname="vairamuthu" name="testcases.DBP15546" tests="1" failures="0" timestamp="08 Mar 2019 09:24:00 GMT" time="23.313" errors="0">
  <testcase name="login" time="23.313" classname="testcases.DBP15546"/>
</testsuite> <!-- testcases.DBP15546 -->
