<?xml version="1.0" encoding="UTF-8"?>
<!-- Generated by org.testng.reporters.JUnitReportReporter -->
<testsuite skipped="0" hostname="DESKTOP-S2KSJTH" name="testcases.registration.prdcard_452.E2E11_Verify_User_Not_able_to_View_Password_while_entering_in_Confirm_Password_field" tests="1" failures="0" timestamp="2021-03-04T17:03:39 IST" time="57.196" errors="0">
  <testcase name="verifyAuthScreen" time="57.196" classname="testcases.registration.prdcard_452.E2E11_Verify_User_Not_able_to_View_Password_while_entering_in_Confirm_Password_field"/>
  <system-out/>
</testsuite> <!-- testcases.registration.prdcard_452.E2E11_Verify_User_Not_able_to_View_Password_while_entering_in_Confirm_Password_field -->
