<?xml version="1.0" encoding="UTF-8"?>
<!-- Generated by org.testng.reporters.JUnitReportReporter -->
<testsuite hostname="Prabhukrishnan" name="testcases.DBP15546Part2Admin" tests="1" failures="0" timestamp="16 Jul 2020 14:16:07 GMT" time="42.278" errors="0">
  <testcase name="admin" time="42.278" classname="testcases.DBP15546Part2Admin"/>
</testsuite> <!-- testcases.DBP15546Part2Admin -->
