<?xml version="1.0" encoding="UTF-8"?>
<!-- Generated by org.testng.reporters.JUnitReportReporter -->
<testsuite skipped="0" hostname="vairamuthu" name="testcases.DBP15564" tests="1" failures="0" timestamp="21 Feb 2019 08:10:04 GMT" time="34.375" errors="0">
  <testcase name="login" time="34.375" classname="testcases.DBP15564"/>
</testsuite> <!-- testcases.DBP15564 -->
