<?xml version="1.0" encoding="UTF-8"?>
<!-- Generated by org.testng.reporters.JUnitReportReporter -->
<testsuite hostname="Prabhukrishnan" name="testcases.BankAdmin.BillerManagement.TC01_Maker_BillerManagement_ManageRule" tests="1" failures="0" timestamp="26 Aug 2020 20:19:22 GMT" time="40.067" errors="0">
  <testcase name="Biller" time="40.067" classname="testcases.BankAdmin.BillerManagement.TC01_Maker_BillerManagement_ManageRule"/>
</testsuite> <!-- testcases.BankAdmin.BillerManagement.TC01_Maker_BillerManagement_ManageRule -->
