<?xml version="1.0" encoding="UTF-8"?>
<!-- Generated by org.testng.reporters.JUnitReportReporter -->
<testsuite skipped="1" hostname="vairamuthu" name="testcases.DBP16046" tests="2" failures="0" timestamp="22 Feb 2019 10:11:19 GMT" time="170.831" errors="0">
  <testcase name="DBP16046Maker" time="170.831" classname="testcases.DBP16046"/>
  <testcase name="DBP16046CheckerReject" classname="testcases.DBP16046">
    <skipped/>
  </testcase> <!-- DBP16046CheckerReject -->
</testsuite> <!-- testcases.DBP16046 -->
