<?xml version="1.0" encoding="UTF-8"?>
<!-- Generated by org.testng.reporters.JUnitReportReporter -->
<testsuite hostname="Prabhukrishnan" name="testcases.BankAdmin.Company.TC16_Maker_Delink_Company_Submit" tests="2" failures="0" timestamp="10 Aug 2020 09:45:43 GMT" time="578.805" errors="0">
  <testcase name="MakerDelinkCompany" time="293.255" classname="testcases.BankAdmin.Company.TC16_Maker_Delink_Company_Submit"/>
  <testcase name="MakerLinkCompanySubmit" time="285.550" classname="testcases.BankAdmin.Company.TC16_Maker_Delink_Company_Submit"/>
</testsuite> <!-- testcases.BankAdmin.Company.TC16_Maker_Delink_Company_Submit -->
