<?xml version="1.0" encoding="UTF-8"?>
<!-- Generated by org.testng.reporters.JUnitReportReporter -->
<testsuite hostname="Prabhukrishnan" name="testcases.DBP15553" tests="2" failures="0" timestamp="4 Aug 2020 08:55:33 GMT" time="454.316" errors="0">
  <testcase name="login" time="304.975" classname="testcases.DBP15553"/>
  <testcase name="approval" time="149.341" classname="testcases.DBP15553"/>
</testsuite> <!-- testcases.DBP15553 -->
