<?xml version="1.0" encoding="UTF-8"?>
<!-- Generated by org.testng.reporters.JUnitReportReporter -->
<testsuite skipped="0" hostname="DESKTOP-S2KSJTH" name="testcases.login.prdcard_225.TC10_Verify_Selected_Date_is_displayed_in_DOB_field" tests="1" failures="0" timestamp="2021-03-05T16:05:28 IST" time="42.313" errors="0">
  <testcase name="verifyAuthScreen" time="42.313" classname="testcases.login.prdcard_225.TC10_Verify_Selected_Date_is_displayed_in_DOB_field"/>
  <system-out/>
</testsuite> <!-- testcases.login.prdcard_225.TC10_Verify_Selected_Date_is_displayed_in_DOB_field -->
