<?xml version="1.0" encoding="UTF-8"?>
<!-- Generated by org.testng.reporters.JUnitReportReporter -->
<testsuite skipped="0" hostname="vairamuthu" name="testcases.DBP15546Part2Admin" tests="1" failures="0" timestamp="05 Mar 2019 09:43:59 GMT" time="27.466" errors="0">
  <testcase name="admin" time="27.466" classname="testcases.DBP15546Part2Admin"/>
</testsuite> <!-- testcases.DBP15546Part2Admin -->
