<?xml version="1.0" encoding="UTF-8"?>
<!-- Generated by org.testng.reporters.JUnitReportReporter -->
<testsuite hostname="Prabhukrishnan" name="testcases.CIB.Transfers.TC17_Checker_Search_Internal_Transfer_By_Reference_Number_in_Manage_Workflow" tests="1" failures="0" timestamp="19 Nov 2020 13:57:15 GMT" time="203.942" errors="0">
  <testcase name="checkerSinglePayment" time="203.942" classname="testcases.CIB.Transfers.TC17_Checker_Search_Internal_Transfer_By_Reference_Number_in_Manage_Workflow"/>
</testsuite> <!-- testcases.CIB.Transfers.TC17_Checker_Search_Internal_Transfer_By_Reference_Number_in_Manage_Workflow -->
