<?xml version="1.0" encoding="UTF-8"?>
<!-- Generated by org.testng.reporters.JUnitReportReporter -->
<testsuite skipped="0" hostname="DESKTOP-S2KSJTH" name="testcases.QA.accounts.casa.E2E07_Verify_User_able_to_Download_CASA_Account_Statement" tests="1" failures="0" timestamp="2021-04-21T16:57:02 IST" time="130.057" errors="0">
  <testcase name="verifyAuthScreen" time="130.057" classname="testcases.QA.accounts.casa.E2E07_Verify_User_able_to_Download_CASA_Account_Statement"/>
  <system-out/>
</testsuite> <!-- testcases.QA.accounts.casa.E2E07_Verify_User_able_to_Download_CASA_Account_Statement -->
