<?xml version="1.0" encoding="UTF-8"?>
<!-- Generated by org.testng.reporters.JUnitReportReporter -->
<testsuite skipped="0" hostname="vairamuthu" name="testcases.DBP16153" tests="1" failures="0" timestamp="19 Mar 2019 06:19:09 GMT" time="120.847" errors="0">
  <testcase name="CreateBiller" time="120.847" classname="testcases.DBP16153"/>
</testsuite> <!-- testcases.DBP16153 -->
