<?xml version="1.0" encoding="UTF-8"?>
<!-- Generated by org.testng.reporters.JUnitReportReporter -->
<testsuite hostname="Prabhukrishnan" name="testcases.CIB.Transfers.TC19_Checker_View_Action_Icon_in_Manage_Workflow_For_Internal" tests="1" failures="0" timestamp="19 Nov 2020 13:57:16 GMT" time="201.315" errors="0">
  <testcase name="checkerSinglePayment" time="201.315" classname="testcases.CIB.Transfers.TC19_Checker_View_Action_Icon_in_Manage_Workflow_For_Internal"/>
</testsuite> <!-- testcases.CIB.Transfers.TC19_Checker_View_Action_Icon_in_Manage_Workflow_For_Internal -->
