<?xml version="1.0" encoding="UTF-8"?>
<!-- Generated by org.testng.reporters.JUnitReportReporter -->
<testsuite skipped="0" hostname="vairamuthu" name="testcases.DBP16042andDBP16044" tests="1" failures="0" timestamp="22 Feb 2019 09:24:18 GMT" time="104.749" errors="0">
  <testcase name="DBP16042" time="104.749" classname="testcases.DBP16042andDBP16044"/>
</testsuite> <!-- testcases.DBP16042andDBP16044 -->
