<?xml version="1.0" encoding="UTF-8"?>
<!-- Generated by org.testng.reporters.JUnitReportReporter -->
<testsuite skipped="0" hostname="vairamuthu" name="testcases.DBP16618" tests="1" failures="0" timestamp="18 Mar 2019 09:06:13 GMT" time="227.999" errors="0">
  <testcase name="CIBTransferPayeeHappyPathFlow" time="227.999" classname="testcases.DBP16618"/>
</testsuite> <!-- testcases.DBP16618 -->
