<?xml version="1.0" encoding="UTF-8"?>
<!-- Generated by org.testng.reporters.JUnitReportReporter -->
<testsuite skipped="0" hostname="DESKTOP-S2KSJTH" name="testcases.registration.prdcard_451.E2E03_Verify_User_able_to_Set_UserName_without_Space_and_Spl_Chars" tests="1" failures="0" timestamp="2021-03-04T14:38:17 IST" time="58.927" errors="0">
  <testcase name="verifyAuthScreen" time="58.927" classname="testcases.registration.prdcard_451.E2E03_Verify_User_able_to_Set_UserName_without_Space_and_Spl_Chars"/>
  <system-out/>
</testsuite> <!-- testcases.registration.prdcard_451.E2E03_Verify_User_able_to_Set_UserName_without_Space_and_Spl_Chars -->
