<?xml version="1.0" encoding="UTF-8"?>
<!-- Generated by org.testng.reporters.JUnitReportReporter -->
<testsuite hostname="Prabhukrishnan" name="testcases.CIB.Transfers.TC05_Select_Company_Dropdown" tests="1" failures="0" timestamp="19 Nov 2020 13:57:15 GMT" time="70.192" errors="0">
  <testcase name="createBillPayment" time="70.192" classname="testcases.CIB.Transfers.TC05_Select_Company_Dropdown"/>
</testsuite> <!-- testcases.CIB.Transfers.TC05_Select_Company_Dropdown -->
