<?xml version="1.0" encoding="UTF-8"?>
<!-- Generated by org.testng.reporters.JUnitReportReporter -->
<testsuite skipped="0" hostname="DESKTOP-S2KSJTH" name="testcases.QA.applyNow.E2E03_Verify_User_able_to_Apply_for_Opening_OverDraft_Accounts" tests="1" failures="0" timestamp="2021-04-09T20:04:40 IST" time="86.678" errors="0">
  <testcase name="verifyAuthScreen" time="86.678" classname="testcases.QA.applyNow.E2E03_Verify_User_able_to_Apply_for_Opening_OverDraft_Accounts"/>
  <system-out/>
</testsuite> <!-- testcases.QA.applyNow.E2E03_Verify_User_able_to_Apply_for_Opening_OverDraft_Accounts -->
