<?xml version="1.0" encoding="UTF-8"?>
<!-- Generated by org.testng.reporters.JUnitReportReporter -->
<testsuite hostname="Prabhukrishnan" name="testcases.CIB.Transfers.TC108_Checker_Maker_Able_To_View_All_Approved_Transfers_By_Status_in_Manage_List" tests="2" failures="0" timestamp="19 Nov 2020 19:21:53 GMT" time="144.427" errors="0">
  <testcase name="makerManageListSearch" time="72.367" classname="testcases.CIB.Transfers.TC108_Checker_Maker_Able_To_View_All_Approved_Transfers_By_Status_in_Manage_List"/>
  <testcase name="checkerManageListSearch" time="72.060" classname="testcases.CIB.Transfers.TC108_Checker_Maker_Able_To_View_All_Approved_Transfers_By_Status_in_Manage_List"/>
</testsuite> <!-- testcases.CIB.Transfers.TC108_Checker_Maker_Able_To_View_All_Approved_Transfers_By_Status_in_Manage_List -->
