<?xml version="1.0" encoding="UTF-8"?>
<!-- Generated by org.testng.reporters.JUnitReportReporter -->
<testsuite skipped="0" hostname="vairamuthu" name="testcases.DBP16035" tests="1" failures="0" timestamp="22 Feb 2019 09:24:18 GMT" time="60.269" errors="0">
  <testcase name="login" time="60.269" classname="testcases.DBP16035"/>
</testsuite> <!-- testcases.DBP16035 -->
