<?xml version="1.0" encoding="UTF-8"?>
<!-- Generated by org.testng.reporters.JUnitReportReporter -->
<testsuite hostname="Prabhukrishnan" name="testcases.DBP16037" tests="1" failures="0" timestamp="10 Jul 2020 10:24:49 GMT" time="126.960" errors="0">
  <testcase name="DBP16037and_DBP16040" time="126.960" classname="testcases.DBP16037"/>
</testsuite> <!-- testcases.DBP16037 -->
