<?xml version="1.0" encoding="UTF-8"?>
<!-- Generated by org.testng.reporters.JUnitReportReporter -->
<testsuite skipped="0" hostname="DESKTOP-S2KSJTH" name="testcases.QA.admin.login.E2E02_Verify_User_able_to_Logout_from_MRB_Admin_After_Successful_Login" tests="1" failures="0" timestamp="2021-04-19T14:06:39 IST" time="25.018" errors="0">
  <testcase name="verifyAuthScreen" time="25.018" classname="testcases.QA.admin.login.E2E02_Verify_User_able_to_Logout_from_MRB_Admin_After_Successful_Login"/>
  <system-out/>
</testsuite> <!-- testcases.QA.admin.login.E2E02_Verify_User_able_to_Logout_from_MRB_Admin_After_Successful_Login -->
