<?xml version="1.0" encoding="UTF-8"?>
<!-- Generated by org.testng.reporters.JUnitReportReporter -->
<testsuite skipped="0" hostname="DESKTOP-S2KSJTH" name="testcases.registration.prdcard_452.E2E10_Verify_User_able_to_Eye_icon_on_Password_fields_only_after_entering_atleast_one_char" tests="1" failures="0" timestamp="2021-03-04T17:01:49 IST" time="55.909" errors="0">
  <testcase name="verifyAuthScreen" time="55.909" classname="testcases.registration.prdcard_452.E2E10_Verify_User_able_to_Eye_icon_on_Password_fields_only_after_entering_atleast_one_char"/>
  <system-out/>
</testsuite> <!-- testcases.registration.prdcard_452.E2E10_Verify_User_able_to_Eye_icon_on_Password_fields_only_after_entering_atleast_one_char -->
