<?xml version="1.0" encoding="UTF-8"?>
<!-- Generated by org.testng.reporters.JUnitReportReporter -->
<testsuite hostname="Prabhukrishnan" name="testcases.CIB.PreLogin_Login.TC04_CIB_ForgotPassword_Navigation" tests="1" failures="0" timestamp="19 Nov 2020 20:05:21 GMT" time="15.522" errors="0">
  <testcase name="CIB_ForgotPassword_Navigation" time="15.522" classname="testcases.CIB.PreLogin_Login.TC04_CIB_ForgotPassword_Navigation"/>
</testsuite> <!-- testcases.CIB.PreLogin_Login.TC04_CIB_ForgotPassword_Navigation -->
