<?xml version="1.0" encoding="UTF-8"?>
<!-- Generated by org.testng.reporters.JUnitReportReporter -->
<testsuite hostname="Prabhukrishnan" name="testcases.CIB.BeneficiaryManagement.TC25_Maker_CreateBenneficiary_International_Submitted" tests="1" failures="0" timestamp="20 Nov 2020 07:38:34 GMT" time="89.284" errors="0">
  <testcase name="CIB_URL_Navigation" time="89.284" classname="testcases.CIB.BeneficiaryManagement.TC25_Maker_CreateBenneficiary_International_Submitted"/>
</testsuite> <!-- testcases.CIB.BeneficiaryManagement.TC25_Maker_CreateBenneficiary_International_Submitted -->
