<?xml version="1.0" encoding="UTF-8"?>
<!-- Generated by org.testng.reporters.JUnitReportReporter -->
<testsuite skipped="0" hostname="DESKTOP-S2KSJTH" name="testcases.registration.prdcard_442.TC04_Verify_Back_Button_Present_And_Enabled_in_Card_Details_Page" tests="1" failures="0" timestamp="2021-03-02T13:00:45 IST" time="27.956" errors="0">
  <testcase name="verifyCCScreen" time="27.956" classname="testcases.registration.prdcard_442.TC04_Verify_Back_Button_Present_And_Enabled_in_Card_Details_Page"/>
  <system-out/>
</testsuite> <!-- testcases.registration.prdcard_442.TC04_Verify_Back_Button_Present_And_Enabled_in_Card_Details_Page -->
