<?xml version="1.0" encoding="UTF-8"?>
<!-- Generated by org.testng.reporters.JUnitReportReporter -->
<testsuite skipped="0" hostname="DESKTOP-S2KSJTH" name="testcases.registration.prdcard_452.E2E14_Verify_Submit_is_Disabled_if_Passwords_in_both_Password_and_Confirm_Password_fields_are_Not_Same" tests="1" failures="0" timestamp="2021-03-04T17:12:31 IST" time="64.253" errors="0">
  <testcase name="verifyAuthScreen" time="64.253" classname="testcases.registration.prdcard_452.E2E14_Verify_Submit_is_Disabled_if_Passwords_in_both_Password_and_Confirm_Password_fields_are_Not_Same"/>
  <system-out/>
</testsuite> <!-- testcases.registration.prdcard_452.E2E14_Verify_Submit_is_Disabled_if_Passwords_in_both_Password_and_Confirm_Password_fields_are_Not_Same -->
