<?xml version="1.0" encoding="UTF-8"?>
<!-- Generated by org.testng.reporters.JUnitReportReporter -->
<testsuite skipped="0" hostname="DESKTOP-S2KSJTH" name="testcases.QA.accounts.casa.E2E03_Verify_User_able_to_view_CASA_Account_Details" tests="1" failures="0" timestamp="2021-04-20T20:05:36 IST" time="91.173" errors="0">
  <testcase name="verifyAuthScreen" time="91.173" classname="testcases.QA.accounts.casa.E2E03_Verify_User_able_to_view_CASA_Account_Details"/>
  <system-out/>
</testsuite> <!-- testcases.QA.accounts.casa.E2E03_Verify_User_able_to_view_CASA_Account_Details -->
