<?xml version="1.0" encoding="UTF-8"?>
<!-- Generated by org.testng.reporters.JUnitReportReporter -->
<testsuite skipped="0" hostname="vairamuthu" name="testcases.DBP16107" tests="1" failures="0" timestamp="07 Mar 2019 11:28:46 GMT" time="179.266" errors="0">
  <testcase name="CheckerViewBeneficiaryInManageWorkFlowWithAuditTrail" time="179.266" classname="testcases.DBP16107"/>
</testsuite> <!-- testcases.DBP16107 -->
