<?xml version="1.0" encoding="UTF-8"?>
<!-- Generated by org.testng.reporters.JUnitReportReporter -->
<testsuite skipped="0" hostname="vairamuthu" name="testcases.DBP16152" tests="1" failures="0" timestamp="19 Mar 2019 06:20:13 GMT" time="63.818" errors="0">
  <testcase name="validateBillerCategory" time="63.818" classname="testcases.DBP16152"/>
</testsuite> <!-- testcases.DBP16152 -->
