<?xml version="1.0" encoding="UTF-8"?>
<!-- Generated by org.testng.reporters.JUnitReportReporter -->
<testsuite skipped="0" hostname="DESKTOP-S2KSJTH" name="testcases.registration.prdcard_446.TC07_Verify_Hand_Cursor_Appears_on_placing_mouse_on_Back_Button" tests="1" failures="0" timestamp="2021-03-02T15:25:17 IST" time="29.749" errors="0">
  <testcase name="verifyCCScreen" time="29.749" classname="testcases.registration.prdcard_446.TC07_Verify_Hand_Cursor_Appears_on_placing_mouse_on_Back_Button"/>
  <system-out/>
</testsuite> <!-- testcases.registration.prdcard_446.TC07_Verify_Hand_Cursor_Appears_on_placing_mouse_on_Back_Button -->
