<?xml version="1.0" encoding="UTF-8"?>
<!-- Generated by org.testng.reporters.JUnitReportReporter -->
<testsuite skipped="0" hostname="DESKTOP-S2KSJTH" name="testcases.userprofile.prdcard_123.TC01_Verify_User_Able_to_Login" tests="1" failures="0" timestamp="2021-03-02T13:21:31 IST" time="39.213" errors="0">
  <testcase name="userLogin" time="39.213" classname="testcases.userprofile.prdcard_123.TC01_Verify_User_Able_to_Login"/>
  <system-out/>
</testsuite> <!-- testcases.userprofile.prdcard_123.TC01_Verify_User_Able_to_Login -->
