<?xml version="1.0" encoding="UTF-8"?>
<!-- Generated by org.testng.reporters.JUnitReportReporter -->
<testsuite hostname="Prabhukrishnan" name="testcases.BankAdmin.BillerManagement.TC05_Maker_BillerManagement_ManageRule_CreateRule_Edit_Submit" tests="1" failures="0" timestamp="27 Aug 2020 19:38:09 GMT" time="35.905" errors="0">
  <testcase name="CreateRuleSubmit" time="35.905" classname="testcases.BankAdmin.BillerManagement.TC05_Maker_BillerManagement_ManageRule_CreateRule_Edit_Submit"/>
</testsuite> <!-- testcases.BankAdmin.BillerManagement.TC05_Maker_BillerManagement_ManageRule_CreateRule_Edit_Submit -->
