<?xml version="1.0" encoding="UTF-8"?>
<!-- Generated by org.testng.reporters.JUnitReportReporter -->
<testsuite hostname="Prabhukrishnan" name="testcases.CIB.BeneficiaryManagement.TC67_Checker_CreateBeneficiary_ManageWorkflow_Approve_Submit" tests="1" failures="0" timestamp="20 Nov 2020 07:38:34 GMT" time="62.930" errors="0">
  <testcase name="CIB_URL_Navigation" time="62.930" classname="testcases.CIB.BeneficiaryManagement.TC67_Checker_CreateBeneficiary_ManageWorkflow_Approve_Submit"/>
</testsuite> <!-- testcases.CIB.BeneficiaryManagement.TC67_Checker_CreateBeneficiary_ManageWorkflow_Approve_Submit -->
