<?xml version="1.0" encoding="UTF-8"?>
<!-- Generated by org.testng.reporters.JUnitReportReporter -->
<testsuite hostname="Prabhukrishnan" name="testcases.CIB.PreLogin_Login.TC07_CIB_ForgotPassword_Cancellation" tests="1" failures="0" timestamp="19 Nov 2020 20:05:21 GMT" time="24.048" errors="0">
  <testcase name="CIB_ForgotPassword_Cancellation" time="24.048" classname="testcases.CIB.PreLogin_Login.TC07_CIB_ForgotPassword_Cancellation"/>
</testsuite> <!-- testcases.CIB.PreLogin_Login.TC07_CIB_ForgotPassword_Cancellation -->
