<?xml version="1.0" encoding="UTF-8"?>
<!-- Generated by org.testng.reporters.JUnitReportReporter -->
<testsuite skipped="0" hostname="DESKTOP-S2KSJTH" name="testcases.QA.prelogin.E2E09_Verify_User_able_to_View_Locate_Us_ATM" tests="1" failures="0" timestamp="2021-04-15T12:46:42 IST" time="22.131" errors="0">
  <testcase name="verifyAuthScreen" time="22.131" classname="testcases.QA.prelogin.E2E09_Verify_User_able_to_View_Locate_Us_ATM"/>
  <system-out/>
</testsuite> <!-- testcases.QA.prelogin.E2E09_Verify_User_able_to_View_Locate_Us_ATM -->
