<?xml version="1.0" encoding="UTF-8"?>
<!-- Generated by org.testng.reporters.JUnitReportReporter -->
<testsuite hostname="Prabhukrishnan" name="testcases.CIB.Transfers.TC81_Maker_Check_Transfer_Menu_Displaying_in_Menu_List" tests="1" failures="0" timestamp="19 Nov 2020 19:21:53 GMT" time="68.549" errors="0">
  <testcase name="checkTransferMenu" time="68.549" classname="testcases.CIB.Transfers.TC81_Maker_Check_Transfer_Menu_Displaying_in_Menu_List"/>
</testsuite> <!-- testcases.CIB.Transfers.TC81_Maker_Check_Transfer_Menu_Displaying_in_Menu_List -->
