<?xml version="1.0" encoding="UTF-8"?>
<!-- Generated by org.testng.reporters.JUnitReportReporter -->
<testsuite skipped="0" hostname="DESKTOP-S2KSJTH" name="testcases.registration.prdcard_448.TC03_Verify_Registration_restarts_from_Prelogin_if_invalid_characters_is_provided_in_OTP" tests="1" failures="0" timestamp="2021-03-02T16:49:55 IST" time="106.056" errors="0">
  <testcase name="verifyAuthScreen" time="106.056" classname="testcases.registration.prdcard_448.TC03_Verify_Registration_restarts_from_Prelogin_if_invalid_characters_is_provided_in_OTP"/>
  <system-out/>
</testsuite> <!-- testcases.registration.prdcard_448.TC03_Verify_Registration_restarts_from_Prelogin_if_invalid_characters_is_provided_in_OTP -->
