<?xml version="1.0" encoding="UTF-8"?>
<!-- Generated by org.testng.reporters.JUnitReportReporter -->
<testsuite hostname="Prabhukrishnan" name="testcases.CIB.Transfers.TC02_Maker_Create_Transfer_Applicant_Drop_down" tests="1" failures="0" timestamp="30 Sep 2020 18:58:29 GMT" time="149.592" errors="0">
  <testcase name="createBillPayment" time="149.592" classname="testcases.CIB.Transfers.TC02_Maker_Create_Transfer_Applicant_Drop_down"/>
</testsuite> <!-- testcases.CIB.Transfers.TC02_Maker_Create_Transfer_Applicant_Drop_down -->
