<?xml version="1.0" encoding="UTF-8"?>
<!-- Generated by org.testng.reporters.JUnitReportReporter -->
<testsuite hostname="Prabhukrishnan" name="testcases.CIB.Dashboard.TC12_CIB_Dashboard_Financial_Fliter_Transaction" tests="1" failures="0" timestamp="18 Nov 2020 14:51:36 GMT" time="62.406" errors="0">
  <testcase name="CIB_URL_Navigation" time="62.406" classname="testcases.CIB.Dashboard.TC12_CIB_Dashboard_Financial_Fliter_Transaction"/>
</testsuite> <!-- testcases.CIB.Dashboard.TC12_CIB_Dashboard_Financial_Fliter_Transaction -->
