<?xml version="1.0" encoding="UTF-8"?>
<!-- Generated by org.testng.reporters.JUnitReportReporter -->
<testsuite skipped="0" hostname="DESKTOP-S2KSJTH" name="testcases.admin.login.E2E02_Verify_User_able_to_Logout_from_MRB_Admin_After_Successful_Login" tests="1" failures="0" timestamp="2021-03-19T19:21:32 IST" time="23.641" errors="0">
  <testcase name="verifyAuthScreen" time="23.641" classname="testcases.admin.login.E2E02_Verify_User_able_to_Logout_from_MRB_Admin_After_Successful_Login"/>
  <system-out/>
</testsuite> <!-- testcases.admin.login.E2E02_Verify_User_able_to_Logout_from_MRB_Admin_After_Successful_Login -->
