<?xml version="1.0" encoding="UTF-8"?>
<!-- Generated by org.testng.reporters.JUnitReportReporter -->
<testsuite hostname="Prabhukrishnan" name="testcases.CIB.PreLogin_Login.TC01_CIB_URL_Navigation" tests="1" failures="0" timestamp="19 Nov 2020 20:05:21 GMT" time="21.417" errors="0">
  <testcase name="CIB_URL_Navigation" time="21.417" classname="testcases.CIB.PreLogin_Login.TC01_CIB_URL_Navigation"/>
</testsuite> <!-- testcases.CIB.PreLogin_Login.TC01_CIB_URL_Navigation -->
