<?xml version="1.0" encoding="UTF-8"?>
<!-- Generated by org.testng.reporters.JUnitReportReporter -->
<testsuite hostname="Prabhukrishnan" name="testcases.CIB.Transfers.TC35_Maker_Select_Current_Future_Date_DatePicker_For_Domestic" tests="1" failures="0" timestamp="19 Nov 2020 13:57:16 GMT" time="76.756" errors="0">
  <testcase name="createBillPayment" time="76.756" classname="testcases.CIB.Transfers.TC35_Maker_Select_Current_Future_Date_DatePicker_For_Domestic"/>
</testsuite> <!-- testcases.CIB.Transfers.TC35_Maker_Select_Current_Future_Date_DatePicker_For_Domestic -->
