<?xml version="1.0" encoding="UTF-8"?>
<!-- Generated by org.testng.reporters.JUnitReportReporter -->
<testsuite skipped="0" hostname="DESKTOP-S2KSJTH" name="testcases.registration.prdcard_447.TC05_Verify_Register_Now_button_is_clickable_in_Prelogin_Page" tests="1" failures="0" timestamp="2021-03-02T15:52:01 IST" time="29.063" errors="0">
  <testcase name="verifyCCScreen" time="29.063" classname="testcases.registration.prdcard_447.TC05_Verify_Register_Now_button_is_clickable_in_Prelogin_Page"/>
  <system-out/>
</testsuite> <!-- testcases.registration.prdcard_447.TC05_Verify_Register_Now_button_is_clickable_in_Prelogin_Page -->
