<?xml version="1.0" encoding="UTF-8"?>
<!-- Generated by org.testng.reporters.JUnitReportReporter -->
<testsuite hostname="Prabhukrishnan" name="testcases.CIB.Transfers.TC04_Select_Payment_Method_Dropdown" tests="1" failures="0" timestamp="19 Nov 2020 13:57:15 GMT" time="55.224" errors="0">
  <testcase name="createBillPayment" time="55.224" classname="testcases.CIB.Transfers.TC04_Select_Payment_Method_Dropdown"/>
</testsuite> <!-- testcases.CIB.Transfers.TC04_Select_Payment_Method_Dropdown -->
