<?xml version="1.0" encoding="UTF-8"?>
<!-- Generated by org.testng.reporters.JUnitReportReporter -->
<testsuite hostname="Prabhukrishnan" name="testcases.CIB.Transfers.TC09_Select_CurrentDate_FutureDate_DatePicker" tests="1" failures="0" timestamp="19 Nov 2020 13:57:15 GMT" time="91.801" errors="0">
  <testcase name="createBillPayment" time="91.801" classname="testcases.CIB.Transfers.TC09_Select_CurrentDate_FutureDate_DatePicker"/>
</testsuite> <!-- testcases.CIB.Transfers.TC09_Select_CurrentDate_FutureDate_DatePicker -->
