<?xml version="1.0" encoding="UTF-8"?>
<!-- Generated by org.testng.reporters.JUnitReportReporter -->
<testsuite skipped="0" hostname="DESKTOP-S2KSJTH" name="testcases.QA.login.E2E05_Verify_Forgot_Username_Using_Debit_Card_Details" tests="1" failures="0" timestamp="2021-04-12T12:39:16 IST" time="45.814" errors="0">
  <testcase name="verifyAuthScreen" time="45.814" classname="testcases.QA.login.E2E05_Verify_Forgot_Username_Using_Debit_Card_Details"/>
  <system-out/>
</testsuite> <!-- testcases.QA.login.E2E05_Verify_Forgot_Username_Using_Debit_Card_Details -->
