<?xml version="1.0" encoding="UTF-8"?>
<!-- Generated by org.testng.reporters.JUnitReportReporter -->
<testsuite hostname="Prabhukrishnan" name="testcases.CIB.Dashboard.TC14_CIB_Dashboard_Financial_NonFinancial_FXRates_Inbox_widget" tests="1" failures="0" timestamp="20 Nov 2020 14:46:52 GMT" time="66.081" errors="0">
  <testcase name="CIB_URL_Navigation" time="66.081" classname="testcases.CIB.Dashboard.TC14_CIB_Dashboard_Financial_NonFinancial_FXRates_Inbox_widget"/>
</testsuite> <!-- testcases.CIB.Dashboard.TC14_CIB_Dashboard_Financial_NonFinancial_FXRates_Inbox_widget -->
