<?xml version="1.0" encoding="UTF-8"?>
<!-- Generated by org.testng.reporters.JUnitReportReporter -->
<testsuite hostname="Prabhukrishnan" name="testcases.CIB.Transfers.TC29_Maker_Single_Payment_Enter_Reference_Number" tests="1" failures="0" timestamp="19 Nov 2020 19:21:53 GMT" time="75.547" errors="0">
  <testcase name="createBillPayment" time="75.547" classname="testcases.CIB.Transfers.TC29_Maker_Single_Payment_Enter_Reference_Number"/>
</testsuite> <!-- testcases.CIB.Transfers.TC29_Maker_Single_Payment_Enter_Reference_Number -->
