<?xml version="1.0" encoding="UTF-8"?>
<!-- Generated by org.testng.reporters.JUnitReportReporter -->
<testsuite hostname="Prabhukrishnan" name="testcases.CIB.Transfers.TC18_Checker_Able_To_Get_Action_Icon_in_Manage_Workflow_For_Internal_Transfer" tests="1" failures="0" timestamp="19 Nov 2020 19:21:53 GMT" time="265.017" errors="0">
  <testcase name="checkerSinglePayment" time="265.017" classname="testcases.CIB.Transfers.TC18_Checker_Able_To_Get_Action_Icon_in_Manage_Workflow_For_Internal_Transfer"/>
</testsuite> <!-- testcases.CIB.Transfers.TC18_Checker_Able_To_Get_Action_Icon_in_Manage_Workflow_For_Internal_Transfer -->
