<?xml version="1.0" encoding="UTF-8"?>
<!-- Generated by org.testng.reporters.JUnitReportReporter -->
<testsuite hostname="Prabhukrishnan" name="testcases.BankAdmin.BillerManagement.TC09_Maker_BillerManagement_ManageRule_CreateRule_Submit_DuplicateRepairedRuleName" tests="1" failures="0" timestamp="27 Aug 2020 18:46:21 GMT" time="34.953" errors="0">
  <testcase name="CreateRuleSubmit" time="34.953" classname="testcases.BankAdmin.BillerManagement.TC09_Maker_BillerManagement_ManageRule_CreateRule_Submit_DuplicateRepairedRuleName"/>
</testsuite> <!-- testcases.BankAdmin.BillerManagement.TC09_Maker_BillerManagement_ManageRule_CreateRule_Submit_DuplicateRepairedRuleName -->
