<?xml version="1.0" encoding="UTF-8"?>
<!-- Generated by org.testng.reporters.JUnitReportReporter -->
<testsuite skipped="0" hostname="vairamuthu" name="testcases.DBP16144" tests="1" failures="0" timestamp="19 Mar 2019 06:51:37 GMT" time="139.778" errors="0">
  <testcase name="CheckerRejectWorkFlow" time="139.778" classname="testcases.DBP16144"/>
</testsuite> <!-- testcases.DBP16144 -->
