<?xml version="1.0" encoding="UTF-8"?>
<!-- Generated by org.testng.reporters.JUnitReportReporter -->
<testsuite skipped="0" hostname="DESKTOP-S2KSJTH" name="testcases.registration.prdcard_454.E2E08_Verify_User_able_to_provid_valid_details_in_all_Credtr_Card_fields" tests="1" failures="0" timestamp="2021-03-04T18:06:16 IST" time="31.663" errors="0">
  <testcase name="verifyAuthScreen" time="31.663" classname="testcases.registration.prdcard_454.E2E08_Verify_User_able_to_provid_valid_details_in_all_Credtr_Card_fields"/>
  <system-out/>
</testsuite> <!-- testcases.registration.prdcard_454.E2E08_Verify_User_able_to_provid_valid_details_in_all_Credtr_Card_fields -->
