<?xml version="1.0" encoding="UTF-8"?>
<!-- Generated by org.testng.reporters.JUnitReportReporter -->
<testsuite skipped="0" hostname="DESKTOP-S2KSJTH" name="testcases.login.prdcard_241.E2E03_Verify_User_Not_able_to_View_Password_while_entering_Password_in_Login_Screen" tests="1" failures="0" timestamp="2021-03-08T12:23:13 IST" time="15.827" errors="0">
  <testcase name="verifyAuthScreen" time="15.827" classname="testcases.login.prdcard_241.E2E03_Verify_User_Not_able_to_View_Password_while_entering_Password_in_Login_Screen"/>
  <system-out/>
</testsuite> <!-- testcases.login.prdcard_241.E2E03_Verify_User_Not_able_to_View_Password_while_entering_Password_in_Login_Screen -->
