<?xml version="1.0" encoding="UTF-8"?>
<!-- Generated by org.testng.reporters.JUnitReportReporter -->
<testsuite skipped="0" hostname="DESKTOP-S2KSJTH" name="testcases.registration.prdcard_442.TC02_Verify_User_Able_to_View_Next_Button_in_Card_Details_Page" tests="1" failures="0" timestamp="2021-03-01T19:50:46 IST" time="25.043" errors="0">
  <testcase name="verifyCCScreen" time="25.043" classname="testcases.registration.prdcard_442.TC02_Verify_User_Able_to_View_Next_Button_in_Card_Details_Page"/>
  <system-out/>
</testsuite> <!-- testcases.registration.prdcard_442.TC02_Verify_User_Able_to_View_Next_Button_in_Card_Details_Page -->
