<?xml version="1.0" encoding="UTF-8"?>
<!-- Generated by org.testng.reporters.JUnitReportReporter -->
<testsuite hostname="Prabhukrishnan" name="testcases.DBP15551" tests="1" failures="0" timestamp="16 Jul 2020 15:30:43 GMT" time="133.033" errors="0">
  <testcase name="login" time="133.033" classname="testcases.DBP15551"/>
</testsuite> <!-- testcases.DBP15551 -->
