<?xml version="1.0" encoding="UTF-8"?>
<!-- Generated by org.testng.reporters.JUnitReportReporter -->
<testsuite skipped="0" hostname="DESKTOP-S2KSJTH" name="testcases.QA.transfers.managePayees.E2E05_Verify_User_able_to_View_Same_Bank_Payee" tests="1" failures="0" timestamp="2021-04-16T13:33:13 IST" time="74.529" errors="0">
  <testcase name="verifyAuthScreen" time="74.529" classname="testcases.QA.transfers.managePayees.E2E05_Verify_User_able_to_View_Same_Bank_Payee"/>
  <system-out/>
</testsuite> <!-- testcases.QA.transfers.managePayees.E2E05_Verify_User_able_to_View_Same_Bank_Payee -->
