<?xml version="1.0" encoding="UTF-8"?>
<!-- Generated by org.testng.reporters.JUnitReportReporter -->
<testsuite hostname="Prabhukrishnan" name="testcases.CIB.BeneficiaryManagement.TC09_Maker_CreateBenneficiary_EnterMainInformation_OtherBank" tests="1" failures="0" timestamp="20 Nov 2020 09:44:48 GMT" time="76.437" errors="0">
  <testcase name="CIB_URL_Navigation" time="76.437" classname="testcases.CIB.BeneficiaryManagement.TC09_Maker_CreateBenneficiary_EnterMainInformation_OtherBank"/>
</testsuite> <!-- testcases.CIB.BeneficiaryManagement.TC09_Maker_CreateBenneficiary_EnterMainInformation_OtherBank -->
