<?xml version="1.0" encoding="UTF-8"?>
<!-- Generated by org.testng.reporters.JUnitReportReporter -->
<testsuite skipped="0" hostname="DESKTOP-S2KSJTH" name="testcases.QA.dashboard.E2E06_Verify_User_able_to_View_Cards_Widget" tests="1" failures="0" timestamp="2021-04-12T19:59:25 IST" time="56.519" errors="0">
  <testcase name="verifyAuthScreen" time="56.519" classname="testcases.QA.dashboard.E2E06_Verify_User_able_to_View_Cards_Widget"/>
  <system-out/>
</testsuite> <!-- testcases.QA.dashboard.E2E06_Verify_User_able_to_View_Cards_Widget -->
