<?xml version="1.0" encoding="UTF-8"?>
<!-- Generated by org.testng.reporters.JUnitReportReporter -->
<testsuite skipped="0" hostname="DESKTOP-S2KSJTH" name="testcases.login.prdcard_227.E2E04_Verify_User_able_to_enter_OTP_on_successfull_login_with_Valid_Credentials" tests="1" failures="0" timestamp="2021-03-05T18:27:44 IST" time="47.771" errors="0">
  <testcase name="verifyAuthScreen" time="47.771" classname="testcases.login.prdcard_227.E2E04_Verify_User_able_to_enter_OTP_on_successfull_login_with_Valid_Credentials"/>
  <system-out/>
</testsuite> <!-- testcases.login.prdcard_227.E2E04_Verify_User_able_to_enter_OTP_on_successfull_login_with_Valid_Credentials -->
