<?xml version="1.0" encoding="UTF-8"?>
<!-- Generated by org.testng.reporters.JUnitReportReporter -->
<testsuite skipped="0" hostname="vairamuthu" name="testcases.HappyPath.CIBBillerPayee" tests="1" failures="0" timestamp="18 Mar 2019 07:42:58 GMT" time="358.805" errors="0">
  <testcase name="CreateApproveBeneficiary" time="358.805" classname="testcases.HappyPath.CIBBillerPayee"/>
</testsuite> <!-- testcases.HappyPath.CIBBillerPayee -->
