<?xml version="1.0" encoding="UTF-8"?>
<!-- Generated by org.testng.reporters.JUnitReportReporter -->
<testsuite skipped="0" hostname="DESKTOP-S2KSJTH" name="testcases.QA.transfers.managePayees.E2E06_Verify_User_able_to_View_Local_Bank_Payee" tests="1" failures="0" timestamp="2021-04-16T13:42:46 IST" time="76.054" errors="0">
  <testcase name="verifyAuthScreen" time="76.054" classname="testcases.QA.transfers.managePayees.E2E06_Verify_User_able_to_View_Local_Bank_Payee"/>
  <system-out/>
</testsuite> <!-- testcases.QA.transfers.managePayees.E2E06_Verify_User_able_to_View_Local_Bank_Payee -->
