<?xml version="1.0" encoding="UTF-8"?>
<!-- Generated by org.testng.reporters.JUnitReportReporter -->
<testsuite hostname="Prabhukrishnan" name="testcases.CIB.Dashboard.TC05_CIB_Dashboard_ChooseCompany" tests="1" failures="0" timestamp="17 Nov 2020 19:13:13 GMT" time="52.940" errors="0">
  <testcase name="CIB_URL_Navigation" time="52.940" classname="testcases.CIB.Dashboard.TC05_CIB_Dashboard_ChooseCompany"/>
</testsuite> <!-- testcases.CIB.Dashboard.TC05_CIB_Dashboard_ChooseCompany -->
