<?xml version="1.0" encoding="UTF-8"?>
<!-- Generated by org.testng.reporters.JUnitReportReporter -->
<testsuite hostname="Prabhukrishnan" name="testcases.CIB.Transfers.TC107_Checker_Maker_Able_To_View_All_Approved_Transfers_in_Manage_List" tests="2" failures="0" timestamp="19 Nov 2020 19:21:52 GMT" time="163.388" errors="0">
  <testcase name="checkerManageListSearch" time="71.535" classname="testcases.CIB.Transfers.TC107_Checker_Maker_Able_To_View_All_Approved_Transfers_in_Manage_List"/>
  <testcase name="makerManageListSearch" time="91.853" classname="testcases.CIB.Transfers.TC107_Checker_Maker_Able_To_View_All_Approved_Transfers_in_Manage_List"/>
</testsuite> <!-- testcases.CIB.Transfers.TC107_Checker_Maker_Able_To_View_All_Approved_Transfers_in_Manage_List -->
