<?xml version="1.0" encoding="UTF-8"?>
<!-- Generated by org.testng.reporters.JUnitReportReporter -->
<testsuite hostname="Prabhukrishnan" name="testcases.CIB.BeneficiaryManagement.TC40_Maker_CreateBenneficiary_SameBank_Reset" tests="1" failures="0" timestamp="20 Nov 2020 07:38:34 GMT" time="63.704" errors="0">
  <testcase name="CIB_URL_Navigation" time="63.704" classname="testcases.CIB.BeneficiaryManagement.TC40_Maker_CreateBenneficiary_SameBank_Reset"/>
</testsuite> <!-- testcases.CIB.BeneficiaryManagement.TC40_Maker_CreateBenneficiary_SameBank_Reset -->
