<?xml version="1.0" encoding="UTF-8"?>
<!-- Generated by org.testng.reporters.JUnitReportReporter -->
<testsuite hostname="Prabhukrishnan" name="testcases.DBP15550" tests="1" failures="0" timestamp="16 Jul 2020 15:28:07 GMT" time="109.610" errors="0">
  <testcase name="login" time="109.610" classname="testcases.DBP15550"/>
</testsuite> <!-- testcases.DBP15550 -->
