<?xml version="1.0" encoding="UTF-8"?>
<!-- Generated by org.testng.reporters.JUnitReportReporter -->
<testsuite skipped="0" hostname="DESKTOP-S2KSJTH" name="testcases.login.prdcard_241.E2E01_Verify_User_Not_able_to_View_Password_while_entering_Password_in_Registration_flow" tests="1" failures="0" timestamp="2021-03-08T11:54:08 IST" time="49.291" errors="0">
  <testcase name="verifyAuthScreen" time="49.291" classname="testcases.login.prdcard_241.E2E01_Verify_User_Not_able_to_View_Password_while_entering_Password_in_Registration_flow"/>
  <system-out/>
</testsuite> <!-- testcases.login.prdcard_241.E2E01_Verify_User_Not_able_to_View_Password_while_entering_Password_in_Registration_flow -->
