<?xml version="1.0" encoding="UTF-8"?>
<!-- Generated by org.testng.reporters.JUnitReportReporter -->
<testsuite skipped="0" hostname="vairamuthu" name="testcases.DBP16140" tests="1" failures="0" timestamp="11 Mar 2019 14:22:08 GMT" time="118.916" errors="0">
  <testcase name="CheckerVerifyStatusInWorkFlow" time="118.916" classname="testcases.DBP16140"/>
</testsuite> <!-- testcases.DBP16140 -->
