<?xml version="1.0" encoding="UTF-8"?>
<!-- Generated by org.testng.reporters.JUnitReportReporter -->
<testsuite skipped="0" hostname="DESKTOP-S2KSJTH" name="testcases.login.prdcard_241.E2E02_Verify_User_able_to_View_Eye_icon_on_Registration_Password_field_only_after_entering_atleast_one_char" tests="1" failures="0" timestamp="2021-03-08T12:17:26 IST" time="56.879" errors="0">
  <testcase name="verifyAuthScreen" time="56.879" classname="testcases.login.prdcard_241.E2E02_Verify_User_able_to_View_Eye_icon_on_Registration_Password_field_only_after_entering_atleast_one_char"/>
  <system-out/>
</testsuite> <!-- testcases.login.prdcard_241.E2E02_Verify_User_able_to_View_Eye_icon_on_Registration_Password_field_only_after_entering_atleast_one_char -->
