<?xml version="1.0" encoding="UTF-8"?>
<!-- Generated by org.testng.reporters.JUnitReportReporter -->
<testsuite hostname="Prabhukrishnan" name="testcases.CIB.Transfers.TC65_Maker_Able_To_Search_Beneficiary_For_International" tests="1" failures="0" timestamp="19 Nov 2020 13:57:15 GMT" time="108.756" errors="0">
  <testcase name="createBillPayment" time="108.756" classname="testcases.CIB.Transfers.TC65_Maker_Able_To_Search_Beneficiary_For_International"/>
</testsuite> <!-- testcases.CIB.Transfers.TC65_Maker_Able_To_Search_Beneficiary_For_International -->
