<?xml version="1.0" encoding="UTF-8"?>
<!-- Generated by org.testng.reporters.JUnitReportReporter -->
<testsuite hostname="Prabhukrishnan" name="testcases.BankAdmin.BillerManagement.TC08_Maker_BillerManagement_ManageRule_CreateRule_Submit_DuplicateApprovedRuleName" tests="1" failures="0" timestamp="27 Aug 2020 18:44:17 GMT" time="37.489" errors="0">
  <testcase name="CreateRuleSubmit" time="37.489" classname="testcases.BankAdmin.BillerManagement.TC08_Maker_BillerManagement_ManageRule_CreateRule_Submit_DuplicateApprovedRuleName"/>
</testsuite> <!-- testcases.BankAdmin.BillerManagement.TC08_Maker_BillerManagement_ManageRule_CreateRule_Submit_DuplicateApprovedRuleName -->
