<?xml version="1.0" encoding="UTF-8"?>
<!-- Generated by org.testng.reporters.JUnitReportReporter -->
<testsuite skipped="1" hostname="vairamuthu" name="testcases.DBP16052andDBP16073" tests="2" failures="0" timestamp="22 Feb 2019 09:24:18 GMT" time="112.801" errors="0">
  <testcase name="AddMatrix" time="112.801" classname="testcases.DBP16052andDBP16073"/>
  <testcase name="ApproveMatrixFinancial" classname="testcases.DBP16052andDBP16073">
    <skipped/>
  </testcase> <!-- ApproveMatrixFinancial -->
</testsuite> <!-- testcases.DBP16052andDBP16073 -->
