<?xml version="1.0" encoding="UTF-8"?>
<!-- Generated by org.testng.reporters.JUnitReportReporter -->
<testsuite hostname="Prabhukrishnan" name="testcases.CIB.PreLogin_Login.TC05_CIB_ForgotPassword_ErrorMessageCheck" tests="1" failures="0" timestamp="19 Nov 2020 20:05:21 GMT" time="24.160" errors="0">
  <testcase name="CIB_ForgotPassword_Navigation" time="24.160" classname="testcases.CIB.PreLogin_Login.TC05_CIB_ForgotPassword_ErrorMessageCheck"/>
</testsuite> <!-- testcases.CIB.PreLogin_Login.TC05_CIB_ForgotPassword_ErrorMessageCheck -->
