<?xml version="1.0" encoding="UTF-8"?>
<!-- Generated by org.testng.reporters.JUnitReportReporter -->
<testsuite skipped="0" hostname="vairamuthu" name="lib.rest.GetAllKeys2" tests="1" failures="0" timestamp="18 Mar 2019 11:00:25 GMT" time="3.542" errors="0">
  <testcase name="getAllRequests" time="3.542" classname="lib.rest.GetAllKeys2"/>
</testsuite> <!-- lib.rest.GetAllKeys2 -->
