<?xml version="1.0" encoding="UTF-8"?>
<!-- Generated by org.testng.reporters.JUnitReportReporter -->
<testsuite skipped="0" hostname="DESKTOP-S2KSJTH" name="testcases.registration.prdcard_468.E2E03_Verify_Success_Msg_Color_on_completing_Registration_Process" tests="1" failures="0" timestamp="2021-03-04T20:14:23 IST" time="60.863" errors="0">
  <testcase name="verifyAuthScreen" time="60.863" classname="testcases.registration.prdcard_468.E2E03_Verify_Success_Msg_Color_on_completing_Registration_Process"/>
  <system-out/>
</testsuite> <!-- testcases.registration.prdcard_468.E2E03_Verify_Success_Msg_Color_on_completing_Registration_Process -->
