<?xml version="1.0" encoding="UTF-8"?>
<!-- Generated by org.testng.reporters.JUnitReportReporter -->
<testsuite skipped="0" hostname="DESKTOP-S2KSJTH" name="testcases.QA.cards.E2E08_Verify_User_able_to_Permanently_Block_Cards" tests="1" failures="0" timestamp="2021-04-20T11:58:35 IST" time="121.048" errors="0">
  <testcase name="verifyAuthScreen" time="121.048" classname="testcases.QA.cards.E2E08_Verify_User_able_to_Permanently_Block_Cards"/>
  <system-out/>
</testsuite> <!-- testcases.QA.cards.E2E08_Verify_User_able_to_Permanently_Block_Cards -->
