<?xml version="1.0" encoding="UTF-8"?>
<!-- Generated by org.testng.reporters.JUnitReportReporter -->
<testsuite skipped="0" hostname="DESKTOP-S2KSJTH" name="testcases.registration.prdcard_452.E2E12_Verify_User_able_to_View_Submit_only_after_enter_same_Passwords_in_both_Password_and_Confirm_Password_Fields" tests="1" failures="0" timestamp="2021-03-04T17:05:01 IST" time="65.657" errors="0">
  <testcase name="verifyAuthScreen" time="65.657" classname="testcases.registration.prdcard_452.E2E12_Verify_User_able_to_View_Submit_only_after_enter_same_Passwords_in_both_Password_and_Confirm_Password_Fields"/>
  <system-out/>
</testsuite> <!-- testcases.registration.prdcard_452.E2E12_Verify_User_able_to_View_Submit_only_after_enter_same_Passwords_in_both_Password_and_Confirm_Password_Fields -->
