<?xml version="1.0" encoding="UTF-8"?>
<!-- Generated by org.testng.reporters.JUnitReportReporter -->
<testsuite skipped="0" hostname="DESKTOP-S2KSJTH" name="testcases.registration.prdcard_442.TC10_Verify_Date_is_Closed_after_Selecting_Dates" tests="1" failures="0" timestamp="2021-03-02T13:51:24 IST" time="27.939" errors="0">
  <testcase name="verifyCCScreen" time="27.939" classname="testcases.registration.prdcard_442.TC10_Verify_Date_is_Closed_after_Selecting_Dates"/>
  <system-out/>
</testsuite> <!-- testcases.registration.prdcard_442.TC10_Verify_Date_is_Closed_after_Selecting_Dates -->
