<?xml version="1.0" encoding="UTF-8"?>
<!-- Generated by org.testng.reporters.JUnitReportReporter -->
<testsuite hostname="Prabhukrishnan" name="testcases.CIB.BeneficiaryManagement.TC65_Checker_CreateBeneficiary_ManageWorkflow_Approve_Cancel" tests="1" failures="0" timestamp="20 Nov 2020 09:44:48 GMT" time="86.893" errors="0">
  <testcase name="CIB_URL_Navigation" time="86.893" classname="testcases.CIB.BeneficiaryManagement.TC65_Checker_CreateBeneficiary_ManageWorkflow_Approve_Cancel"/>
</testsuite> <!-- testcases.CIB.BeneficiaryManagement.TC65_Checker_CreateBeneficiary_ManageWorkflow_Approve_Cancel -->
