<?xml version="1.0" encoding="UTF-8"?>
<!-- Generated by org.testng.reporters.JUnitReportReporter -->
<testsuite skipped="0" hostname="DESKTOP-S2KSJTH" name="testcases.registration.prdcard_442.TC03_Verify_Next_Button_Enabled_Only_After_Entering_All_Fields_in_Card_Details_Page" tests="1" failures="0" timestamp="2021-03-02T12:47:11 IST" time="30.552" errors="0">
  <testcase name="verifyCCScreen" time="30.552" classname="testcases.registration.prdcard_442.TC03_Verify_Next_Button_Enabled_Only_After_Entering_All_Fields_in_Card_Details_Page"/>
  <system-out/>
</testsuite> <!-- testcases.registration.prdcard_442.TC03_Verify_Next_Button_Enabled_Only_After_Entering_All_Fields_in_Card_Details_Page -->
