<?xml version="1.0" encoding="UTF-8"?>
<!-- Generated by org.testng.reporters.JUnitReportReporter -->
<testsuite hostname="Prabhukrishnan" name="testcases.CIB.Transfers.TC69_Maker_Review_Details_For_Domestic" tests="1" failures="0" timestamp="19 Nov 2020 19:21:53 GMT" time="143.055" errors="0">
  <testcase name="createBillPayment" time="143.055" classname="testcases.CIB.Transfers.TC69_Maker_Review_Details_For_Domestic"/>
</testsuite> <!-- testcases.CIB.Transfers.TC69_Maker_Review_Details_For_Domestic -->
