<?xml version="1.0" encoding="UTF-8"?>
<!-- Generated by org.testng.reporters.JUnitReportReporter -->
<testsuite skipped="0" hostname="vairamuthu" name="testcases.DBP16036" tests="1" failures="0" timestamp="19 Feb 2019 10:37:30 GMT" time="104.407" errors="0">
  <testcase name="DBP16036" time="104.407" classname="testcases.DBP16036"/>
</testsuite> <!-- testcases.DBP16036 -->
