<?xml version="1.0" encoding="UTF-8"?>
<!-- Generated by org.testng.reporters.JUnitReportReporter -->
<testsuite skipped="0" hostname="DESKTOP-S2KSJTH" name="testcases.DEMO.admin.customerManagement.E2E03_Verify_User_able_to_View_Data_of_the_User_in_Admin" tests="1" failures="0" timestamp="2021-04-19T13:24:44 IST" time="53.307" errors="0">
  <testcase name="verifySuspendScreen" time="53.307" classname="testcases.DEMO.admin.customerManagement.E2E03_Verify_User_able_to_View_Data_of_the_User_in_Admin"/>
  <system-out/>
</testsuite> <!-- testcases.DEMO.admin.customerManagement.E2E03_Verify_User_able_to_View_Data_of_the_User_in_Admin -->
