<?xml version="1.0" encoding="UTF-8"?>
<!-- Generated by org.testng.reporters.JUnitReportReporter -->
<testsuite skipped="0" hostname="DESKTOP-S2KSJTH" name="testcases.registration.prdcard_446.TC11_Verify_Register_Now_button_is_clickable_in_Prelogin_Page" tests="1" failures="0" timestamp="2021-03-02T15:31:39 IST" time="30.067" errors="0">
  <testcase name="verifyCCScreen" time="30.067" classname="testcases.registration.prdcard_446.TC11_Verify_Register_Now_button_is_clickable_in_Prelogin_Page"/>
  <system-out/>
</testsuite> <!-- testcases.registration.prdcard_446.TC11_Verify_Register_Now_button_is_clickable_in_Prelogin_Page -->
