<?xml version="1.0" encoding="UTF-8"?>
<!-- Generated by org.testng.reporters.JUnitReportReporter -->
<testsuite skipped="0" hostname="vairamuthu" name="testcases.DBP15563" tests="2" failures="0" timestamp="20 Feb 2019 11:09:58 GMT" time="144.231" errors="0">
  <testcase name="delete" time="82.607" classname="testcases.DBP15563"/>
  <testcase name="deleteapproval" time="61.624" classname="testcases.DBP15563"/>
</testsuite> <!-- testcases.DBP15563 -->
