<?xml version="1.0" encoding="UTF-8"?>
<!-- Generated by org.testng.reporters.JUnitReportReporter -->
<testsuite hostname="Prabhukrishnan" name="testcases.CIB.Dashboard.TC03_CIB_Dashboard_Verify_LastLogin" tests="1" failures="0" timestamp="17 Nov 2020 19:17:39 GMT" time="44.903" errors="0">
  <testcase name="CIB_URL_Navigation" time="44.903" classname="testcases.CIB.Dashboard.TC03_CIB_Dashboard_Verify_LastLogin"/>
</testsuite> <!-- testcases.CIB.Dashboard.TC03_CIB_Dashboard_Verify_LastLogin -->
