<?xml version="1.0" encoding="UTF-8"?>
<!-- Generated by org.testng.reporters.JUnitReportReporter -->
<testsuite skipped="0" hostname="DESKTOP-S2KSJTH" name="testcases.registration.prdcard_448.TC02_Verify_User_Registration_restarts_from_Prelogin_Page_on_providing_incorrect_OTP" tests="1" failures="0" timestamp="2021-03-02T16:23:16 IST" time="98.083" errors="0">
  <testcase name="verifyAuthScreen" time="98.083" classname="testcases.registration.prdcard_448.TC02_Verify_User_Registration_restarts_from_Prelogin_Page_on_providing_incorrect_OTP"/>
  <system-out/>
</testsuite> <!-- testcases.registration.prdcard_448.TC02_Verify_User_Registration_restarts_from_Prelogin_Page_on_providing_incorrect_OTP -->
