<?xml version="1.0" encoding="UTF-8"?>
<!-- Generated by org.testng.reporters.JUnitReportReporter -->
<testsuite hostname="Prabhukrishnan" name="testcases.CIB.Transfers.TC85_Maker_Select_Company_Dropdown_For_International" tests="1" failures="0" timestamp="19 Nov 2020 19:21:52 GMT" time="70.900" errors="0">
  <testcase name="createBillPayment" time="70.900" classname="testcases.CIB.Transfers.TC85_Maker_Select_Company_Dropdown_For_International"/>
</testsuite> <!-- testcases.CIB.Transfers.TC85_Maker_Select_Company_Dropdown_For_International -->
