<?xml version="1.0" encoding="UTF-8"?>
<!-- Generated by org.testng.reporters.JUnitReportReporter -->
<testsuite skipped="0" hostname="DESKTOP-S2KSJTH" name="testcases.QA.login.E2E02_Verify_User_able_to_Login_into_MRB_with_Valid_Credentials_Using_Debit_Card_Auth" tests="1" failures="0" timestamp="2021-04-08T18:23:30 IST" time="43.248" errors="0">
  <testcase name="verifyAuthScreen" time="43.248" classname="testcases.QA.login.E2E02_Verify_User_able_to_Login_into_MRB_with_Valid_Credentials_Using_Debit_Card_Auth"/>
  <system-out/>
</testsuite> <!-- testcases.QA.login.E2E02_Verify_User_able_to_Login_into_MRB_with_Valid_Credentials_Using_Debit_Card_Auth -->
