<?xml version="1.0" encoding="UTF-8"?>
<!-- Generated by org.testng.reporters.JUnitReportReporter -->
<testsuite skipped="0" hostname="DESKTOP-S2KSJTH" name="testcases.ib.accounts.loans.E2E08_Verify_User_able_to_View_Loan_Account_Statement_Report" tests="1" failures="0" timestamp="2021-04-22T15:09:59 IST" time="164.350" errors="0">
  <testcase name="verifyAuthScreen" time="164.350" classname="testcases.ib.accounts.loans.E2E08_Verify_User_able_to_View_Loan_Account_Statement_Report"/>
  <system-out/>
</testsuite> <!-- testcases.ib.accounts.loans.E2E08_Verify_User_able_to_View_Loan_Account_Statement_Report -->
