<?xml version="1.0" encoding="UTF-8"?>
<!-- Generated by org.testng.reporters.JUnitReportReporter -->
<testsuite skipped="0" hostname="DESKTOP-S2KSJTH" name="testcases.QA.login.E2E03_Verify_Forgot_Username_Using_Account_Details" tests="1" failures="0" timestamp="2021-04-12T12:36:44 IST" time="66.327" errors="0">
  <testcase name="verifyAuthScreen" time="66.327" classname="testcases.QA.login.E2E03_Verify_Forgot_Username_Using_Account_Details"/>
  <system-out/>
</testsuite> <!-- testcases.QA.login.E2E03_Verify_Forgot_Username_Using_Account_Details -->
