<?xml version="1.0" encoding="UTF-8"?>
<!-- Generated by org.testng.reporters.JUnitReportReporter -->
<testsuite skipped="0" hostname="DESKTOP-S2KSJTH" name="testcases.QA.cards.E2E06_Verify_User_able_to_view_Credit_Cards_Statement_Report" tests="1" failures="0" timestamp="2021-04-19T21:30:49 IST" time="132.635" errors="0">
  <testcase name="verifyAuthScreen" time="132.635" classname="testcases.QA.cards.E2E06_Verify_User_able_to_view_Credit_Cards_Statement_Report"/>
  <system-out/>
</testsuite> <!-- testcases.QA.cards.E2E06_Verify_User_able_to_view_Credit_Cards_Statement_Report -->
