<?xml version="1.0" encoding="UTF-8"?>
<!-- Generated by org.testng.reporters.JUnitReportReporter -->
<testsuite skipped="0" hostname="vairamuthu" name="testcases.DBP16056" tests="1" failures="0" timestamp="22 Feb 2019 09:24:18 GMT" time="171.842" errors="0">
  <testcase name="DraftNonFinancialMatrix" time="171.842" classname="testcases.DBP16056"/>
</testsuite> <!-- testcases.DBP16056 -->
