<?xml version="1.0" encoding="UTF-8"?>
<!-- Generated by org.testng.reporters.JUnitReportReporter -->
<testsuite skipped="0" hostname="DESKTOP-S2KSJTH" name="testcases.QA.registration.E2E03_Verify_User_able_to_Complete_Registration_Process_Using_Debit_Cards" tests="1" failures="0" timestamp="2021-04-08T18:14:31 IST" time="77.676" errors="0">
  <testcase name="registerUsingDebitCard" time="77.676" classname="testcases.QA.registration.E2E03_Verify_User_able_to_Complete_Registration_Process_Using_Debit_Cards"/>
  <system-out/>
</testsuite> <!-- testcases.QA.registration.E2E03_Verify_User_able_to_Complete_Registration_Process_Using_Debit_Cards -->
