<?xml version="1.0" encoding="UTF-8"?>
<!-- Generated by org.testng.reporters.JUnitReportReporter -->
<testsuite skipped="0" hostname="DESKTOP-S2KSJTH" name="testcases.registration.prdcard_468.E2E04_Verify_User_able_to_View_UserName_and_Date_on_Registration_Success_Screen" tests="1" failures="0" timestamp="2021-03-04T20:15:51 IST" time="60.598" errors="0">
  <testcase name="verifyAuthScreen" time="60.598" classname="testcases.registration.prdcard_468.E2E04_Verify_User_able_to_View_UserName_and_Date_on_Registration_Success_Screen"/>
  <system-out/>
</testsuite> <!-- testcases.registration.prdcard_468.E2E04_Verify_User_able_to_View_UserName_and_Date_on_Registration_Success_Screen -->
