<?xml version="1.0" encoding="UTF-8"?>
<!-- Generated by org.testng.reporters.JUnitReportReporter -->
<testsuite skipped="0" hostname="vairamuthu" name="testcases.DBP16155" tests="1" failures="0" timestamp="11 Mar 2019 14:22:08 GMT" time="154.142" errors="0">
  <testcase name="MakerSearchPendingRepairRecordInManageWorkFlow" time="154.142" classname="testcases.DBP16155"/>
</testsuite> <!-- testcases.DBP16155 -->
