<?xml version="1.0" encoding="UTF-8"?>
<!-- Generated by org.testng.reporters.JUnitReportReporter -->
<testsuite hostname="Prabhukrishnan" name="testcases.DBP15953" tests="1" failures="0" timestamp="9 Jul 2020 10:15:51 GMT" time="138.168" errors="0">
  <testcase name="login" time="138.168" classname="testcases.DBP15953"/>
</testsuite> <!-- testcases.DBP15953 -->
