<?xml version="1.0" encoding="UTF-8"?>
<!-- Generated by org.testng.reporters.JUnitReportReporter -->
<testsuite skipped="0" hostname="DESKTOP-S2KSJTH" name="testcases.login.prdcard_247.E2E04_Verify_User_able_to_View_Proper_error_msg_for_Invalid_Credit_Card" tests="1" failures="0" timestamp="2021-03-09T14:47:54 IST" time="27.838" errors="0">
  <testcase name="verifyAuthScreen" time="27.838" classname="testcases.login.prdcard_247.E2E04_Verify_User_able_to_View_Proper_error_msg_for_Invalid_Credit_Card"/>
  <system-out/>
</testsuite> <!-- testcases.login.prdcard_247.E2E04_Verify_User_able_to_View_Proper_error_msg_for_Invalid_Credit_Card -->
