<?xml version="1.0" encoding="UTF-8"?>
<!-- Generated by org.testng.reporters.JUnitReportReporter -->
<testsuite hostname="Prabhukrishnan" name="testcases.CIB.BeneficiaryManagement.TC18_Maker_CreateBenneficiary_SelectBeneficiaryType_International_EnterMainInformationDetails" tests="1" failures="0" timestamp="20 Nov 2020 07:38:34 GMT" time="55.403" errors="0">
  <testcase name="CIB_URL_Navigation" time="55.403" classname="testcases.CIB.BeneficiaryManagement.TC18_Maker_CreateBenneficiary_SelectBeneficiaryType_International_EnterMainInformationDetails"/>
</testsuite> <!-- testcases.CIB.BeneficiaryManagement.TC18_Maker_CreateBenneficiary_SelectBeneficiaryType_International_EnterMainInformationDetails -->
