<?xml version="1.0" encoding="UTF-8"?>
<!-- Generated by org.testng.reporters.JUnitReportReporter -->
<testsuite skipped="0" hostname="DESKTOP-S2KSJTH" name="testcases.registration.prdcard_452.E2E05_Verify_User_able_to_Set_Password_with_atleast_one_Capital_One_Small_and_One_Numerical_Value" tests="1" failures="0" timestamp="2021-03-04T16:52:16 IST" time="65.722" errors="0">
  <testcase name="verifyAuthScreen" time="65.722" classname="testcases.registration.prdcard_452.E2E05_Verify_User_able_to_Set_Password_with_atleast_one_Capital_One_Small_and_One_Numerical_Value"/>
  <system-out/>
</testsuite> <!-- testcases.registration.prdcard_452.E2E05_Verify_User_able_to_Set_Password_with_atleast_one_Capital_One_Small_and_One_Numerical_Value -->
