<?xml version="1.0" encoding="UTF-8"?>
<!-- Generated by org.testng.reporters.JUnitReportReporter -->
<testsuite skipped="0" hostname="DESKTOP-S2KSJTH" name="testcases.login.prdcard_247.E2E01_Verify_User_able_to_Successfully_Reset_Password_in_Forgot_Password_flow" tests="1" failures="0" timestamp="2021-03-09T14:37:43 IST" time="73.797" errors="0">
  <testcase name="verifyAuthScreen" time="73.797" classname="testcases.login.prdcard_247.E2E01_Verify_User_able_to_Successfully_Reset_Password_in_Forgot_Password_flow"/>
  <system-out/>
</testsuite> <!-- testcases.login.prdcard_247.E2E01_Verify_User_able_to_Successfully_Reset_Password_in_Forgot_Password_flow -->
