<?xml version="1.0" encoding="UTF-8"?>
<!-- Generated by org.testng.reporters.JUnitReportReporter -->
<testsuite skipped="0" hostname="DESKTOP-S2KSJTH" name="testcases.QA.transfers.managePayees.E2E07_Verify_User_able_to_View_International_Payee" tests="1" failures="0" timestamp="2021-04-16T13:47:57 IST" time="78.391" errors="0">
  <testcase name="verifyAuthScreen" time="78.391" classname="testcases.QA.transfers.managePayees.E2E07_Verify_User_able_to_View_International_Payee"/>
  <system-out/>
</testsuite> <!-- testcases.QA.transfers.managePayees.E2E07_Verify_User_able_to_View_International_Payee -->
