<?xml version="1.0" encoding="UTF-8"?>
<!-- Generated by org.testng.reporters.JUnitReportReporter -->
<testsuite skipped="0" hostname="DESKTOP-S2KSJTH" name="testcases.registration.prdcard_445.TC06_Verify_User_getting_proper_error_msg_on_providing_incorrect_OTP" tests="1" failures="0" timestamp="2021-03-02T15:13:53 IST" time="44.611" errors="0">
  <testcase name="verifyCCScreen" time="44.611" classname="testcases.registration.prdcard_445.TC06_Verify_User_getting_proper_error_msg_on_providing_incorrect_OTP"/>
  <system-out/>
</testsuite> <!-- testcases.registration.prdcard_445.TC06_Verify_User_getting_proper_error_msg_on_providing_incorrect_OTP -->
