<?xml version="1.0" encoding="UTF-8"?>
<!-- Generated by org.testng.reporters.JUnitReportReporter -->
<testsuite skipped="0" hostname="DESKTOP-S2KSJTH" name="testcases.registration.prdcard_451.E2E06_Verify_User_abel_to_view_Tick_for_unique_valid_UserNames" tests="1" failures="0" timestamp="2021-03-04T15:16:06 IST" time="60.859" errors="0">
  <testcase name="verifyAuthScreen" time="60.859" classname="testcases.registration.prdcard_451.E2E06_Verify_User_abel_to_view_Tick_for_unique_valid_UserNames"/>
  <system-out/>
</testsuite> <!-- testcases.registration.prdcard_451.E2E06_Verify_User_abel_to_view_Tick_for_unique_valid_UserNames -->
