<?xml version="1.0" encoding="UTF-8"?>
<!-- Generated by org.testng.reporters.JUnitReportReporter -->
<testsuite hostname="Prabhukrishnan" name="testcases.CIB.Transfers.TC71_Checker_Search_Domestic_Transfer_By_Reference_Number_in_Manage_Workflow" tests="1" failures="0" timestamp="19 Nov 2020 19:21:52 GMT" time="273.769" errors="0">
  <testcase name="checkerSinglePayment" time="273.769" classname="testcases.CIB.Transfers.TC71_Checker_Search_Domestic_Transfer_By_Reference_Number_in_Manage_Workflow"/>
</testsuite> <!-- testcases.CIB.Transfers.TC71_Checker_Search_Domestic_Transfer_By_Reference_Number_in_Manage_Workflow -->
