<?xml version="1.0" encoding="UTF-8"?>
<!-- Generated by org.testng.reporters.JUnitReportReporter -->
<testsuite hostname="Prabhukrishnan" name="testcases.CIB.BeneficiaryManagement.TC54_Checker_CreateBeneficiary_ManageWorkflow_Reject" tests="1" failures="0" timestamp="20 Nov 2020 07:38:34 GMT" time="54.224" errors="0">
  <testcase name="CIB_URL_Navigation" time="54.224" classname="testcases.CIB.BeneficiaryManagement.TC54_Checker_CreateBeneficiary_ManageWorkflow_Reject"/>
</testsuite> <!-- testcases.CIB.BeneficiaryManagement.TC54_Checker_CreateBeneficiary_ManageWorkflow_Reject -->
