<?xml version="1.0" encoding="UTF-8"?>
<!-- Generated by org.testng.reporters.JUnitReportReporter -->
<testsuite skipped="0" hostname="DESKTOP-S2KSJTH" name="testcases.registration.prdcard_445.TC02_Verify_User_navigated_to_Prelogin_if_browser_is_Closed" tests="1" failures="0" timestamp="2021-03-02T14:34:56 IST" time="24.093" errors="0">
  <testcase name="verifyCCScreen" time="24.093" classname="testcases.registration.prdcard_445.TC02_Verify_User_navigated_to_Prelogin_if_browser_is_Closed"/>
  <system-out/>
</testsuite> <!-- testcases.registration.prdcard_445.TC02_Verify_User_navigated_to_Prelogin_if_browser_is_Closed -->
