<?xml version="1.0" encoding="UTF-8"?>
<!-- Generated by org.testng.reporters.JUnitReportReporter -->
<testsuite skipped="1" hostname="vairamuthu" name="testcases.DBP16074" tests="2" failures="0" timestamp="22 Feb 2019 09:24:18 GMT" time="85.767" errors="0">
  <testcase name="DeleteFinancialMatrix" time="85.767" classname="testcases.DBP16074"/>
  <testcase name="DeleteFinancialMatrixApprove" classname="testcases.DBP16074">
    <skipped/>
  </testcase> <!-- DeleteFinancialMatrixApprove -->
</testsuite> <!-- testcases.DBP16074 -->
