<?xml version="1.0" encoding="UTF-8"?>
<!-- Generated by org.testng.reporters.JUnitReportReporter -->
<testsuite skipped="0" hostname="DESKTOP-S2KSJTH" name="testcases.QA.login.E2E01_Verify_User_able_to_Login_into_MRB_Successfully_with_Valid_Credentials" tests="1" failures="0" timestamp="2021-03-31T23:21:35 IST" time="47.713" errors="0">
  <testcase name="verifyAuthScreen" time="47.713" classname="testcases.QA.login.E2E01_Verify_User_able_to_Login_into_MRB_Successfully_with_Valid_Credentials"/>
  <system-out/>
</testsuite> <!-- testcases.QA.login.E2E01_Verify_User_able_to_Login_into_MRB_Successfully_with_Valid_Credentials -->
