<?xml version="1.0" encoding="UTF-8"?>
<!-- Generated by org.testng.reporters.JUnitReportReporter -->
<testsuite skipped="0" hostname="vairamuthu" name="testcases.DBP16033" tests="1" failures="0" timestamp="22 Feb 2019 09:24:18 GMT" time="61.594" errors="0">
  <testcase name="login" time="61.594" classname="testcases.DBP16033"/>
</testsuite> <!-- testcases.DBP16033 -->
