<?xml version="1.0" encoding="UTF-8"?>
<!-- Generated by org.testng.reporters.JUnitReportReporter -->
<testsuite hostname="Prabhukrishnan" name="testcases.CIB.BeneficiaryManagement.TC61_Checker_CreateBeneficiary_ManageWorkflow_Approve" tests="1" failures="0" timestamp="20 Nov 2020 07:38:34 GMT" time="75.838" errors="0">
  <testcase name="CIB_URL_Navigation" time="75.838" classname="testcases.CIB.BeneficiaryManagement.TC61_Checker_CreateBeneficiary_ManageWorkflow_Approve"/>
</testsuite> <!-- testcases.CIB.BeneficiaryManagement.TC61_Checker_CreateBeneficiary_ManageWorkflow_Approve -->
