<?xml version="1.0" encoding="UTF-8"?>
<!-- Generated by org.testng.reporters.JUnitReportReporter -->
<testsuite hostname="Prabhukrishnan" name="testcases.CIB.Transfers.TC46_Checker_View_Action_Icon_in_Manage_Workflow_For_Domestic" tests="1" failures="0" timestamp="19 Nov 2020 13:57:16 GMT" time="192.678" errors="0">
  <testcase name="checkerSinglePayment" time="192.678" classname="testcases.CIB.Transfers.TC46_Checker_View_Action_Icon_in_Manage_Workflow_For_Domestic"/>
</testsuite> <!-- testcases.CIB.Transfers.TC46_Checker_View_Action_Icon_in_Manage_Workflow_For_Domestic -->
