<?xml version="1.0" encoding="UTF-8"?>
<!-- Generated by org.testng.reporters.JUnitReportReporter -->
<testsuite skipped="0" hostname="vairamuthu" name="testcases.summa" tests="1" failures="0" timestamp="07 Mar 2019 07:46:13 GMT" time="8.266" errors="0">
  <testcase name="login" time="8.266" classname="testcases.summa"/>
</testsuite> <!-- testcases.summa -->
