<?xml version="1.0" encoding="UTF-8"?>
<!-- Generated by org.testng.reporters.JUnitReportReporter -->
<testsuite skipped="0" hostname="DESKTOP-S2KSJTH" name="testcases.QA.accounts.casa.E2E05_Verify_User_able_to_Transfer_CASA_Account_Funds" tests="1" failures="0" timestamp="2021-04-21T15:39:37 IST" time="141.498" errors="0">
  <testcase name="verifyAuthScreen" time="141.498" classname="testcases.QA.accounts.casa.E2E05_Verify_User_able_to_Transfer_CASA_Account_Funds"/>
  <system-out/>
</testsuite> <!-- testcases.QA.accounts.casa.E2E05_Verify_User_able_to_Transfer_CASA_Account_Funds -->
