<?xml version="1.0" encoding="UTF-8"?>
<!-- Generated by org.testng.reporters.JUnitReportReporter -->
<testsuite skipped="0" hostname="DESKTOP-S2KSJTH" name="testcases.QA.admin.customerManagement.E2E03_Verify_User_able_to_View_Data_of_the_User_in_Admin" tests="1" failures="0" timestamp="2021-04-19T14:06:39 IST" time="70.419" errors="0">
  <testcase name="verifySuspendScreen" time="70.419" classname="testcases.QA.admin.customerManagement.E2E03_Verify_User_able_to_View_Data_of_the_User_in_Admin"/>
  <system-out/>
</testsuite> <!-- testcases.QA.admin.customerManagement.E2E03_Verify_User_able_to_View_Data_of_the_User_in_Admin -->
