<?xml version="1.0" encoding="UTF-8"?>
<!-- Generated by org.testng.reporters.JUnitReportReporter -->
<testsuite skipped="0" hostname="DESKTOP-S2KSJTH" name="testcases.QA.accounts.casa.E2E06_Verify_User_able_to_View_CASA_Account_Statement" tests="1" failures="0" timestamp="2021-04-21T16:39:41 IST" time="118.020" errors="0">
  <testcase name="verifyAuthScreen" time="118.020" classname="testcases.QA.accounts.casa.E2E06_Verify_User_able_to_View_CASA_Account_Statement"/>
  <system-out/>
</testsuite> <!-- testcases.QA.accounts.casa.E2E06_Verify_User_able_to_View_CASA_Account_Statement -->
