<?xml version="1.0" encoding="UTF-8"?>
<!-- Generated by org.testng.reporters.JUnitReportReporter -->
<testsuite skipped="0" hostname="DESKTOP-S2KSJTH" name="testcases.QA.dashboard.E2E02_Verify_User_able_to_View_Two_Dynamic_Widgets" tests="1" failures="0" timestamp="2021-04-12T19:30:08 IST" time="51.861" errors="0">
  <testcase name="verifyAuthScreen" time="51.861" classname="testcases.QA.dashboard.E2E02_Verify_User_able_to_View_Two_Dynamic_Widgets"/>
  <system-out/>
</testsuite> <!-- testcases.QA.dashboard.E2E02_Verify_User_able_to_View_Two_Dynamic_Widgets -->
