<?xml version="1.0" encoding="UTF-8"?>
<!-- Generated by org.testng.reporters.JUnitReportReporter -->
<testsuite hostname="Prabhukrishnan" name="testcases.CIB.BeneficiaryManagement.TC59_Checker_CreateBeneficiary_ManageWorkflow_Amendment_Remarks" tests="1" failures="0" timestamp="20 Nov 2020 07:38:34 GMT" time="56.952" errors="0">
  <testcase name="CIB_URL_Navigation" time="56.952" classname="testcases.CIB.BeneficiaryManagement.TC59_Checker_CreateBeneficiary_ManageWorkflow_Amendment_Remarks"/>
</testsuite> <!-- testcases.CIB.BeneficiaryManagement.TC59_Checker_CreateBeneficiary_ManageWorkflow_Amendment_Remarks -->
