<?xml version="1.0" encoding="UTF-8"?>
<!-- Generated by org.testng.reporters.JUnitReportReporter -->
<testsuite skipped="0" hostname="DESKTOP-S2KSJTH" name="testcases.admin.customerManagement.E2E03_Verify_User_able_to_View_Data_of_the_User_in_Admin" tests="1" failures="0" timestamp="2021-03-19T19:21:32 IST" time="60.272" errors="0">
  <testcase name="verifySuspendScreen" time="60.272" classname="testcases.admin.customerManagement.E2E03_Verify_User_able_to_View_Data_of_the_User_in_Admin"/>
  <system-out/>
</testsuite> <!-- testcases.admin.customerManagement.E2E03_Verify_User_able_to_View_Data_of_the_User_in_Admin -->
