<?xml version="1.0" encoding="UTF-8"?>
<!-- Generated by org.testng.reporters.JUnitReportReporter -->
<testsuite skipped="0" hostname="DESKTOP-S2KSJTH" name="testcases.QA.accounts.deposit.E2E02_Verify_User_able_to_view_Deposit_Accounts" tests="1" failures="0" timestamp="2021-04-21T21:05:09 IST" time="78.865" errors="0">
  <testcase name="verifyAuthScreen" time="78.865" classname="testcases.QA.accounts.deposit.E2E02_Verify_User_able_to_view_Deposit_Accounts"/>
  <system-out/>
</testsuite> <!-- testcases.QA.accounts.deposit.E2E02_Verify_User_able_to_view_Deposit_Accounts -->
