<?xml version="1.0" encoding="UTF-8"?>
<!-- Generated by org.testng.reporters.JUnitReportReporter -->
<testsuite skipped="0" hostname="DESKTOP-S2KSJTH" name="testcases.registration.prdcard_442.TC17_Verify_Credit_Card_Details_Are_Refreshed_when_Card_is_changed" tests="1" failures="0" timestamp="2021-03-02T14:26:09 IST" time="40.017" errors="0">
  <testcase name="verifyCCScreen" time="40.017" classname="testcases.registration.prdcard_442.TC17_Verify_Credit_Card_Details_Are_Refreshed_when_Card_is_changed"/>
  <system-out/>
</testsuite> <!-- testcases.registration.prdcard_442.TC17_Verify_Credit_Card_Details_Are_Refreshed_when_Card_is_changed -->
