<?xml version="1.0" encoding="UTF-8"?>
<!-- Generated by org.testng.reporters.JUnitReportReporter -->
<testsuite hostname="Prabhukrishnan" name="testcases.DBP15951" tests="1" failures="0" timestamp="9 Jul 2020 10:10:33 GMT" time="130.858" errors="0">
  <testcase name="login" time="130.858" classname="testcases.DBP15951"/>
</testsuite> <!-- testcases.DBP15951 -->
