<?xml version="1.0" encoding="UTF-8"?>
<!-- Generated by org.testng.reporters.JUnitReportReporter -->
<testsuite hostname="Prabhukrishnan" name="testcases.CIB.Transfers.TC43_Maker_Submit_Domestic_Transfer_For_Approval" tests="1" failures="0" timestamp="19 Nov 2020 13:57:16 GMT" time="152.682" errors="0">
  <testcase name="createBillPayment" time="152.682" classname="testcases.CIB.Transfers.TC43_Maker_Submit_Domestic_Transfer_For_Approval"/>
</testsuite> <!-- testcases.CIB.Transfers.TC43_Maker_Submit_Domestic_Transfer_For_Approval -->
