<?xml version="1.0" encoding="UTF-8"?>
<!-- Generated by org.testng.reporters.JUnitReportReporter -->
<testsuite skipped="0" hostname="vairamuthu" name="testcases.DBP15560" tests="2" failures="0" timestamp="20 Feb 2019 11:09:58 GMT" time="153.379" errors="0">
  <testcase name="login" time="108.220" classname="testcases.DBP15560"/>
  <testcase name="editapproval" time="45.159" classname="testcases.DBP15560"/>
</testsuite> <!-- testcases.DBP15560 -->
