<?xml version="1.0" encoding="UTF-8"?>
<!-- Generated by org.testng.reporters.JUnitReportReporter -->
<testsuite skipped="0" hostname="DESKTOP-S2KSJTH" name="testcases.QA.cards.E2E03_Verify_User_able_to_view_Debit_Card_Details" tests="1" failures="0" timestamp="2021-04-19T16:01:35 IST" time="77.713" errors="0">
  <testcase name="verifyAuthScreen" time="77.713" classname="testcases.QA.cards.E2E03_Verify_User_able_to_view_Debit_Card_Details"/>
  <system-out/>
</testsuite> <!-- testcases.QA.cards.E2E03_Verify_User_able_to_view_Debit_Card_Details -->
