<?xml version="1.0" encoding="UTF-8"?>
<!-- Generated by org.testng.reporters.JUnitReportReporter -->
<testsuite skipped="0" hostname="DESKTOP-S2KSJTH" name="testcases.registration.prdcard_454.E2E06_Verify_User_able_to_select_DOB" tests="1" failures="0" timestamp="2021-03-04T18:03:40 IST" time="35.324" errors="0">
  <testcase name="verifyAuthScreen" time="35.324" classname="testcases.registration.prdcard_454.E2E06_Verify_User_able_to_select_DOB"/>
  <system-out/>
</testsuite> <!-- testcases.registration.prdcard_454.E2E06_Verify_User_able_to_select_DOB -->
