<?xml version="1.0" encoding="UTF-8"?>
<!-- Generated by org.testng.reporters.JUnitReportReporter -->
<testsuite hostname="Prabhukrishnan" name="testcases.CIB.Dashboard.TC08_CIB_Dashboard_Click_OperativeAccount_FinancialWidget_VerifyOperativeAccount_Details" tests="1" failures="0" timestamp="17 Nov 2020 19:58:00 GMT" time="69.768" errors="0">
  <testcase name="CIB_URL_Navigation" time="69.768" classname="testcases.CIB.Dashboard.TC08_CIB_Dashboard_Click_OperativeAccount_FinancialWidget_VerifyOperativeAccount_Details"/>
</testsuite> <!-- testcases.CIB.Dashboard.TC08_CIB_Dashboard_Click_OperativeAccount_FinancialWidget_VerifyOperativeAccount_Details -->
