<?xml version="1.0" encoding="UTF-8"?>
<!-- Generated by org.testng.reporters.JUnitReportReporter -->
<testsuite skipped="0" hostname="DESKTOP-S2KSJTH" name="testcases.registration.prdcard_449.TC01_Verify_Registration_process_Stops_on_providing_invalid_or_Blocked_Card_Details" tests="1" failures="0" timestamp="2021-03-04T11:24:38 IST" time="27.779" errors="0">
  <testcase name="verifyCCScreen" time="27.779" classname="testcases.registration.prdcard_449.TC01_Verify_Registration_process_Stops_on_providing_invalid_or_Blocked_Card_Details"/>
  <system-out/>
</testsuite> <!-- testcases.registration.prdcard_449.TC01_Verify_Registration_process_Stops_on_providing_invalid_or_Blocked_Card_Details -->
