<?xml version="1.0" encoding="UTF-8"?>
<!-- Generated by org.testng.reporters.JUnitReportReporter -->
<testsuite skipped="0" hostname="vairamuthu" name="testcases.DBP16052" tests="2" failures="0" timestamp="20 Feb 2019 09:23:04 GMT" time="92.637" errors="0">
  <testcase name="editExistingFinancialMatrix" time="46.923" classname="testcases.DBP16052"/>
  <testcase name="ApproveMatrixFinancial" time="45.714" classname="testcases.DBP16052"/>
</testsuite> <!-- testcases.DBP16052 -->
