<?xml version="1.0" encoding="UTF-8"?>
<!-- Generated by org.testng.reporters.JUnitReportReporter -->
<testsuite skipped="0" hostname="DESKTOP-S2KSJTH" name="testcases.QA.transfers.managePayees.E2E09_Verify_User_able_to_Edit_Local_Bank_Payee_Details" tests="1" failures="0" timestamp="2021-04-16T13:57:31 IST" time="96.046" errors="0">
  <testcase name="verifyAuthScreen" time="96.046" classname="testcases.QA.transfers.managePayees.E2E09_Verify_User_able_to_Edit_Local_Bank_Payee_Details"/>
  <system-out/>
</testsuite> <!-- testcases.QA.transfers.managePayees.E2E09_Verify_User_able_to_Edit_Local_Bank_Payee_Details -->
