<?xml version="1.0" encoding="UTF-8"?>
<!-- Generated by org.testng.reporters.JUnitReportReporter -->
<testsuite hostname="Prabhukrishnan" name="testcases.CIB.Dashboard.TC09_CIB_Dashboard_BackButtonInOperativeAccount_ShouldLand_DashboardPage" tests="1" failures="0" timestamp="17 Nov 2020 20:05:34 GMT" time="77.163" errors="0">
  <testcase name="CIB_URL_Navigation" time="77.163" classname="testcases.CIB.Dashboard.TC09_CIB_Dashboard_BackButtonInOperativeAccount_ShouldLand_DashboardPage"/>
</testsuite> <!-- testcases.CIB.Dashboard.TC09_CIB_Dashboard_BackButtonInOperativeAccount_ShouldLand_DashboardPage -->
