<?xml version="1.0" encoding="UTF-8"?>
<!-- Generated by org.testng.reporters.JUnitReportReporter -->
<testsuite hostname="Prabhukrishnan" name="testcases.DBP16032" tests="1" failures="0" timestamp="10 Jul 2020 08:56:09 GMT" time="150.456" errors="0">
  <testcase name="login" time="150.456" classname="testcases.DBP16032"/>
</testsuite> <!-- testcases.DBP16032 -->
