<?xml version="1.0" encoding="UTF-8"?>
<!-- Generated by org.testng.reporters.JUnitReportReporter -->
<testsuite hostname="Prabhukrishnan" name="testcases.CIB.Transfers.TC03_Maker_Create_Transfer_PayFrom" tests="1" failures="0" timestamp="30 Sep 2020 19:01:55 GMT" time="160.968" errors="0">
  <testcase name="createBillPayment" time="160.968" classname="testcases.CIB.Transfers.TC03_Maker_Create_Transfer_PayFrom"/>
</testsuite> <!-- testcases.CIB.Transfers.TC03_Maker_Create_Transfer_PayFrom -->
