<?xml version="1.0" encoding="UTF-8"?>
<!-- Generated by org.testng.reporters.JUnitReportReporter -->
<testsuite skipped="0" hostname="vairamuthu" name="testcases.DBP15554andDBP15559" tests="2" failures="0" timestamp="20 Feb 2019 11:09:58 GMT" time="108.937" errors="0">
  <testcase name="login" time="61.264" classname="testcases.DBP15554andDBP15559"/>
  <testcase name="approval" time="47.673" classname="testcases.DBP15554andDBP15559"/>
</testsuite> <!-- testcases.DBP15554andDBP15559 -->
