<?xml version="1.0" encoding="UTF-8"?>
<!-- Generated by org.testng.reporters.JUnitReportReporter -->
<testsuite skipped="0" hostname="DESKTOP-S2KSJTH" name="testcases.login.prdcard_247.E2E02_Verify_User_able_to_enter_Credit_Card_details_in_Forgot_Password_flow" tests="1" failures="0" timestamp="2021-03-09T14:45:32 IST" time="41.040" errors="0">
  <testcase name="verifyAuthScreen" time="41.040" classname="testcases.login.prdcard_247.E2E02_Verify_User_able_to_enter_Credit_Card_details_in_Forgot_Password_flow"/>
  <system-out/>
</testsuite> <!-- testcases.login.prdcard_247.E2E02_Verify_User_able_to_enter_Credit_Card_details_in_Forgot_Password_flow -->
