<?xml version="1.0" encoding="UTF-8"?>
<!-- Generated by org.testng.reporters.JUnitReportReporter -->
<testsuite hostname="Prabhukrishnan" name="testcases.DBP15560" tests="2" failures="0" timestamp="8 Jul 2020 10:06:03 GMT" time="247.520" errors="0">
  <testcase name="login" time="172.321" classname="testcases.DBP15560"/>
  <testcase name="editapproval" time="75.199" classname="testcases.DBP15560"/>
</testsuite> <!-- testcases.DBP15560 -->
