<?xml version="1.0" encoding="UTF-8"?>
<!-- Generated by org.testng.reporters.JUnitReportReporter -->
<testsuite skipped="0" hostname="DESKTOP-S2KSJTH" name="testcases.QA.cards.E2E07_Verify_User_able_to_Temporarily_Block_Cards" tests="1" failures="0" timestamp="2021-04-20T11:53:34 IST" time="102.241" errors="0">
  <testcase name="verifyAuthScreen" time="102.241" classname="testcases.QA.cards.E2E07_Verify_User_able_to_Temporarily_Block_Cards"/>
  <system-out/>
</testsuite> <!-- testcases.QA.cards.E2E07_Verify_User_able_to_Temporarily_Block_Cards -->
