<?xml version="1.0" encoding="UTF-8"?>
<!-- Generated by org.testng.reporters.JUnitReportReporter -->
<testsuite skipped="0" hostname="DESKTOP-S2KSJTH" name="testcases.registration.prdcard_448.TC04_Verify_Registration_restarts_from_Prelogin_if_invalid_OTP_is_Porvided" tests="1" failures="0" timestamp="2021-03-02T17:22:27 IST" time="107.748" errors="0">
  <testcase name="verifyAuthScreen" time="107.748" classname="testcases.registration.prdcard_448.TC04_Verify_Registration_restarts_from_Prelogin_if_invalid_OTP_is_Porvided"/>
  <system-out/>
</testsuite> <!-- testcases.registration.prdcard_448.TC04_Verify_Registration_restarts_from_Prelogin_if_invalid_OTP_is_Porvided -->
