<?xml version="1.0" encoding="UTF-8"?>
<!-- Generated by org.testng.reporters.JUnitReportReporter -->
<testsuite skipped="0" hostname="DESKTOP-S2KSJTH" name="testcases.QA.userProfile.E2E03_Verify_User_able_to_Update_Mailing_Address_Permanent_Address" tests="1" failures="0" timestamp="2021-04-12T15:34:32 IST" time="80.119" errors="0">
  <testcase name="verifyAuthScreen" time="80.119" classname="testcases.QA.userProfile.E2E03_Verify_User_able_to_Update_Mailing_Address_Permanent_Address"/>
  <system-out/>
</testsuite> <!-- testcases.QA.userProfile.E2E03_Verify_User_able_to_Update_Mailing_Address_Permanent_Address -->
