<?xml version="1.0" encoding="UTF-8"?>
<!-- Generated by org.testng.reporters.JUnitReportReporter -->
<testsuite hostname="Prabhukrishnan" name="testcases.CIB.Dashboard.TC10_CIB_Dashboard_ViewAll_Link_Navigate_to_OperativeAccount" tests="1" failures="0" timestamp="17 Nov 2020 20:18:18 GMT" time="62.038" errors="0">
  <testcase name="CIB_URL_Navigation" time="62.038" classname="testcases.CIB.Dashboard.TC10_CIB_Dashboard_ViewAll_Link_Navigate_to_OperativeAccount"/>
</testsuite> <!-- testcases.CIB.Dashboard.TC10_CIB_Dashboard_ViewAll_Link_Navigate_to_OperativeAccount -->
