<?xml version="1.0" encoding="UTF-8"?>
<!-- Generated by org.testng.reporters.JUnitReportReporter -->
<testsuite skipped="0" hostname="vairamuthu" name="testcases.HappyPath.CIBPreLoginHappyPath" tests="1" failures="0" timestamp="18 Mar 2019 07:05:46 GMT" time="105.551" errors="0">
  <testcase name="CIBPreLoginHappyPathFlow" time="105.551" classname="testcases.HappyPath.CIBPreLoginHappyPath"/>
</testsuite> <!-- testcases.HappyPath.CIBPreLoginHappyPath -->
