<?xml version="1.0" encoding="UTF-8"?>
<!-- Generated by org.testng.reporters.JUnitReportReporter -->
<testsuite hostname="Prabhukrishnan" name="testcases.CIB.BeneficiaryManagement.TC56_Checker_CreateBeneficiary_ManageWorkflow_Reject_Complete" tests="1" failures="0" timestamp="20 Nov 2020 07:38:34 GMT" time="50.156" errors="0">
  <testcase name="CIB_URL_Navigation" time="50.156" classname="testcases.CIB.BeneficiaryManagement.TC56_Checker_CreateBeneficiary_ManageWorkflow_Reject_Complete"/>
</testsuite> <!-- testcases.CIB.BeneficiaryManagement.TC56_Checker_CreateBeneficiary_ManageWorkflow_Reject_Complete -->
