<?xml version="1.0" encoding="UTF-8"?>
<!-- Generated by org.testng.reporters.JUnitReportReporter -->
<testsuite skipped="0" hostname="DESKTOP-S2KSJTH" name="testcases.registration.prdcard_448.TC05_Verify_if_OTP_Field_is_present" tests="1" failures="0" timestamp="2021-03-02T17:23:28 IST" time="40.721" errors="0">
  <testcase name="verifyAuthScreen" time="40.721" classname="testcases.registration.prdcard_448.TC05_Verify_if_OTP_Field_is_present"/>
  <system-out/>
</testsuite> <!-- testcases.registration.prdcard_448.TC05_Verify_if_OTP_Field_is_present -->
