<?xml version="1.0" encoding="UTF-8"?>
<!-- Generated by org.testng.reporters.JUnitReportReporter -->
<testsuite hostname="Prabhukrishnan" name="testcases.CIB.Transfers.TC33_Maker_Select_Date_DatePicker_For_Domestic" tests="1" failures="0" timestamp="19 Nov 2020 13:57:15 GMT" time="80.261" errors="0">
  <testcase name="createBillPayment" time="80.261" classname="testcases.CIB.Transfers.TC33_Maker_Select_Date_DatePicker_For_Domestic"/>
</testsuite> <!-- testcases.CIB.Transfers.TC33_Maker_Select_Date_DatePicker_For_Domestic -->
