<?xml version="1.0" encoding="UTF-8"?>
<!-- Generated by org.testng.reporters.JUnitReportReporter -->
<testsuite skipped="0" hostname="DESKTOP-S2KSJTH" name="testcases.QA.transfers.managePayees.E2E14_Verify_User_able_to_Select_Bank_and_Branch_for_Local" tests="1" failures="0" timestamp="2021-04-16T19:13:38 IST" time="102.271" errors="0">
  <testcase name="verifyAuthScreen" time="102.271" classname="testcases.QA.transfers.managePayees.E2E14_Verify_User_able_to_Select_Bank_and_Branch_for_Local"/>
  <system-out/>
</testsuite> <!-- testcases.QA.transfers.managePayees.E2E14_Verify_User_able_to_Select_Bank_and_Branch_for_Local -->
