<?xml version="1.0" encoding="UTF-8"?>
<!-- Generated by org.testng.reporters.JUnitReportReporter -->
<testsuite hostname="Prabhukrishnan" name="testcases.CIB.Dashboard.TC06_CIB_Dashboard_OperativeAccount_Loading_WhenChooseCompany" tests="1" failures="0" timestamp="17 Nov 2020 19:30:33 GMT" time="48.598" errors="0">
  <testcase name="CIB_URL_Navigation" time="48.598" classname="testcases.CIB.Dashboard.TC06_CIB_Dashboard_OperativeAccount_Loading_WhenChooseCompany"/>
</testsuite> <!-- testcases.CIB.Dashboard.TC06_CIB_Dashboard_OperativeAccount_Loading_WhenChooseCompany -->
