<?xml version="1.0" encoding="UTF-8"?>
<!-- Generated by org.testng.reporters.JUnitReportReporter -->
<testsuite skipped="0" hostname="DESKTOP-S2KSJTH" name="testcases.QA.prelogin.E2E07_Verify_User_able_to_view_Take_me_Directly" tests="1" failures="0" timestamp="2021-04-15T12:34:54 IST" time="13.789" errors="0">
  <testcase name="verifyAuthScreen" time="13.789" classname="testcases.QA.prelogin.E2E07_Verify_User_able_to_view_Take_me_Directly"/>
  <system-out/>
</testsuite> <!-- testcases.QA.prelogin.E2E07_Verify_User_able_to_view_Take_me_Directly -->
