<?xml version="1.0" encoding="UTF-8"?>
<!-- Generated by org.testng.reporters.JUnitReportReporter -->
<testsuite skipped="0" hostname="DESKTOP-S2KSJTH" name="testcases.admin.login.E2E01_Verify_User_able_to_Login_into_MRB_Admin_Successfully_with_Valid_Credentials" tests="1" failures="0" timestamp="2021-03-19T19:21:32 IST" time="18.574" errors="0">
  <testcase name="verifyAuthScreen" time="18.574" classname="testcases.admin.login.E2E01_Verify_User_able_to_Login_into_MRB_Admin_Successfully_with_Valid_Credentials"/>
  <system-out/>
</testsuite> <!-- testcases.admin.login.E2E01_Verify_User_able_to_Login_into_MRB_Admin_Successfully_with_Valid_Credentials -->
