<?xml version="1.0" encoding="UTF-8"?>
<!-- Generated by org.testng.reporters.JUnitReportReporter -->
<testsuite skipped="0" hostname="DESKTOP-S2KSJTH" name="testcases.registration.prdcard_448.TC07_Verify_User_Able_To_Enter" tests="1" failures="0" timestamp="2021-03-02T17:26:22 IST" time="49.833" errors="0">
  <testcase name="verifyAuthScreen" time="49.833" classname="testcases.registration.prdcard_448.TC07_Verify_User_Able_To_Enter"/>
  <system-out/>
</testsuite> <!-- testcases.registration.prdcard_448.TC07_Verify_User_Able_To_Enter -->
