<?xml version="1.0" encoding="UTF-8"?>
<!-- Generated by org.testng.reporters.JUnitReportReporter -->
<testsuite hostname="Prabhukrishnan" name="testcases.CIB.Transfers.TC13_Enter_Payment_Amount" tests="1" failures="0" timestamp="19 Nov 2020 13:57:16 GMT" time="105.123" errors="0">
  <testcase name="createBillPayment" time="105.123" classname="testcases.CIB.Transfers.TC13_Enter_Payment_Amount"/>
</testsuite> <!-- testcases.CIB.Transfers.TC13_Enter_Payment_Amount -->
