<?xml version="1.0" encoding="UTF-8"?>
<!-- Generated by org.testng.reporters.JUnitReportReporter -->
<testsuite skipped="0" hostname="DESKTOP-S2KSJTH" name="testcases.QA.settings.E2E02_Verify_User_able_to_Add_or_Link_Accounts_Using_Debit_Card_Details" tests="1" failures="0" timestamp="2021-04-09T14:04:52 IST" time="84.476" errors="0">
  <testcase name="verifyAuthScreen" time="84.476" classname="testcases.QA.settings.E2E02_Verify_User_able_to_Add_or_Link_Accounts_Using_Debit_Card_Details"/>
  <system-out/>
</testsuite> <!-- testcases.QA.settings.E2E02_Verify_User_able_to_Add_or_Link_Accounts_Using_Debit_Card_Details -->
