<?xml version="1.0" encoding="UTF-8"?>
<!-- Generated by org.testng.reporters.JUnitReportReporter -->
<testsuite skipped="0" hostname="DESKTOP-S2KSJTH" name="testcases.QA.prelogin.E2E06_Verify_User_able_to_click_Contact_Us" tests="1" failures="0" timestamp="2021-04-15T12:34:25 IST" time="11.990" errors="0">
  <testcase name="verifyAuthScreen" time="11.990" classname="testcases.QA.prelogin.E2E06_Verify_User_able_to_click_Contact_Us"/>
  <system-out/>
</testsuite> <!-- testcases.QA.prelogin.E2E06_Verify_User_able_to_click_Contact_Us -->
