<?xml version="1.0" encoding="UTF-8"?>
<!-- Generated by org.testng.reporters.JUnitReportReporter -->
<testsuite skipped="0" hostname="DESKTOP-S2KSJTH" name="testcases.QA.accounts.deposit.E2E05_Verify_User_able_to_view_Deposit_Accounts_Statement" tests="1" failures="0" timestamp="2021-04-21T21:11:40 IST" time="108.775" errors="0">
  <testcase name="verifyAuthScreen" time="108.775" classname="testcases.QA.accounts.deposit.E2E05_Verify_User_able_to_view_Deposit_Accounts_Statement"/>
  <system-out/>
</testsuite> <!-- testcases.QA.accounts.deposit.E2E05_Verify_User_able_to_view_Deposit_Accounts_Statement -->
