<?xml version="1.0" encoding="UTF-8"?>
<!-- Generated by org.testng.reporters.JUnitReportReporter -->
<testsuite skipped="0" hostname="DESKTOP-S2KSJTH" name="testcases.QA.prelogin.E2E04_Verify_User_able_to_click_View_Demo" tests="1" failures="0" timestamp="2021-04-15T12:01:33 IST" time="39.617" errors="0">
  <testcase name="verifyAuthScreen" time="39.617" classname="testcases.QA.prelogin.E2E04_Verify_User_able_to_click_View_Demo"/>
  <system-out/>
</testsuite> <!-- testcases.QA.prelogin.E2E04_Verify_User_able_to_click_View_Demo -->
