<?xml version="1.0" encoding="UTF-8"?>
<!-- Generated by org.testng.reporters.JUnitReportReporter -->
<testsuite skipped="0" hostname="vairamuthu" name="ZephyrandZapicalls.CreateCycle3" tests="1" failures="0" timestamp="18 Mar 2019 11:00:25 GMT" time="0.354" errors="0">
  <testcase name="CreateCycle" time="0.354" classname="ZephyrandZapicalls.CreateCycle3"/>
</testsuite> <!-- ZephyrandZapicalls.CreateCycle3 -->
