<?xml version="1.0" encoding="UTF-8"?>
<!-- Generated by org.testng.reporters.JUnitReportReporter -->
<testsuite skipped="0" hostname="DESKTOP-S2KSJTH" name="testcases.ib.accounts.loans.E2E01_Verify_User_able_to_view_Loan_Accounts_Overview" tests="1" failures="0" timestamp="2021-04-22T14:36:03 IST" time="75.264" errors="0">
  <testcase name="verifyAuthScreen" time="75.264" classname="testcases.ib.accounts.loans.E2E01_Verify_User_able_to_view_Loan_Accounts_Overview"/>
  <system-out/>
</testsuite> <!-- testcases.ib.accounts.loans.E2E01_Verify_User_able_to_view_Loan_Accounts_Overview -->
