<?xml version="1.0" encoding="UTF-8"?>
<!-- Generated by org.testng.reporters.JUnitReportReporter -->
<testsuite hostname="Prabhukrishnan" name="testcases.CIB.PreLogin_Login.TC54_CIB_Maker_Logout_Application" tests="1" failures="0" timestamp="19 Nov 2020 20:05:21 GMT" time="52.902" errors="0">
  <testcase name="CIB_Logout" time="52.902" classname="testcases.CIB.PreLogin_Login.TC54_CIB_Maker_Logout_Application"/>
</testsuite> <!-- testcases.CIB.PreLogin_Login.TC54_CIB_Maker_Logout_Application -->
