<?xml version="1.0" encoding="UTF-8"?>
<!-- Generated by org.testng.reporters.JUnitReportReporter -->
<testsuite hostname="Prabhukrishnan" name="testcases.CIB.Transfers.TC78_Maker_View_Domestic_Transfer_in_Manage_List" tests="1" failures="0" timestamp="19 Nov 2020 19:21:53 GMT" time="309.155" errors="0">
  <testcase name="makerManageListSearch" time="309.155" classname="testcases.CIB.Transfers.TC78_Maker_View_Domestic_Transfer_in_Manage_List"/>
</testsuite> <!-- testcases.CIB.Transfers.TC78_Maker_View_Domestic_Transfer_in_Manage_List -->
