<?xml version="1.0" encoding="UTF-8"?>
<!-- Generated by org.testng.reporters.JUnitReportReporter -->
<testsuite hostname="Prabhukrishnan" name="testcases.CIB.Dashboard.TC02_CIB_Dashboard_Verify_GroupId_Groupname" tests="1" failures="0" timestamp="17 Nov 2020 19:16:33 GMT" time="35.547" errors="0">
  <testcase name="CIB_URL_Navigation" time="35.547" classname="testcases.CIB.Dashboard.TC02_CIB_Dashboard_Verify_GroupId_Groupname"/>
</testsuite> <!-- testcases.CIB.Dashboard.TC02_CIB_Dashboard_Verify_GroupId_Groupname -->
