<?xml version="1.0" encoding="UTF-8"?>
<!-- Generated by org.testng.reporters.JUnitReportReporter -->
<testsuite skipped="0" hostname="DESKTOP-S2KSJTH" name="testcases.registration.prdcard_452.E2E02_Verify_User_able_to_View_Password_and_Confirm_Password_Only_after_entering_Valid_UserName" tests="1" failures="0" timestamp="2021-03-04T16:33:31 IST" time="52.224" errors="0">
  <testcase name="verifyAuthScreen" time="52.224" classname="testcases.registration.prdcard_452.E2E02_Verify_User_able_to_View_Password_and_Confirm_Password_Only_after_entering_Valid_UserName"/>
  <system-out/>
</testsuite> <!-- testcases.registration.prdcard_452.E2E02_Verify_User_able_to_View_Password_and_Confirm_Password_Only_after_entering_Valid_UserName -->
