<?xml version="1.0" encoding="UTF-8"?>
<!-- Generated by org.testng.reporters.JUnitReportReporter -->
<testsuite skipped="0" hostname="DESKTOP-S2KSJTH" name="testcases.ib.accounts.loans.E2E09_Verify_User_able_to_Edit_Loan_Account_Nickname" tests="1" failures="0" timestamp="2021-04-22T21:11:20 IST" time="89.161" errors="0">
  <testcase name="verifyAuthScreen" time="89.161" classname="testcases.ib.accounts.loans.E2E09_Verify_User_able_to_Edit_Loan_Account_Nickname"/>
  <system-out/>
</testsuite> <!-- testcases.ib.accounts.loans.E2E09_Verify_User_able_to_Edit_Loan_Account_Nickname -->
