<?xml version="1.0" encoding="UTF-8"?>
<!-- Generated by org.testng.reporters.JUnitReportReporter -->
<testsuite skipped="0" hostname="vairamuthu" name="lib.rest.GetAllKeys" tests="1" failures="0" timestamp="19 Mar 2019 09:40:06 GMT" time="36.441" errors="0">
  <testcase name="getAllRequests" time="36.441" classname="lib.rest.GetAllKeys"/>
</testsuite> <!-- lib.rest.GetAllKeys -->
