<?xml version="1.0" encoding="UTF-8"?>
<!-- Generated by org.testng.reporters.JUnitReportReporter -->
<testsuite hostname="Prabhukrishnan" name="testcases.CIB.PreLogin_Login.TC06_CIB_ForgotPassword_InvalidInput_Check" tests="1" failures="0" timestamp="19 Nov 2020 20:05:21 GMT" time="26.450" errors="0">
  <testcase name="CIB_ForgotPassword_InvalidInput_Check" time="26.450" classname="testcases.CIB.PreLogin_Login.TC06_CIB_ForgotPassword_InvalidInput_Check"/>
</testsuite> <!-- testcases.CIB.PreLogin_Login.TC06_CIB_ForgotPassword_InvalidInput_Check -->
