<?xml version="1.0" encoding="UTF-8"?>
<!-- Generated by org.testng.reporters.JUnitReportReporter -->
<testsuite skipped="0" hostname="DESKTOP-S2KSJTH" name="testcases.login.mrb.E2E01_Verify_User_able_to_login_into_apllication_successfully_with_Valid_Credentials" tests="1" failures="0" timestamp="2021-03-11T17:23:06 IST" time="52.263" errors="0">
  <testcase name="verifyAuthScreen" time="52.263" classname="testcases.login.mrb.E2E01_Verify_User_able_to_login_into_apllication_successfully_with_Valid_Credentials"/>
  <system-out/>
</testsuite> <!-- testcases.login.mrb.E2E01_Verify_User_able_to_login_into_apllication_successfully_with_Valid_Credentials -->
