<?xml version="1.0" encoding="UTF-8"?>
<!-- Generated by org.testng.reporters.JUnitReportReporter -->
<testsuite skipped="0" hostname="vairamuthu" name="testcases.DBP16147" tests="1" failures="0" timestamp="19 Mar 2019 06:46:36 GMT" time="123.172" errors="0">
  <testcase name="CheckerRejectionFlow" time="123.172" classname="testcases.DBP16147"/>
</testsuite> <!-- testcases.DBP16147 -->
