<?xml version="1.0" encoding="UTF-8"?>
<!-- Generated by org.testng.reporters.JUnitReportReporter -->
<testsuite skipped="0" hostname="DESKTOP-S2KSJTH" name="testcases.registration.prdcard_454.E2E07_Verify_User_able_to_View_Proper_Error_Msg_for_Empty_DOB" tests="1" failures="0" timestamp="2021-03-04T18:04:32 IST" time="27.087" errors="0">
  <testcase name="verifyAuthScreen" time="27.087" classname="testcases.registration.prdcard_454.E2E07_Verify_User_able_to_View_Proper_Error_Msg_for_Empty_DOB"/>
  <system-out/>
</testsuite> <!-- testcases.registration.prdcard_454.E2E07_Verify_User_able_to_View_Proper_Error_Msg_for_Empty_DOB -->
