<?xml version="1.0" encoding="UTF-8"?>
<!-- Generated by org.testng.reporters.JUnitReportReporter -->
<testsuite skipped="0" hostname="vairamuthu" name="testcases.DBP16173" tests="1" failures="0" timestamp="22 Mar 2019 11:47:02 GMT" time="116.710" errors="0">
  <testcase name="ValidateErrormessageandCreateNonFinancialmatrix" time="116.710" classname="testcases.DBP16173"/>
</testsuite> <!-- testcases.DBP16173 -->
