<?xml version="1.0" encoding="UTF-8"?>
<!-- Generated by org.testng.reporters.JUnitReportReporter -->
<testsuite skipped="0" hostname="vairamuthu" name="testcases.DBP15980" tests="1" failures="0" timestamp="08 Mar 2019 09:39:13 GMT" time="173.985" errors="0">
  <testcase name="CreateApproveBeneficiary" time="173.985" classname="testcases.DBP15980"/>
</testsuite> <!-- testcases.DBP15980 -->
