<?xml version="1.0" encoding="UTF-8"?>
<!-- Generated by org.testng.reporters.JUnitReportReporter -->
<testsuite skipped="0" hostname="DESKTOP-S2KSJTH" name="testcases.QA.cards.E2E05_Verify_User_able_to_view_Credit_Cards_Statement" tests="1" failures="0" timestamp="2021-04-19T17:34:38 IST" time="64.666" errors="0">
  <testcase name="verifyAuthScreen" time="64.666" classname="testcases.QA.cards.E2E05_Verify_User_able_to_view_Credit_Cards_Statement"/>
  <system-out/>
</testsuite> <!-- testcases.QA.cards.E2E05_Verify_User_able_to_view_Credit_Cards_Statement -->
