<?xml version="1.0" encoding="UTF-8"?>
<!-- Generated by org.testng.reporters.JUnitReportReporter -->
<testsuite hostname="Prabhukrishnan" name="testcases.CIB.Dashboard.TC13_CIB_Dashboard_Financial_Fliter_by_Date" tests="1" failures="0" timestamp="20 Nov 2020 14:30:14 GMT" time="121.850" errors="0">
  <testcase name="CIB_URL_Navigation" time="121.850" classname="testcases.CIB.Dashboard.TC13_CIB_Dashboard_Financial_Fliter_by_Date"/>
</testsuite> <!-- testcases.CIB.Dashboard.TC13_CIB_Dashboard_Financial_Fliter_by_Date -->
