<?xml version="1.0" encoding="UTF-8"?>
<!-- Generated by org.testng.reporters.JUnitReportReporter -->
<testsuite skipped="0" hostname="DESKTOP-S2KSJTH" name="testcases.DEMO.admin.customerManagement.E2E02_Verify_User_able_to_Activate_and_Approve_User_Successfully_in_Admin" tests="2" failures="0" timestamp="2021-04-19T13:24:44 IST" time="118.167" errors="0">
  <testcase name="verifyActivateScreen" time="61.728" classname="testcases.DEMO.admin.customerManagement.E2E02_Verify_User_able_to_Activate_and_Approve_User_Successfully_in_Admin"/>
  <system-out/>
  <testcase name="verifyActivateApproveScreen" time="56.439" classname="testcases.DEMO.admin.customerManagement.E2E02_Verify_User_able_to_Activate_and_Approve_User_Successfully_in_Admin"/>
  <system-out/>
</testsuite> <!-- testcases.DEMO.admin.customerManagement.E2E02_Verify_User_able_to_Activate_and_Approve_User_Successfully_in_Admin -->
