<?xml version="1.0" encoding="UTF-8"?>
<!-- Generated by org.testng.reporters.JUnitReportReporter -->
<testsuite hostname="Prabhukrishnan" name="testcases.CIB.BeneficiaryManagement.TC41_Maker_CreateBenneficiary_ReviewPage" tests="1" failures="0" timestamp="20 Nov 2020 07:38:34 GMT" time="58.064" errors="0">
  <testcase name="CIB_URL_Navigation" time="58.064" classname="testcases.CIB.BeneficiaryManagement.TC41_Maker_CreateBenneficiary_ReviewPage"/>
</testsuite> <!-- testcases.CIB.BeneficiaryManagement.TC41_Maker_CreateBenneficiary_ReviewPage -->
