<?xml version="1.0" encoding="UTF-8"?>
<!-- Generated by org.testng.reporters.JUnitReportReporter -->
<testsuite skipped="0" hostname="DESKTOP-S2KSJTH" name="testcases.QA.login.E2E01_Verify_User_able_to_Login_into_MRB_with_Valid_Credentials_Using_SMS_OTP" tests="1" failures="0" timestamp="2021-04-08T18:08:59 IST" time="47.119" errors="0">
  <testcase name="verifyAuthScreen" time="47.119" classname="testcases.QA.login.E2E01_Verify_User_able_to_Login_into_MRB_with_Valid_Credentials_Using_SMS_OTP"/>
  <system-out/>
</testsuite> <!-- testcases.QA.login.E2E01_Verify_User_able_to_Login_into_MRB_with_Valid_Credentials_Using_SMS_OTP -->
