<?xml version="1.0" encoding="UTF-8"?>
<!-- Generated by org.testng.reporters.JUnitReportReporter -->
<testsuite skipped="0" hostname="DESKTOP-S2KSJTH" name="testcases.QA.prelogin.E2E10_Verify_User_able_to_View_Locate_Us_Branch" tests="1" failures="0" timestamp="2021-04-15T12:47:29 IST" time="23.183" errors="0">
  <testcase name="verifyAuthScreen" time="23.183" classname="testcases.QA.prelogin.E2E10_Verify_User_able_to_View_Locate_Us_Branch"/>
  <system-out/>
</testsuite> <!-- testcases.QA.prelogin.E2E10_Verify_User_able_to_View_Locate_Us_Branch -->
