<?xml version="1.0" encoding="UTF-8"?>
<!-- Generated by org.testng.reporters.JUnitReportReporter -->
<testsuite hostname="Prabhukrishnan" name="testcases.CIB.Transfers.TC68_Maker_Enter_Payment_Info_For_International" tests="1" failures="0" timestamp="19 Nov 2020 13:57:15 GMT" time="136.942" errors="0">
  <testcase name="createBillPayment" time="136.942" classname="testcases.CIB.Transfers.TC68_Maker_Enter_Payment_Info_For_International"/>
</testsuite> <!-- testcases.CIB.Transfers.TC68_Maker_Enter_Payment_Info_For_International -->
