<?xml version="1.0" encoding="UTF-8"?>
<!-- Generated by org.testng.reporters.JUnitReportReporter -->
<testsuite skipped="0" hostname="DESKTOP-S2KSJTH" name="testcases.registration.prdcard_446.TC04_Verify_Back_Button_is_properly_aligned_in_Card_Details_Page" tests="1" failures="0" timestamp="2021-03-02T15:20:26 IST" time="29.636" errors="0">
  <testcase name="verifyCCScreen" time="29.636" classname="testcases.registration.prdcard_446.TC04_Verify_Back_Button_is_properly_aligned_in_Card_Details_Page"/>
  <system-out/>
</testsuite> <!-- testcases.registration.prdcard_446.TC04_Verify_Back_Button_is_properly_aligned_in_Card_Details_Page -->
