<?xml version="1.0" encoding="UTF-8"?>
<!-- Generated by org.testng.reporters.JUnitReportReporter -->
<testsuite skipped="0" hostname="DESKTOP-S2KSJTH" name="testcases.login.prdcard_225.E2E01_Verify_User_able_to_enter_Credit_Card_details_in_Forgot_Password_flow" tests="1" failures="0" timestamp="2021-03-05T16:09:22 IST" time="45.077" errors="0">
  <testcase name="verifyAuthScreen" time="45.077" classname="testcases.login.prdcard_225.E2E01_Verify_User_able_to_enter_Credit_Card_details_in_Forgot_Password_flow"/>
  <system-out/>
</testsuite> <!-- testcases.login.prdcard_225.E2E01_Verify_User_able_to_enter_Credit_Card_details_in_Forgot_Password_flow -->
