<?xml version="1.0" encoding="UTF-8"?>
<!-- Generated by org.testng.reporters.JUnitReportReporter -->
<testsuite skipped="0" hostname="vairamuthu" name="testcases.DBP16064" tests="1" failures="0" timestamp="22 Feb 2019 09:24:18 GMT" time="36.489" errors="0">
  <testcase name="SearchFinancialMatrixbyMaker" time="36.489" classname="testcases.DBP16064"/>
</testsuite> <!-- testcases.DBP16064 -->
