<?xml version="1.0" encoding="UTF-8"?>
<!-- Generated by org.testng.reporters.JUnitReportReporter -->
<testsuite hostname="Prabhukrishnan" name="testcases.CIB.PreLogin_Login.TC57_CIB_Verify_Logout_Popup_Message" tests="1" failures="0" timestamp="19 Nov 2020 20:05:21 GMT" time="55.321" errors="0">
  <testcase name="CIB_Logout_Popup" time="55.321" classname="testcases.CIB.PreLogin_Login.TC57_CIB_Verify_Logout_Popup_Message"/>
</testsuite> <!-- testcases.CIB.PreLogin_Login.TC57_CIB_Verify_Logout_Popup_Message -->
