<?xml version="1.0" encoding="UTF-8"?>
<!-- Generated by org.testng.reporters.JUnitReportReporter -->
<testsuite hostname="Prabhukrishnan" name="testcases.CIB.Transfers.TC93_Maker_Enter_Payment_Amount_For_International" tests="1" failures="0" timestamp="19 Nov 2020 19:21:53 GMT" time="150.037" errors="0">
  <testcase name="createBillPayment" time="150.037" classname="testcases.CIB.Transfers.TC93_Maker_Enter_Payment_Amount_For_International"/>
</testsuite> <!-- testcases.CIB.Transfers.TC93_Maker_Enter_Payment_Amount_For_International -->
