<?xml version="1.0" encoding="UTF-8"?>
<!-- Generated by org.testng.reporters.JUnitReportReporter -->
<testsuite skipped="0" hostname="DESKTOP-S2KSJTH" name="testcases.registration.prdcard_442.TC06_Verify_Selected_Date_for_DOB_is_Correctly_Displayed" tests="1" failures="0" timestamp="2021-03-02T13:27:42 IST" time="29.088" errors="0">
  <testcase name="verifyCCScreen" time="29.088" classname="testcases.registration.prdcard_442.TC06_Verify_Selected_Date_for_DOB_is_Correctly_Displayed"/>
  <system-out/>
</testsuite> <!-- testcases.registration.prdcard_442.TC06_Verify_Selected_Date_for_DOB_is_Correctly_Displayed -->
