<?xml version="1.0" encoding="UTF-8"?>
<!-- Generated by org.testng.reporters.JUnitReportReporter -->
<testsuite hostname="Prabhukrishnan" name="testcases.DBP15548" tests="2" failures="0" timestamp="16 Jul 2020 15:02:06 GMT" time="269.896" errors="0">
  <testcase name="login" time="204.261" classname="testcases.DBP15548"/>
  <testcase name="approval" time="65.635" classname="testcases.DBP15548"/>
</testsuite> <!-- testcases.DBP15548 -->
