<?xml version="1.0" encoding="UTF-8"?>
<!-- Generated by org.testng.reporters.JUnitReportReporter -->
<testsuite skipped="0" hostname="vairamuthu" name="testcases.DBP15552" tests="2" failures="0" timestamp="20 Feb 2019 11:09:58 GMT" time="137.783" errors="0">
  <testcase name="login" time="90.081" classname="testcases.DBP15552"/>
  <testcase name="approval" time="47.702" classname="testcases.DBP15552"/>
</testsuite> <!-- testcases.DBP15552 -->
