<?xml version="1.0" encoding="UTF-8"?>
<!-- Generated by org.testng.reporters.JUnitReportReporter -->
<testsuite skipped="0" hostname="DESKTOP-S2KSJTH" name="testcases.QA.settings.E2E03_Verify_User_able_to_Enable_PreLogin_Balance" tests="1" failures="0" timestamp="2021-04-09T14:32:37 IST" time="57.263" errors="0">
  <testcase name="verifyAuthScreen" time="57.263" classname="testcases.QA.settings.E2E03_Verify_User_able_to_Enable_PreLogin_Balance"/>
  <system-out/>
</testsuite> <!-- testcases.QA.settings.E2E03_Verify_User_able_to_Enable_PreLogin_Balance -->
