<?xml version="1.0" encoding="UTF-8"?>
<!-- Generated by org.testng.reporters.JUnitReportReporter -->
<testsuite hostname="Prabhukrishnan" name="testcases.settings.PRDCARD437.TC01_Disable_Prelogin_Balance" tests="1" failures="0" timestamp="18 Feb 2021 11:21:12 GMT" time="0.681" errors="1">
  <testcase name="disablePreloginBalance" time="0.681" classname="testcases.settings.PRDCARD437.TC01_Disable_Prelogin_Balance">
    <error type="org.testng.TestNGException" message="
The data provider is trying to pass 3 parameters but the method testcases.settings.PRDCARD437.TC01_Disable_Prelogin_Balance#disablePreloginBalance takes 0">
      <![CDATA[org.testng.TestNGException: 
The data provider is trying to pass 3 parameters but the method testcases.settings.PRDCARD437.TC01_Disable_Prelogin_Balance#disablePreloginBalance takes 0
	at org.testng.internal.Invoker.injectParameters(Invoker.java:1257)
	at org.testng.internal.Invoker.invokeTestMethods(Invoker.java:1151)
	at org.testng.internal.TestMethodWorker.invokeTestMethods(TestMethodWorker.java:124)
	at org.testng.internal.TestMethodWorker.run(TestMethodWorker.java:108)
	at org.testng.TestRunner.privateRun(TestRunner.java:771)
	at org.testng.TestRunner.run(TestRunner.java:621)
	at org.testng.SuiteRunner.runTest(SuiteRunner.java:357)
	at org.testng.SuiteRunner.runSequentially(SuiteRunner.java:352)
	at org.testng.SuiteRunner.privateRun(SuiteRunner.java:310)
	at org.testng.SuiteRunner.run(SuiteRunner.java:259)
	at org.testng.SuiteRunnerWorker.runSuite(SuiteRunnerWorker.java:52)
	at org.testng.SuiteRunnerWorker.run(SuiteRunnerWorker.java:86)
	at org.testng.TestNG.runSuitesSequentially(TestNG.java:1200)
	at org.testng.TestNG.runSuitesLocally(TestNG.java:1125)
	at org.testng.TestNG.run(TestNG.java:1033)
	at org.testng.remote.RemoteTestNG.run(RemoteTestNG.java:111)
	at org.testng.remote.RemoteTestNG.initAndRun(RemoteTestNG.java:204)
	at org.testng.remote.RemoteTestNG.main(RemoteTestNG.java:175)
]]>
    </error>
  </testcase> <!-- disablePreloginBalance -->
</testsuite> <!-- testcases.settings.PRDCARD437.TC01_Disable_Prelogin_Balance -->
