<?xml version="1.0" encoding="UTF-8"?>
<!-- Generated by org.testng.reporters.JUnitReportReporter -->
<testsuite hostname="Prabhukrishnan" name="testcases.DBP15546Part2Checker" tests="1" failures="0" timestamp="16 Jul 2020 14:18:35 GMT" time="37.951" errors="0">
  <testcase name="Checker" time="37.951" classname="testcases.DBP15546Part2Checker"/>
</testsuite> <!-- testcases.DBP15546Part2Checker -->
