<?xml version="1.0" encoding="UTF-8"?>
<!-- Generated by org.testng.reporters.JUnitReportReporter -->
<testsuite skipped="0" hostname="vairamuthu" name="testcases.DBP16007" tests="1" failures="0" timestamp="07 Mar 2019 11:28:46 GMT" time="185.402" errors="0">
  <testcase name="MakerDeleteRepairBeneficiaryInManageWorkFlow" time="185.402" classname="testcases.DBP16007"/>
</testsuite> <!-- testcases.DBP16007 -->
