<?xml version="1.0" encoding="UTF-8"?>
<!-- Generated by org.testng.reporters.JUnitReportReporter -->
<testsuite hostname="Prabhukrishnan" name="testcases.CIB.Transfers.TC02_Maker_Click_Single_Payment" tests="1" failures="0" timestamp="19 Nov 2020 13:57:15 GMT" time="59.636" errors="0">
  <testcase name="createBillPayment" time="59.636" classname="testcases.CIB.Transfers.TC02_Maker_Click_Single_Payment"/>
</testsuite> <!-- testcases.CIB.Transfers.TC02_Maker_Click_Single_Payment -->
