<?xml version="1.0" encoding="UTF-8"?>
<!-- Generated by org.testng.reporters.JUnitReportReporter -->
<testsuite skipped="0" hostname="DESKTOP-S2KSJTH" name="testcases.ib.accounts.loans.E2E07_Verify_User_able_to_Email_Loan_Account_Statement" tests="1" failures="0" timestamp="2021-04-22T15:04:49 IST" time="77.755" errors="0">
  <testcase name="verifyAuthScreen" time="77.755" classname="testcases.ib.accounts.loans.E2E07_Verify_User_able_to_Email_Loan_Account_Statement"/>
  <system-out/>
</testsuite> <!-- testcases.ib.accounts.loans.E2E07_Verify_User_able_to_Email_Loan_Account_Statement -->
