<?xml version="1.0" encoding="UTF-8"?>
<!-- Generated by org.testng.reporters.JUnitReportReporter -->
<testsuite skipped="1" hostname="vairamuthu" name="testcases.DBP16045" tests="2" failures="0" timestamp="22 Feb 2019 10:07:54 GMT" time="156.310" errors="0">
  <testcase name="DBP16045Maker" time="156.310" classname="testcases.DBP16045"/>
  <testcase name="DBP16045CheckerApproval" classname="testcases.DBP16045">
    <skipped/>
  </testcase> <!-- DBP16045CheckerApproval -->
</testsuite> <!-- testcases.DBP16045 -->
