<?xml version="1.0" encoding="UTF-8"?>
<!-- Generated by org.testng.reporters.JUnitReportReporter -->
<testsuite skipped="0" hostname="DESKTOP-S2KSJTH" name="testcases.login.prdcard_241.E2E04_Verify_User_able_to_View_Eye_icon_on_Login_Password_field_only_after_entering_atleast_one_char" tests="1" failures="0" timestamp="2021-03-08T12:29:33 IST" time="29.684" errors="0">
  <testcase name="verifyAuthScreen" time="29.684" classname="testcases.login.prdcard_241.E2E04_Verify_User_able_to_View_Eye_icon_on_Login_Password_field_only_after_entering_atleast_one_char"/>
  <system-out/>
</testsuite> <!-- testcases.login.prdcard_241.E2E04_Verify_User_able_to_View_Eye_icon_on_Login_Password_field_only_after_entering_atleast_one_char -->
