<?xml version="1.0" encoding="UTF-8"?>
<!-- Generated by org.testng.reporters.JUnitReportReporter -->
<testsuite skipped="0" hostname="DESKTOP-S2KSJTH" name="testcases.DEMO.admin.customerManagement.E2E01_Verify_User_able_to_Suspend_and_Approve_User_Successfully_in_Admin" tests="2" failures="0" timestamp="2021-04-19T13:24:44 IST" time="125.994" errors="0">
  <testcase name="verifySuspendScreen" time="68.665" classname="testcases.DEMO.admin.customerManagement.E2E01_Verify_User_able_to_Suspend_and_Approve_User_Successfully_in_Admin"/>
  <system-out/>
  <testcase name="verifySuspendApproveScreen" time="57.329" classname="testcases.DEMO.admin.customerManagement.E2E01_Verify_User_able_to_Suspend_and_Approve_User_Successfully_in_Admin"/>
  <system-out/>
</testsuite> <!-- testcases.DEMO.admin.customerManagement.E2E01_Verify_User_able_to_Suspend_and_Approve_User_Successfully_in_Admin -->
