<?xml version="1.0" encoding="UTF-8"?>
<!-- Generated by org.testng.reporters.JUnitReportReporter -->
<testsuite skipped="0" hostname="DESKTOP-S2KSJTH" name="testcases.registration.prdcard_452.E2E09_Verify_User_Not_able_to_View_Password_while_entering_in_Password_field" tests="1" failures="0" timestamp="2021-03-04T17:00:22 IST" time="53.668" errors="0">
  <testcase name="verifyAuthScreen" time="53.668" classname="testcases.registration.prdcard_452.E2E09_Verify_User_Not_able_to_View_Password_while_entering_in_Password_field"/>
  <system-out/>
</testsuite> <!-- testcases.registration.prdcard_452.E2E09_Verify_User_Not_able_to_View_Password_while_entering_in_Password_field -->
