<?xml version="1.0" encoding="UTF-8"?>
<!-- Generated by org.testng.reporters.JUnitReportReporter -->
<testsuite hostname="Prabhukrishnan" name="testcases.BankAdmin.BillerManagement.TC06_Maker_BillerManagement_ManageRule_CreateRule_Submit_Repaired" tests="1" failures="0" timestamp="27 Aug 2020 19:40:29 GMT" time="34.338" errors="0">
  <testcase name="CreateRuleSubmit" time="34.338" classname="testcases.BankAdmin.BillerManagement.TC06_Maker_BillerManagement_ManageRule_CreateRule_Submit_Repaired"/>
</testsuite> <!-- testcases.BankAdmin.BillerManagement.TC06_Maker_BillerManagement_ManageRule_CreateRule_Submit_Repaired -->
