<?xml version="1.0" encoding="UTF-8"?>
<!-- Generated by org.testng.reporters.JUnitReportReporter -->
<testsuite skipped="0" hostname="DESKTOP-S2KSJTH" name="testcases.QA.registration.E2E01_Verify_User_able_to_Complete_Registration_Process_Using_Account_Details" tests="1" failures="0" timestamp="2021-04-08T15:54:11 IST" time="97.147" errors="0">
  <testcase name="registerUsingAccountType" time="97.147" classname="testcases.QA.registration.E2E01_Verify_User_able_to_Complete_Registration_Process_Using_Account_Details"/>
  <system-out/>
</testsuite> <!-- testcases.QA.registration.E2E01_Verify_User_able_to_Complete_Registration_Process_Using_Account_Details -->
