<?xml version="1.0" encoding="UTF-8"?>
<!-- Generated by org.testng.reporters.JUnitReportReporter -->
<testsuite hostname="Prabhukrishnan" name="testcases.CIB.Transfers.TC106_Checker_Able_To_View_International_Transfer_in_Manage_List" tests="1" failures="0" timestamp="19 Nov 2020 19:21:53 GMT" time="322.685" errors="0">
  <testcase name="checkerManageListSearch" time="322.685" classname="testcases.CIB.Transfers.TC106_Checker_Able_To_View_International_Transfer_in_Manage_List"/>
</testsuite> <!-- testcases.CIB.Transfers.TC106_Checker_Able_To_View_International_Transfer_in_Manage_List -->
