<?xml version="1.0" encoding="UTF-8"?>
<!-- Generated by org.testng.reporters.JUnitReportReporter -->
<testsuite skipped="0" hostname="DESKTOP-S2KSJTH" name="testcases.registration.prdcard_448.TC06_Verify_Text_Editor_Cursor_Appears_on_clicking_into_OTP_field" tests="1" failures="0" timestamp="2021-03-02T17:25:14 IST" time="48.429" errors="0">
  <testcase name="verifyAuthScreen" time="48.429" classname="testcases.registration.prdcard_448.TC06_Verify_Text_Editor_Cursor_Appears_on_clicking_into_OTP_field"/>
  <system-out/>
</testsuite> <!-- testcases.registration.prdcard_448.TC06_Verify_Text_Editor_Cursor_Appears_on_clicking_into_OTP_field -->
