<?xml version="1.0" encoding="UTF-8"?>
<!-- Generated by org.testng.reporters.JUnitReportReporter -->
<testsuite skipped="0" hostname="DESKTOP-S2KSJTH" name="testcases.QA.prelogin.E2E05_Verify_User_able_to_click_TnC" tests="1" failures="0" timestamp="2021-04-15T12:15:12 IST" time="17.047" errors="0">
  <testcase name="verifyAuthScreen" time="17.047" classname="testcases.QA.prelogin.E2E05_Verify_User_able_to_click_TnC"/>
  <system-out/>
</testsuite> <!-- testcases.QA.prelogin.E2E05_Verify_User_able_to_click_TnC -->
