<?xml version="1.0" encoding="UTF-8"?>
<!-- Generated by org.testng.reporters.JUnitReportReporter -->
<testsuite skipped="0" hostname="DESKTOP-S2KSJTH" name="testcases.DEMO.login.E2E03_Verify_User_able_to_verify_Dashboard_Page_in_MRB" tests="1" failures="0" timestamp="2021-04-19T11:42:10 IST" time="49.049" errors="0">
  <testcase name="verifyAuthScreen" time="49.049" classname="testcases.DEMO.login.E2E03_Verify_User_able_to_verify_Dashboard_Page_in_MRB"/>
  <system-out/>
</testsuite> <!-- testcases.DEMO.login.E2E03_Verify_User_able_to_verify_Dashboard_Page_in_MRB -->
