<?xml version="1.0" encoding="UTF-8"?>
<!-- Generated by org.testng.reporters.JUnitReportReporter -->
<testsuite skipped="0" hostname="vairamuthu" name="testcases.DBP15553" tests="2" failures="0" timestamp="20 Feb 2019 11:09:58 GMT" time="145.595" errors="0">
  <testcase name="login" time="82.576" classname="testcases.DBP15553"/>
  <testcase name="approval" time="63.019" classname="testcases.DBP15553"/>
</testsuite> <!-- testcases.DBP15553 -->
