<?xml version="1.0" encoding="UTF-8"?>
<!-- Generated by org.testng.reporters.JUnitReportReporter -->
<testsuite hostname="Prabhukrishnan" name="testcases.CIB.BillPayeeManagement.TC60_Maker_Edit_Payee_Payee_List_Edit" tests="1" failures="0" timestamp="21 Sep 2020 21:01:48 GMT" time="435.290" errors="0">
  <testcase name="editPayeeListAction" time="435.290" classname="testcases.CIB.BillPayeeManagement.TC60_Maker_Edit_Payee_Payee_List_Edit"/>
</testsuite> <!-- testcases.CIB.BillPayeeManagement.TC60_Maker_Edit_Payee_Payee_List_Edit -->
