<?xml version="1.0" encoding="UTF-8"?>
<!-- Generated by org.testng.reporters.JUnitReportReporter -->
<testsuite hostname="Prabhukrishnan" name="testcases.CIB.BeneficiaryManagement.TC15_Maker_CreateBenneficiary_OtherBank_ClickContinue" tests="1" failures="0" timestamp="20 Nov 2020 07:38:34 GMT" time="82.398" errors="0">
  <testcase name="CIB_URL_Navigation" time="82.398" classname="testcases.CIB.BeneficiaryManagement.TC15_Maker_CreateBenneficiary_OtherBank_ClickContinue"/>
</testsuite> <!-- testcases.CIB.BeneficiaryManagement.TC15_Maker_CreateBenneficiary_OtherBank_ClickContinue -->
