<?xml version="1.0" encoding="UTF-8"?>
<!-- Generated by org.testng.reporters.JUnitReportReporter -->
<testsuite hostname="Prabhukrishnan" name="testcases.DBP15952" tests="1" failures="0" timestamp="9 Jul 2020 10:13:16 GMT" time="134.127" errors="0">
  <testcase name="login" time="134.127" classname="testcases.DBP15952"/>
</testsuite> <!-- testcases.DBP15952 -->
