<?xml version="1.0" encoding="UTF-8"?>
<!-- Generated by org.testng.reporters.JUnitReportReporter -->
<testsuite skipped="0" hostname="DESKTOP-S2KSJTH" name="testcases.QA.accounts.deposit.E2E03_Verify_User_able_to_view_Deposit_Accounts_Summary" tests="1" failures="0" timestamp="2021-04-21T21:06:59 IST" time="74.202" errors="0">
  <testcase name="verifyAuthScreen" time="74.202" classname="testcases.QA.accounts.deposit.E2E03_Verify_User_able_to_view_Deposit_Accounts_Summary"/>
  <system-out/>
</testsuite> <!-- testcases.QA.accounts.deposit.E2E03_Verify_User_able_to_view_Deposit_Accounts_Summary -->
