<?xml version="1.0" encoding="UTF-8"?>
<!-- Generated by org.testng.reporters.JUnitReportReporter -->
<testsuite skipped="0" hostname="DESKTOP-S2KSJTH" name="testcases.QA.accounts.deposit.E2E01_Verify_User_able_to_view_Deposit_Accounts_Overview" tests="1" failures="0" timestamp="2021-04-21T21:01:34 IST" time="54.528" errors="0">
  <testcase name="verifyAuthScreen" time="54.528" classname="testcases.QA.accounts.deposit.E2E01_Verify_User_able_to_view_Deposit_Accounts_Overview"/>
  <system-out/>
</testsuite> <!-- testcases.QA.accounts.deposit.E2E01_Verify_User_able_to_view_Deposit_Accounts_Overview -->
