<?xml version="1.0" encoding="UTF-8"?>
<!-- Generated by org.testng.reporters.JUnitReportReporter -->
<testsuite skipped="0" hostname="vairamuthu" name="ZephyrandZapicalls.CreateCycle2" tests="1" failures="0" timestamp="15 Mar 2019 07:13:28 GMT" time="1.657" errors="0">
  <testcase name="CreateCycle" time="1.657" classname="ZephyrandZapicalls.CreateCycle2"/>
</testsuite> <!-- ZephyrandZapicalls.CreateCycle2 -->
