<?xml version="1.0" encoding="UTF-8"?>
<!-- Generated by org.testng.reporters.JUnitReportReporter -->
<testsuite skipped="0" hostname="vairamuthu" name="testcases.DBP16150" tests="1" failures="0" timestamp="19 Mar 2019 06:22:42 GMT" time="87.613" errors="0">
  <testcase name="validateBillerCategory" time="87.613" classname="testcases.DBP16150"/>
</testsuite> <!-- testcases.DBP16150 -->
