<?xml version="1.0" encoding="UTF-8"?>
<!-- Generated by org.testng.reporters.JUnitReportReporter -->
<testsuite skipped="0" hostname="DESKTOP-S2KSJTH" name="testcases.login.prdcard_227.E2E02_Verify_User_able_to_login_into_apllication_without_entering_Username" tests="1" failures="0" timestamp="2021-03-05T18:01:03 IST" time="22.376" errors="0">
  <testcase name="verifyAuthScreen" time="22.376" classname="testcases.login.prdcard_227.E2E02_Verify_User_able_to_login_into_apllication_without_entering_Username"/>
  <system-out/>
</testsuite> <!-- testcases.login.prdcard_227.E2E02_Verify_User_able_to_login_into_apllication_without_entering_Username -->
