<?xml version="1.0" encoding="UTF-8"?>
<!-- Generated by org.testng.reporters.JUnitReportReporter -->
<testsuite hostname="Prabhukrishnan" name="testcases.BankAdmin.BillerManagement.TC12_Maker_BillerManagement_ManageRule_Delete" tests="1" failures="0" timestamp="27 Aug 2020 19:20:24 GMT" time="33.278" errors="0">
  <testcase name="CreateRuleSubmit" time="33.278" classname="testcases.BankAdmin.BillerManagement.TC12_Maker_BillerManagement_ManageRule_Delete"/>
</testsuite> <!-- testcases.BankAdmin.BillerManagement.TC12_Maker_BillerManagement_ManageRule_Delete -->
