<?xml version="1.0" encoding="UTF-8"?>
<!-- Generated by org.testng.reporters.JUnitReportReporter -->
<testsuite skipped="0" hostname="DESKTOP-S2KSJTH" name="testcases.ib.accounts.loans.E2E02_Verify_User_able_to_view_Loan_Accounts_Summary" tests="1" failures="0" timestamp="2021-04-22T14:38:19 IST" time="91.565" errors="0">
  <testcase name="verifyAuthScreen" time="91.565" classname="testcases.ib.accounts.loans.E2E02_Verify_User_able_to_view_Loan_Accounts_Summary"/>
  <system-out/>
</testsuite> <!-- testcases.ib.accounts.loans.E2E02_Verify_User_able_to_view_Loan_Accounts_Summary -->
