<?xml version="1.0" encoding="UTF-8"?>
<!-- Generated by org.testng.reporters.JUnitReportReporter -->
<testsuite skipped="0" hostname="DESKTOP-S2KSJTH" name="testcases.registration.prdcard_474.E2E02_Verify_User_Redirected_to_Prelogin_on_entering_Same_CreditCard_Details" tests="1" failures="0" timestamp="2021-03-04T20:55:16 IST" time="34.596" errors="0">
  <testcase name="verifyAuthScreen" time="34.596" classname="testcases.registration.prdcard_474.E2E02_Verify_User_Redirected_to_Prelogin_on_entering_Same_CreditCard_Details"/>
  <system-out/>
</testsuite> <!-- testcases.registration.prdcard_474.E2E02_Verify_User_Redirected_to_Prelogin_on_entering_Same_CreditCard_Details -->
