<?xml version="1.0" encoding="UTF-8"?>
<!-- Generated by org.testng.reporters.JUnitReportReporter -->
<testsuite skipped="0" hostname="DESKTOP-S2KSJTH" name="testcases.registration.prdcard_448.TC08_Verify_User_able_to_view_error_msg_on_providing_invalid_OTP" tests="1" failures="0" timestamp="2021-03-02T17:29:46 IST" time="50.706" errors="0">
  <testcase name="verifyAuthScreen" time="50.706" classname="testcases.registration.prdcard_448.TC08_Verify_User_able_to_view_error_msg_on_providing_invalid_OTP"/>
  <system-out/>
</testsuite> <!-- testcases.registration.prdcard_448.TC08_Verify_User_able_to_view_error_msg_on_providing_invalid_OTP -->
