<?xml version="1.0" encoding="UTF-8"?>
<!-- Generated by org.testng.reporters.JUnitReportReporter -->
<testsuite hostname="Prabhukrishnan" name="testcases.BankAdmin.BillerManagement.TC07_Maker_BillerManagement_ManageRule_CreateRule_Submit_DuplicateRuleName" tests="1" failures="0" timestamp="27 Aug 2020 18:40:47 GMT" time="36.504" errors="0">
  <testcase name="CreateRuleSubmit" time="36.504" classname="testcases.BankAdmin.BillerManagement.TC07_Maker_BillerManagement_ManageRule_CreateRule_Submit_DuplicateRuleName"/>
</testsuite> <!-- testcases.BankAdmin.BillerManagement.TC07_Maker_BillerManagement_ManageRule_CreateRule_Submit_DuplicateRuleName -->
