<?xml version="1.0" encoding="UTF-8"?>
<!-- Generated by org.testng.reporters.JUnitReportReporter -->
<testsuite skipped="0" hostname="vairamuthu" name="testcases.DBP16036andDBP16039" tests="1" failures="0" timestamp="22 Feb 2019 09:24:18 GMT" time="108.224" errors="0">
  <testcase name="DBP16036andDBP16039" time="108.224" classname="testcases.DBP16036andDBP16039"/>
</testsuite> <!-- testcases.DBP16036andDBP16039 -->
