<?xml version="1.0" encoding="UTF-8"?>
<!-- Generated by org.testng.reporters.JUnitReportReporter -->
<testsuite skipped="0" hostname="DESKTOP-S2KSJTH" name="testcases.registration.prdcard_457.E2E02_Verify_User_able_to_View_Terms_and_Conditions_Heading" tests="1" failures="0" timestamp="2021-03-04T18:38:28 IST" time="20.730" errors="0">
  <testcase name="verifyAuthScreen" time="20.730" classname="testcases.registration.prdcard_457.E2E02_Verify_User_able_to_View_Terms_and_Conditions_Heading"/>
  <system-out/>
</testsuite> <!-- testcases.registration.prdcard_457.E2E02_Verify_User_able_to_View_Terms_and_Conditions_Heading -->
