<?xml version="1.0" encoding="UTF-8"?>
<!-- Generated by org.testng.reporters.JUnitReportReporter -->
<testsuite skipped="0" hostname="DESKTOP-S2KSJTH" name="testcases.login.E2E02_Verify_User_able_to_Logout_Successfully_from_MRB_After_Login" tests="1" failures="0" timestamp="2021-03-19T19:21:32 IST" time="50.804" errors="0">
  <testcase name="verifyAuthScreen" time="50.804" classname="testcases.login.E2E02_Verify_User_able_to_Logout_Successfully_from_MRB_After_Login"/>
  <system-out/>
</testsuite> <!-- testcases.login.E2E02_Verify_User_able_to_Logout_Successfully_from_MRB_After_Login -->
