<?xml version="1.0" encoding="UTF-8"?>
<!-- Generated by org.testng.reporters.JUnitReportReporter -->
<testsuite hostname="Prabhukrishnan" name="testcases.DBP15546" tests="1" failures="0" timestamp="16 Jul 2020 08:12:50 GMT" time="47.957" errors="0">
  <testcase name="login" time="47.957" classname="testcases.DBP15546"/>
</testsuite> <!-- testcases.DBP15546 -->
