<?xml version="1.0" encoding="UTF-8"?>
<!-- Generated by org.testng.reporters.JUnitReportReporter -->
<testsuite hostname="Prabhukrishnan" name="testcases.BillerManagement" tests="1" failures="0" timestamp="26 Aug 2020 10:28:51 GMT" time="98.394" errors="0">
  <testcase name="Biller" time="98.394" classname="testcases.BillerManagement"/>
</testsuite> <!-- testcases.BillerManagement -->
