<?xml version="1.0" encoding="UTF-8"?>
<!-- Generated by org.testng.reporters.JUnitReportReporter -->
<testsuite skipped="1" hostname="vairamuthu" name="testcases.DBP16051andDBP16075" tests="2" failures="0" timestamp="22 Feb 2019 09:24:18 GMT" time="109.385" errors="0">
  <testcase name="ValidateErrormessageandCreateNonFinancialmatrix" time="109.385" classname="testcases.DBP16051andDBP16075"/>
  <testcase name="CheckerApprove" classname="testcases.DBP16051andDBP16075">
    <skipped/>
  </testcase> <!-- CheckerApprove -->
</testsuite> <!-- testcases.DBP16051andDBP16075 -->
