<?xml version="1.0" encoding="UTF-8"?>
<!-- Generated by org.testng.reporters.JUnitReportReporter -->
<testsuite skipped="0" hostname="vairamuthu" name="testcases.DBP15548" tests="2" failures="0" timestamp="20 Feb 2019 11:09:58 GMT" time="194.928" errors="0">
  <testcase name="login" time="150.450" classname="testcases.DBP15548"/>
  <testcase name="approval" time="44.478" classname="testcases.DBP15548"/>
</testsuite> <!-- testcases.DBP15548 -->
