<?xml version="1.0" encoding="UTF-8"?>
<!-- Generated by org.testng.reporters.JUnitReportReporter -->
<testsuite hostname="Prabhukrishnan" name="testcases.CIB.Transfers.TC86_Maker_Select_PayFrom_Dropdown_For_International" tests="1" failures="0" timestamp="19 Nov 2020 19:21:53 GMT" time="97.896" errors="0">
  <testcase name="createBillPayment" time="97.896" classname="testcases.CIB.Transfers.TC86_Maker_Select_PayFrom_Dropdown_For_International"/>
</testsuite> <!-- testcases.CIB.Transfers.TC86_Maker_Select_PayFrom_Dropdown_For_International -->
