<?xml version="1.0" encoding="UTF-8"?>
<!-- Generated by org.testng.reporters.JUnitReportReporter -->
<testsuite skipped="0" hostname="DESKTOP-S2KSJTH" name="testcases.QA.prelogin.E2E02_Verify_User_able_to_view_Privacy_Policy" tests="1" failures="0" timestamp="2021-04-15T11:01:25 IST" time="11.840" errors="0">
  <testcase name="verifyAuthScreen" time="11.840" classname="testcases.QA.prelogin.E2E02_Verify_User_able_to_view_Privacy_Policy"/>
  <system-out/>
</testsuite> <!-- testcases.QA.prelogin.E2E02_Verify_User_able_to_view_Privacy_Policy -->
