<?xml version="1.0" encoding="UTF-8"?>
<!-- Generated by org.testng.reporters.JUnitReportReporter -->
<testsuite skipped="0" hostname="DESKTOP-S2KSJTH" name="testcases.registration.prdcard_454.E2E04_Verify_User_able_to_Enter_Valid_CVV_in_Credit_Card_Page" tests="1" failures="0" timestamp="2021-03-04T17:53:27 IST" time="26.138" errors="0">
  <testcase name="verifyAuthScreen" time="26.138" classname="testcases.registration.prdcard_454.E2E04_Verify_User_able_to_Enter_Valid_CVV_in_Credit_Card_Page"/>
  <system-out/>
</testsuite> <!-- testcases.registration.prdcard_454.E2E04_Verify_User_able_to_Enter_Valid_CVV_in_Credit_Card_Page -->
