<?xml version="1.0" encoding="UTF-8"?>
<!-- Generated by org.testng.reporters.JUnitReportReporter -->
<testsuite hostname="Prabhukrishnan" name="testcases.DBP16036" tests="1" failures="0" timestamp="10 Jul 2020 10:22:12 GMT" time="171.452" errors="0">
  <testcase name="DBP16036and_DBP16039" time="171.452" classname="testcases.DBP16036"/>
</testsuite> <!-- testcases.DBP16036 -->
