<?xml version="1.0" encoding="UTF-8"?>
<!-- Generated by org.testng.reporters.JUnitReportReporter -->
<testsuite skipped="0" hostname="DESKTOP-S2KSJTH" name="testcases.registration.prdcard_446.TC06_Verify_Back_Button_is_always_enabled_in_Card_Details_Page" tests="1" failures="0" timestamp="2021-03-02T15:22:19 IST" time="29.460" errors="0">
  <testcase name="verifyCCScreen" time="29.460" classname="testcases.registration.prdcard_446.TC06_Verify_Back_Button_is_always_enabled_in_Card_Details_Page"/>
  <system-out/>
</testsuite> <!-- testcases.registration.prdcard_446.TC06_Verify_Back_Button_is_always_enabled_in_Card_Details_Page -->
