<?xml version="1.0" encoding="UTF-8"?>
<!-- Generated by org.testng.reporters.JUnitReportReporter -->
<testsuite skipped="0" hostname="DESKTOP-S2KSJTH" name="testcases.QA.applyNow.E2E01_Verify_User_able_to_Apply_for_Opening_Fixed_Deposit" tests="1" failures="0" timestamp="2021-04-09T19:29:42 IST" time="118.862" errors="0">
  <testcase name="verifyAuthScreen" time="118.862" classname="testcases.QA.applyNow.E2E01_Verify_User_able_to_Apply_for_Opening_Fixed_Deposit"/>
  <system-out/>
</testsuite> <!-- testcases.QA.applyNow.E2E01_Verify_User_able_to_Apply_for_Opening_Fixed_Deposit -->
