<?xml version="1.0" encoding="UTF-8"?>
<!-- Generated by org.testng.reporters.JUnitReportReporter -->
<testsuite hostname="Prabhukrishnan" name="testcases.CIB.Dashboard.TC01_CIB_Navigation_Dashboard" tests="1" failures="0" timestamp="17 Nov 2020 19:15:31 GMT" time="39.092" errors="0">
  <testcase name="CIB_URL_Navigation" time="39.092" classname="testcases.CIB.Dashboard.TC01_CIB_Navigation_Dashboard"/>
</testsuite> <!-- testcases.CIB.Dashboard.TC01_CIB_Navigation_Dashboard -->
