<?xml version="1.0" encoding="UTF-8"?>
<!-- Generated by org.testng.reporters.JUnitReportReporter -->
<testsuite skipped="0" hostname="DESKTOP-S2KSJTH" name="testcases.QA.login.E2E06_Verify_Forgot_Password_Using_Account_Details" tests="1" failures="0" timestamp="2021-04-12T13:52:42 IST" time="75.829" errors="0">
  <testcase name="verifyAuthScreen" time="75.829" classname="testcases.QA.login.E2E06_Verify_Forgot_Password_Using_Account_Details"/>
  <system-out/>
</testsuite> <!-- testcases.QA.login.E2E06_Verify_Forgot_Password_Using_Account_Details -->
