<?xml version="1.0" encoding="UTF-8"?>
<!-- Generated by org.testng.reporters.JUnitReportReporter -->
<testsuite skipped="0" hostname="DESKTOP-S2KSJTH" name="testcases.registration.prdcard_457.E2E01_Verify_User_able_to_View_Terms_and_Conditions_Page_Title" tests="1" failures="0" timestamp="2021-03-04T18:22:49 IST" time="18.373" errors="0">
  <testcase name="verifyAuthScreen" time="18.373" classname="testcases.registration.prdcard_457.E2E01_Verify_User_able_to_View_Terms_and_Conditions_Page_Title"/>
  <system-out/>
</testsuite> <!-- testcases.registration.prdcard_457.E2E01_Verify_User_able_to_View_Terms_and_Conditions_Page_Title -->
