<?xml version="1.0" encoding="UTF-8"?>
<!-- Generated by org.testng.reporters.JUnitReportReporter -->
<testsuite skipped="0" hostname="DESKTOP-S2KSJTH" name="testcases.QA.userProfile.E2E05_Verify_User_able_to_Upload_Profile_Picture" tests="1" failures="0" timestamp="2021-04-12T16:34:03 IST" time="80.964" errors="0">
  <testcase name="verifyAuthScreen" time="80.964" classname="testcases.QA.userProfile.E2E05_Verify_User_able_to_Upload_Profile_Picture"/>
  <system-out/>
</testsuite> <!-- testcases.QA.userProfile.E2E05_Verify_User_able_to_Upload_Profile_Picture -->
