<?xml version="1.0" encoding="UTF-8"?>
<!-- Generated by org.testng.reporters.JUnitReportReporter -->
<testsuite skipped="0" hostname="DESKTOP-S2KSJTH" name="testcases.registration.prdcard_442.TC15_Verify_Credit_Card_Details_is_Highlighted_in_Progress_Bar" tests="1" failures="0" timestamp="2021-03-02T13:58:39 IST" time="28.120" errors="0">
  <testcase name="verifyCCScreen" time="28.120" classname="testcases.registration.prdcard_442.TC15_Verify_Credit_Card_Details_is_Highlighted_in_Progress_Bar"/>
  <system-out/>
</testsuite> <!-- testcases.registration.prdcard_442.TC15_Verify_Credit_Card_Details_is_Highlighted_in_Progress_Bar -->
