<?xml version="1.0" encoding="UTF-8"?>
<!-- Generated by org.testng.reporters.JUnitReportReporter -->
<testsuite skipped="0" hostname="DESKTOP-S2KSJTH" name="testcases.registration.prdcard_442.TC14_Verify_CVV_Field_is_Masked_while_Entering_CVV_Number" tests="1" failures="0" timestamp="2021-03-02T13:54:21 IST" time="22.155" errors="0">
  <testcase name="verifyCCScreen" time="22.155" classname="testcases.registration.prdcard_442.TC14_Verify_CVV_Field_is_Masked_while_Entering_CVV_Number"/>
  <system-out/>
</testsuite> <!-- testcases.registration.prdcard_442.TC14_Verify_CVV_Field_is_Masked_while_Entering_CVV_Number -->
