<?xml version="1.0" encoding="UTF-8"?>
<!-- Generated by org.testng.reporters.JUnitReportReporter -->
<testsuite skipped="0" hostname="DESKTOP-S2KSJTH" name="testcases.registration.prdcard_446.TC02_Verify_User_Able_to_Restart_Registration_Once_Again" tests="1" failures="0" timestamp="2021-03-02T15:15:27 IST" time="30.956" errors="0">
  <testcase name="verifyCCScreen" time="30.956" classname="testcases.registration.prdcard_446.TC02_Verify_User_Able_to_Restart_Registration_Once_Again"/>
  <system-out/>
</testsuite> <!-- testcases.registration.prdcard_446.TC02_Verify_User_Able_to_Restart_Registration_Once_Again -->
