<?xml version="1.0" encoding="UTF-8"?>
<!-- Generated by org.testng.reporters.JUnitReportReporter -->
<testsuite skipped="0" hostname="DESKTOP-S2KSJTH" name="testcases.QA.accounts.casa.E2E02_Verify_User_able_to_view_Accounts_Summary" tests="1" failures="0" timestamp="2021-04-20T19:50:05 IST" time="51.395" errors="0">
  <testcase name="verifyAuthScreen" time="51.395" classname="testcases.QA.accounts.casa.E2E02_Verify_User_able_to_view_Accounts_Summary"/>
  <system-out/>
</testsuite> <!-- testcases.QA.accounts.casa.E2E02_Verify_User_able_to_view_Accounts_Summary -->
