<?xml version="1.0" encoding="UTF-8"?>
<!-- Generated by org.testng.reporters.JUnitReportReporter -->
<testsuite skipped="0" hostname="DESKTOP-S2KSJTH" name="testcases.registration.prdcard_442.TC05_Verify_Date_Picker_Calendar_is_available_in_DOB_Fields_of_Card_Details_Page" tests="1" failures="0" timestamp="2021-03-02T13:04:49 IST" time="28.375" errors="0">
  <testcase name="verifyCCScreen" time="28.375" classname="testcases.registration.prdcard_442.TC05_Verify_Date_Picker_Calendar_is_available_in_DOB_Fields_of_Card_Details_Page"/>
  <system-out/>
</testsuite> <!-- testcases.registration.prdcard_442.TC05_Verify_Date_Picker_Calendar_is_available_in_DOB_Fields_of_Card_Details_Page -->
