<?xml version="1.0" encoding="UTF-8"?>
<!-- Generated by org.testng.reporters.JUnitReportReporter -->
<testsuite skipped="0" hostname="vairamuthu" name="testcases.DBP15546Part2Checker" tests="1" failures="0" timestamp="05 Mar 2019 09:43:59 GMT" time="32.370" errors="0">
  <testcase name="Checker" time="32.370" classname="testcases.DBP15546Part2Checker"/>
</testsuite> <!-- testcases.DBP15546Part2Checker -->
