<?xml version="1.0" encoding="UTF-8"?>
<!-- Generated by org.testng.reporters.JUnitReportReporter -->
<testsuite hostname="Prabhukrishnan" name="testcases.CIB.Transfers.TC65_Maker_Select_PayTo_Beneficiary_For_Domestic_From_List" tests="1" failures="0" timestamp="19 Nov 2020 13:57:16 GMT" time="105.725" errors="0">
  <testcase name="createBillPayment" time="105.725" classname="testcases.CIB.Transfers.TC65_Maker_Select_PayTo_Beneficiary_For_Domestic_From_List"/>
</testsuite> <!-- testcases.CIB.Transfers.TC65_Maker_Select_PayTo_Beneficiary_For_Domestic_From_List -->
