<?xml version="1.0" encoding="UTF-8"?>
<!-- Generated by org.testng.reporters.JUnitReportReporter -->
<testsuite skipped="0" hostname="DESKTOP-S2KSJTH" name="testcases.registration.prdcard_452.E2E07_Verify_if_Registration_get_Failed_User_needs_to_restart_the_Registration" tests="1" failures="0" timestamp="2021-03-04T16:57:28 IST" time="53.425" errors="0">
  <testcase name="verifyAuthScreen" time="53.425" classname="testcases.registration.prdcard_452.E2E07_Verify_if_Registration_get_Failed_User_needs_to_restart_the_Registration"/>
  <system-out/>
</testsuite> <!-- testcases.registration.prdcard_452.E2E07_Verify_if_Registration_get_Failed_User_needs_to_restart_the_Registration -->
