<?xml version="1.0" encoding="UTF-8"?>
<!-- Generated by org.testng.reporters.JUnitReportReporter -->
<testsuite skipped="0" hostname="DESKTOP-S2KSJTH" name="testcases.registration.prdcard_468.E2E05_Verify_User_able_to_View_Sign_into_IB_Button_on_Registration_Success_Screen" tests="1" failures="0" timestamp="2021-03-04T20:25:50 IST" time="64.474" errors="0">
  <testcase name="verifyAuthScreen" time="64.474" classname="testcases.registration.prdcard_468.E2E05_Verify_User_able_to_View_Sign_into_IB_Button_on_Registration_Success_Screen"/>
  <system-out/>
</testsuite> <!-- testcases.registration.prdcard_468.E2E05_Verify_User_able_to_View_Sign_into_IB_Button_on_Registration_Success_Screen -->
