<?xml version="1.0" encoding="UTF-8"?>
<!-- Generated by org.testng.reporters.JUnitReportReporter -->
<testsuite skipped="0" hostname="DESKTOP-S2KSJTH" name="testcases.QA.dashboard.E2E01_Verify_User_able_to_Search_in_Dashboard" tests="1" failures="0" timestamp="2021-04-12T19:26:56 IST" time="60.857" errors="0">
  <testcase name="verifyAuthScreen" time="60.857" classname="testcases.QA.dashboard.E2E01_Verify_User_able_to_Search_in_Dashboard"/>
  <system-out/>
</testsuite> <!-- testcases.QA.dashboard.E2E01_Verify_User_able_to_Search_in_Dashboard -->
