<?xml version="1.0" encoding="UTF-8"?>
<!-- Generated by org.testng.reporters.JUnitReportReporter -->
<testsuite skipped="0" hostname="DESKTOP-S2KSJTH" name="testcases.registration.prdcard_510.E2E02_Verify_User_able_to_View_Reference_ID_from_First_Screen_of_Registrration_Process" tests="1" failures="0" timestamp="2021-03-04T21:26:51 IST" time="21.300" errors="0">
  <testcase name="verifyAuthScreen" time="21.300" classname="testcases.registration.prdcard_510.E2E02_Verify_User_able_to_View_Reference_ID_from_First_Screen_of_Registrration_Process"/>
  <system-out/>
</testsuite> <!-- testcases.registration.prdcard_510.E2E02_Verify_User_able_to_View_Reference_ID_from_First_Screen_of_Registrration_Process -->
