<?xml version="1.0" encoding="UTF-8"?>
<!-- Generated by org.testng.reporters.JUnitReportReporter -->
<testsuite skipped="0" hostname="DESKTOP-S2KSJTH" name="testcases.registration.prdcard_444.E2E01_Verify_User_redirected_to_Registration_Method_screen_after_Agreeing_to_the_TnC" tests="1" failures="0" timestamp="2021-03-04T23:32:21 IST" time="23.253" errors="0">
  <testcase name="verifyAuthScreen" time="23.253" classname="testcases.registration.prdcard_444.E2E01_Verify_User_redirected_to_Registration_Method_screen_after_Agreeing_to_the_TnC"/>
  <system-out/>
</testsuite> <!-- testcases.registration.prdcard_444.E2E01_Verify_User_redirected_to_Registration_Method_screen_after_Agreeing_to_the_TnC -->
