<?xml version="1.0" encoding="UTF-8"?>
<!-- Generated by org.testng.reporters.JUnitReportReporter -->
<testsuite skipped="0" hostname="DESKTOP-S2KSJTH" name="testcases.registration.prdcard_457.E2E03_Verify_User_able_to_View_Agreee_and_Disagree_in_Page_Bottom" tests="1" failures="0" timestamp="2021-03-04T18:39:15 IST" time="19.248" errors="0">
  <testcase name="verifyAuthScreen" time="19.248" classname="testcases.registration.prdcard_457.E2E03_Verify_User_able_to_View_Agreee_and_Disagree_in_Page_Bottom"/>
  <system-out/>
</testsuite> <!-- testcases.registration.prdcard_457.E2E03_Verify_User_able_to_View_Agreee_and_Disagree_in_Page_Bottom -->
