<?xml version="1.0" encoding="UTF-8"?>
<!-- Generated by org.testng.reporters.JUnitReportReporter -->
<testsuite hostname="Prabhukrishnan" name="testcases.CIB.PreLogin_Login.TC60_CIB_Logout_ClickHere_Hyberlink" tests="1" failures="0" timestamp="19 Nov 2020 20:05:21 GMT" time="63.667" errors="0">
  <testcase name="CIB_Logout_ClickHere_Hyberlink" time="63.667" classname="testcases.CIB.PreLogin_Login.TC60_CIB_Logout_ClickHere_Hyberlink"/>
</testsuite> <!-- testcases.CIB.PreLogin_Login.TC60_CIB_Logout_ClickHere_Hyberlink -->
