<?xml version="1.0" encoding="UTF-8"?>
<!-- Generated by org.testng.reporters.JUnitReportReporter -->
<testsuite skipped="0" hostname="DESKTOP-S2KSJTH" name="testcases.DEMO.admin.login.E2E01_Verify_User_able_to_Login_into_MRB_Admin_Successfully_with_Valid_Credentials" tests="1" failures="0" timestamp="2021-04-19T13:24:44 IST" time="18.768" errors="0">
  <testcase name="verifyAuthScreen" time="18.768" classname="testcases.DEMO.admin.login.E2E01_Verify_User_able_to_Login_into_MRB_Admin_Successfully_with_Valid_Credentials"/>
  <system-out/>
</testsuite> <!-- testcases.DEMO.admin.login.E2E01_Verify_User_able_to_Login_into_MRB_Admin_Successfully_with_Valid_Credentials -->
