<?xml version="1.0" encoding="UTF-8"?>
<!-- Generated by org.testng.reporters.JUnitReportReporter -->
<testsuite skipped="0" hostname="DESKTOP-S2KSJTH" name="testcases.QA.prelogin.E2E01_Verify_User_able_to_click_FAQs_link" tests="1" failures="0" timestamp="2021-04-15T11:00:43 IST" time="12.328" errors="0">
  <testcase name="verifyAuthScreen" time="12.328" classname="testcases.QA.prelogin.E2E01_Verify_User_able_to_click_FAQs_link"/>
  <system-out/>
</testsuite> <!-- testcases.QA.prelogin.E2E01_Verify_User_able_to_click_FAQs_link -->
