<?xml version="1.0" encoding="UTF-8"?>
<!-- Generated by org.testng.reporters.JUnitReportReporter -->
<testsuite skipped="0" hostname="DESKTOP-S2KSJTH" name="testcases.QA.login.E2E08_Verify_Forgot_Password_Using_Debit_Card_Details" tests="1" failures="0" timestamp="2021-04-12T13:58:56 IST" time="56.821" errors="0">
  <testcase name="verifyAuthScreen" time="56.821" classname="testcases.QA.login.E2E08_Verify_Forgot_Password_Using_Debit_Card_Details"/>
  <system-out/>
</testsuite> <!-- testcases.QA.login.E2E08_Verify_Forgot_Password_Using_Debit_Card_Details -->
