<?xml version="1.0" encoding="UTF-8"?>
<!-- Generated by org.testng.reporters.JUnitReportReporter -->
<testsuite skipped="0" hostname="DESKTOP-S2KSJTH" name="testcases.QA.registration.E2E02_Verify_User_able_to_Complete_Registration_Process_Using_Credit_Cards" tests="1" failures="0" timestamp="2021-04-08T16:05:45 IST" time="99.356" errors="0">
  <testcase name="registerUsingCreditCard" time="99.356" classname="testcases.QA.registration.E2E02_Verify_User_able_to_Complete_Registration_Process_Using_Credit_Cards"/>
  <system-out/>
</testsuite> <!-- testcases.QA.registration.E2E02_Verify_User_able_to_Complete_Registration_Process_Using_Credit_Cards -->
