<?xml version="1.0" encoding="UTF-8"?>
<!-- Generated by org.testng.reporters.JUnitReportReporter -->
<testsuite skipped="0" hostname="vairamuthu" name="testcases.DBP16069andDBP16070" tests="1" failures="0" timestamp="22 Feb 2019 09:24:18 GMT" time="104.602" errors="0">
  <testcase name="MakerViewdetailsflowforfinancialMatrix" time="104.602" classname="testcases.DBP16069andDBP16070"/>
</testsuite> <!-- testcases.DBP16069andDBP16070 -->
