<?xml version="1.0" encoding="UTF-8"?>
<!-- Generated by org.testng.reporters.JUnitReportReporter -->
<testsuite skipped="0" hostname="DESKTOP-S2KSJTH" name="testcases.QA.accounts.deposit.E2E08_Verify_User_able_to_View_Deposit_Accounts_Statement_Report" tests="1" failures="0" timestamp="2021-04-21T22:05:40 IST" time="88.396" errors="0">
  <testcase name="verifyAuthScreen" time="88.396" classname="testcases.QA.accounts.deposit.E2E08_Verify_User_able_to_View_Deposit_Accounts_Statement_Report"/>
  <system-out/>
</testsuite> <!-- testcases.QA.accounts.deposit.E2E08_Verify_User_able_to_View_Deposit_Accounts_Statement_Report -->
