<?xml version="1.0" encoding="UTF-8"?>
<!-- Generated by org.testng.reporters.JUnitReportReporter -->
<testsuite skipped="0" hostname="DESKTOP-S2KSJTH" name="testcases.QA.login.E2E07_Verify_Forgot_Password_Using_Credit_Card_Details" tests="1" failures="0" timestamp="2021-04-12T13:56:53 IST" time="69.365" errors="0">
  <testcase name="verifyAuthScreen" time="69.365" classname="testcases.QA.login.E2E07_Verify_Forgot_Password_Using_Credit_Card_Details"/>
  <system-out/>
</testsuite> <!-- testcases.QA.login.E2E07_Verify_Forgot_Password_Using_Credit_Card_Details -->
