<?xml version="1.0" encoding="UTF-8"?>
<!-- Generated by org.testng.reporters.JUnitReportReporter -->
<testsuite skipped="0" hostname="DESKTOP-S2KSJTH" name="testcases.admin.customerManagement.E2E01_Verify_User_able_to_Suspend_and_Approve_User_Successfully_in_Admin" tests="2" failures="0" timestamp="2021-03-19T19:21:32 IST" time="123.747" errors="0">
  <testcase name="verifySuspendScreen" time="66.379" classname="testcases.admin.customerManagement.E2E01_Verify_User_able_to_Suspend_and_Approve_User_Successfully_in_Admin"/>
  <system-out/>
  <testcase name="verifySuspendApproveScreen" time="57.368" classname="testcases.admin.customerManagement.E2E01_Verify_User_able_to_Suspend_and_Approve_User_Successfully_in_Admin"/>
  <system-out/>
</testsuite> <!-- testcases.admin.customerManagement.E2E01_Verify_User_able_to_Suspend_and_Approve_User_Successfully_in_Admin -->
