<?xml version="1.0" encoding="UTF-8"?>
<!-- Generated by org.testng.reporters.JUnitReportReporter -->
<testsuite hostname="Prabhukrishnan" name="testcases.CIB.Transfers.TC74_Checker_Manage_Workflow_Approve_Domestic_Batch_Payment" tests="1" failures="0" timestamp="19 Nov 2020 19:21:52 GMT" time="275.695" errors="0">
  <testcase name="checkerSinglePayment" time="275.695" classname="testcases.CIB.Transfers.TC74_Checker_Manage_Workflow_Approve_Domestic_Batch_Payment"/>
</testsuite> <!-- testcases.CIB.Transfers.TC74_Checker_Manage_Workflow_Approve_Domestic_Batch_Payment -->
