<?xml version="1.0" encoding="UTF-8"?>
<!-- Generated by org.testng.reporters.JUnitReportReporter -->
<testsuite skipped="0" hostname="DESKTOP-S2KSJTH" name="testcases.registration.prdcard_446.TC05_Verify_Back_Button_is_clickable_in_Card_Details_Page" tests="1" failures="0" timestamp="2021-03-02T15:21:27 IST" time="31.033" errors="0">
  <testcase name="verifyCCScreen" time="31.033" classname="testcases.registration.prdcard_446.TC05_Verify_Back_Button_is_clickable_in_Card_Details_Page"/>
  <system-out/>
</testsuite> <!-- testcases.registration.prdcard_446.TC05_Verify_Back_Button_is_clickable_in_Card_Details_Page -->
