<?xml version="1.0" encoding="UTF-8"?>
<!-- Generated by org.testng.reporters.JUnitReportReporter -->
<testsuite skipped="0" hostname="DESKTOP-S2KSJTH" name="testcases.QA.cards.E2E02_Verify_User_able_to_view_Credit_Cards_in_Card_Overview" tests="1" failures="0" timestamp="2021-04-19T13:18:26 IST" time="53.685" errors="0">
  <testcase name="verifyAuthScreen" time="53.685" classname="testcases.QA.cards.E2E02_Verify_User_able_to_view_Credit_Cards_in_Card_Overview"/>
  <system-out/>
</testsuite> <!-- testcases.QA.cards.E2E02_Verify_User_able_to_view_Credit_Cards_in_Card_Overview -->
