<?xml version="1.0" encoding="UTF-8"?>
<!-- Generated by org.testng.reporters.JUnitReportReporter -->
<testsuite skipped="0" hostname="vairamuthu" name="testcases.DBP15557" tests="2" failures="0" timestamp="20 Feb 2019 11:09:58 GMT" time="151.314" errors="0">
  <testcase name="login" time="107.707" classname="testcases.DBP15557"/>
  <testcase name="editapproval" time="43.607" classname="testcases.DBP15557"/>
</testsuite> <!-- testcases.DBP15557 -->
