<?xml version="1.0" encoding="UTF-8"?>
<!-- Generated by org.testng.reporters.JUnitReportReporter -->
<testsuite skipped="0" hostname="DESKTOP-S2KSJTH" name="testcases.registration.prdcard_474.E2E01_Verify_User_Not_able_to_able_to_Register_again_with_the_Same_CreditCard_Details" tests="1" failures="0" timestamp="2021-03-04T20:49:59 IST" time="88.970" errors="0">
  <testcase name="verifyAuthScreen" time="88.970" classname="testcases.registration.prdcard_474.E2E01_Verify_User_Not_able_to_able_to_Register_again_with_the_Same_CreditCard_Details"/>
  <system-out/>
</testsuite> <!-- testcases.registration.prdcard_474.E2E01_Verify_User_Not_able_to_able_to_Register_again_with_the_Same_CreditCard_Details -->
