<?xml version="1.0" encoding="UTF-8"?>
<!-- Generated by org.testng.reporters.JUnitReportReporter -->
<testsuite skipped="0" hostname="vairamuthu" name="testcases.DBP15565" tests="2" failures="0" timestamp="20 Feb 2019 11:09:58 GMT" time="128.257" errors="0">
  <testcase name="login" time="83.248" classname="testcases.DBP15565"/>
  <testcase name="approval" time="45.009" classname="testcases.DBP15565"/>
</testsuite> <!-- testcases.DBP15565 -->
