<?xml version="1.0" encoding="UTF-8"?>
<!-- Generated by org.testng.reporters.JUnitReportReporter -->
<testsuite skipped="0" hostname="DESKTOP-S2KSJTH" name="testcases.QA.cards.E2E10_Verify_User_able_to_Manage_Card_Limit" tests="1" failures="0" timestamp="2021-04-20T15:54:45 IST" time="96.022" errors="0">
  <testcase name="verifyAuthScreen" time="96.022" classname="testcases.QA.cards.E2E10_Verify_User_able_to_Manage_Card_Limit"/>
  <system-out/>
</testsuite> <!-- testcases.QA.cards.E2E10_Verify_User_able_to_Manage_Card_Limit -->
