<?xml version="1.0" encoding="UTF-8"?>
<!-- Generated by org.testng.reporters.JUnitReportReporter -->
<testsuite skipped="0" hostname="DESKTOP-S2KSJTH" name="testcases.QA.authentication.E2E01_Verify_User_able_to_Logout_Using_Logout_Button_after_successfull_Login_into_MRB_IB" tests="1" failures="0" timestamp="2021-04-08T19:46:30 IST" time="56.456" errors="0">
  <testcase name="verifyLogout" time="56.456" classname="testcases.QA.authentication.E2E01_Verify_User_able_to_Logout_Using_Logout_Button_after_successfull_Login_into_MRB_IB"/>
  <system-out/>
</testsuite> <!-- testcases.QA.authentication.E2E01_Verify_User_able_to_Logout_Using_Logout_Button_after_successfull_Login_into_MRB_IB -->
