<?xml version="1.0" encoding="UTF-8"?>
<!-- Generated by org.testng.reporters.JUnitReportReporter -->
<testsuite skipped="0" hostname="vairamuthu" name="testcases.DBP16037" tests="1" failures="0" timestamp="19 Feb 2019 10:22:43 GMT" time="72.892" errors="0">
  <testcase name="DBP16037" time="72.892" classname="testcases.DBP16037"/>
</testsuite> <!-- testcases.DBP16037 -->
