<?xml version="1.0" encoding="UTF-8"?>
<!-- Generated by org.testng.reporters.JUnitReportReporter -->
<testsuite hostname="Prabhukrishnan" name="testcases.CIB.Transfers.TC10_Select_TransferTo_CompanyFrom_Dropdown" tests="1" failures="0" timestamp="19 Nov 2020 13:57:16 GMT" time="101.715" errors="0">
  <testcase name="createBillPayment" time="101.715" classname="testcases.CIB.Transfers.TC10_Select_TransferTo_CompanyFrom_Dropdown"/>
</testsuite> <!-- testcases.CIB.Transfers.TC10_Select_TransferTo_CompanyFrom_Dropdown -->
