<?xml version="1.0" encoding="UTF-8"?>
<!-- Generated by org.testng.reporters.JUnitReportReporter -->
<testsuite hostname="Prabhukrishnan" name="testcases.CIB.Transfers.TC21_Checker_Manage_Workflow_Approve_Internal_Batch_Payment_Enter_OTP" tests="1" failures="0" timestamp="19 Nov 2020 19:21:53 GMT" time="217.623" errors="0">
  <testcase name="checkerSinglePayment" time="217.623" classname="testcases.CIB.Transfers.TC21_Checker_Manage_Workflow_Approve_Internal_Batch_Payment_Enter_OTP"/>
</testsuite> <!-- testcases.CIB.Transfers.TC21_Checker_Manage_Workflow_Approve_Internal_Batch_Payment_Enter_OTP -->
