<?xml version="1.0" encoding="UTF-8"?>
<!-- Generated by org.testng.reporters.JUnitReportReporter -->
<testsuite skipped="0" hostname="DESKTOP-S2KSJTH" name="testcases.registration.prdcard_451.E2E07_Verify_User_abel_to_Password_Field_only_after_entering_unique_valid_UserNames" tests="1" failures="0" timestamp="2021-03-04T15:24:45 IST" time="50.645" errors="0">
  <testcase name="verifyAuthScreen" time="50.645" classname="testcases.registration.prdcard_451.E2E07_Verify_User_abel_to_Password_Field_only_after_entering_unique_valid_UserNames"/>
  <system-out/>
</testsuite> <!-- testcases.registration.prdcard_451.E2E07_Verify_User_abel_to_Password_Field_only_after_entering_unique_valid_UserNames -->
