<?xml version="1.0" encoding="UTF-8"?>
<!-- Generated by org.testng.reporters.JUnitReportReporter -->
<testsuite skipped="0" hostname="DESKTOP-S2KSJTH" name="testcases.QA.transfers.managePayees.E2E02_Verify_User_able_to_Create_Payee_Same_Bank" tests="1" failures="0" timestamp="2021-04-16T14:43:01 IST" time="95.715" errors="0">
  <testcase name="verifyAuthScreen" time="95.715" classname="testcases.QA.transfers.managePayees.E2E02_Verify_User_able_to_Create_Payee_Same_Bank"/>
  <system-out/>
</testsuite> <!-- testcases.QA.transfers.managePayees.E2E02_Verify_User_able_to_Create_Payee_Same_Bank -->
