<?xml version="1.0" encoding="UTF-8"?>
<!-- Generated by org.testng.reporters.JUnitReportReporter -->
<testsuite hostname="Prabhukrishnan" name="testcases.DBP15547" tests="2" failures="0" timestamp="16 Jul 2020 14:56:10 GMT" time="228.568" errors="0">
  <testcase name="login" time="112.514" classname="testcases.DBP15547"/>
  <testcase name="Search" time="116.054" classname="testcases.DBP15547"/>
</testsuite> <!-- testcases.DBP15547 -->
