<?xml version="1.0" encoding="UTF-8"?>
<!-- Generated by org.testng.reporters.JUnitReportReporter -->
<testsuite hostname="Prabhukrishnan" name="testcases.CIB.Transfers.TC11_Select_PayTo_BasedOnCompany" tests="1" failures="0" timestamp="19 Nov 2020 13:57:15 GMT" time="99.846" errors="0">
  <testcase name="createBillPayment" time="99.846" classname="testcases.CIB.Transfers.TC11_Select_PayTo_BasedOnCompany"/>
</testsuite> <!-- testcases.CIB.Transfers.TC11_Select_PayTo_BasedOnCompany -->
