<?xml version="1.0" encoding="UTF-8"?>
<!-- Generated by org.testng.reporters.JUnitReportReporter -->
<testsuite skipped="0" hostname="vairamuthu" name="testcases.DBP16032" tests="1" failures="0" timestamp="22 Feb 2019 09:24:18 GMT" time="95.996" errors="0">
  <testcase name="login" time="95.996" classname="testcases.DBP16032"/>
</testsuite> <!-- testcases.DBP16032 -->
