<?xml version="1.0" encoding="UTF-8"?>
<!-- Generated by org.testng.reporters.JUnitReportReporter -->
<testsuite skipped="0" hostname="vairamuthu" name="testcases.DBP16617" tests="1" failures="0" timestamp="22 Mar 2019 05:53:05 GMT" time="32.064" errors="0">
  <testcase name="searchUser" time="32.064" classname="testcases.DBP16617"/>
</testsuite> <!-- testcases.DBP16617 -->
