<?xml version="1.0" encoding="UTF-8"?>
<!-- Generated by org.testng.reporters.JUnitReportReporter -->
<testsuite skipped="0" hostname="DESKTOP-S2KSJTH" name="testcases.login.prdcard_241.E2E06_Verify_User_able_to_View_Registration_Password_after_entering_on_Cliking_Eye_Icon" tests="1" failures="0" timestamp="2021-03-08T12:50:06 IST" time="57.565" errors="0">
  <testcase name="verifyAuthScreen" time="57.565" classname="testcases.login.prdcard_241.E2E06_Verify_User_able_to_View_Registration_Password_after_entering_on_Cliking_Eye_Icon"/>
  <system-out/>
</testsuite> <!-- testcases.login.prdcard_241.E2E06_Verify_User_able_to_View_Registration_Password_after_entering_on_Cliking_Eye_Icon -->
