<?xml version="1.0" encoding="UTF-8"?>
<!-- Generated by org.testng.reporters.JUnitReportReporter -->
<testsuite hostname="Prabhukrishnan" name="testcases.BankAdmin.BillerManagement.TC13_Maker_BillerManagement_ManageRule_Search" tests="1" failures="0" timestamp="27 Aug 2020 19:05:53 GMT" time="27.303" errors="0">
  <testcase name="CreateRuleSubmit" time="27.303" classname="testcases.BankAdmin.BillerManagement.TC13_Maker_BillerManagement_ManageRule_Search"/>
</testsuite> <!-- testcases.BankAdmin.BillerManagement.TC13_Maker_BillerManagement_ManageRule_Search -->
