<?xml version="1.0" encoding="UTF-8"?>
<!-- Generated by org.testng.reporters.JUnitReportReporter -->
<testsuite skipped="0" hostname="vairamuthu" name="testcases.DBP16016" tests="1" failures="0" timestamp="08 Mar 2019 10:16:53 GMT" time="54.699" errors="0">
  <testcase name="BankFieldValidation" time="54.699" classname="testcases.DBP16016"/>
</testsuite> <!-- testcases.DBP16016 -->
