<?xml version="1.0" encoding="UTF-8"?>
<!-- Generated by org.testng.reporters.JUnitReportReporter -->
<testsuite hostname="Prabhukrishnan" name="testcases.CIB.Transfers.TC98_Checker_Able_to_Get_Action_Icon_in_International_Transfer" tests="1" failures="0" timestamp="19 Nov 2020 19:21:53 GMT" time="225.264" errors="0">
  <testcase name="checkerSinglePayment" time="225.264" classname="testcases.CIB.Transfers.TC98_Checker_Able_to_Get_Action_Icon_in_International_Transfer"/>
</testsuite> <!-- testcases.CIB.Transfers.TC98_Checker_Able_to_Get_Action_Icon_in_International_Transfer -->
