<?xml version="1.0" encoding="UTF-8"?>
<!-- Generated by org.testng.reporters.JUnitReportReporter -->
<testsuite hostname="Prabhukrishnan" name="testcases.CIB.PreLogin_Login.TC56_CIB_Logout_From_SideMenu" tests="1" failures="0" timestamp="19 Nov 2020 20:05:21 GMT" time="59.832" errors="0">
  <testcase name="CIB_Logout" time="59.832" classname="testcases.CIB.PreLogin_Login.TC56_CIB_Logout_From_SideMenu"/>
</testsuite> <!-- testcases.CIB.PreLogin_Login.TC56_CIB_Logout_From_SideMenu -->
