<?xml version="1.0" encoding="UTF-8"?>
<!-- Generated by org.testng.reporters.JUnitReportReporter -->
<testsuite hostname="Prabhukrishnan" name="testcases.CIB.BeneficiaryManagement.TC12_Maker_CreateBenneficiary_EnterAdditionalDetails" tests="1" failures="0" timestamp="20 Nov 2020 09:44:48 GMT" time="90.036" errors="0">
  <testcase name="CIB_URL_Navigation" time="90.036" classname="testcases.CIB.BeneficiaryManagement.TC12_Maker_CreateBenneficiary_EnterAdditionalDetails"/>
</testsuite> <!-- testcases.CIB.BeneficiaryManagement.TC12_Maker_CreateBenneficiary_EnterAdditionalDetails -->
