<?xml version="1.0" encoding="UTF-8"?>
<!-- Generated by org.testng.reporters.JUnitReportReporter -->
<testsuite skipped="0" hostname="DESKTOP-S2KSJTH" name="testcases.QA.prelogin.E2E08_Verify_User_able_to_click_Locate_Us" tests="1" failures="0" timestamp="2021-04-15T12:42:50 IST" time="12.869" errors="0">
  <testcase name="verifyAuthScreen" time="12.869" classname="testcases.QA.prelogin.E2E08_Verify_User_able_to_click_Locate_Us"/>
  <system-out/>
</testsuite> <!-- testcases.QA.prelogin.E2E08_Verify_User_able_to_click_Locate_Us -->
