<?xml version="1.0" encoding="UTF-8"?>
<!-- Generated by org.testng.reporters.JUnitReportReporter -->
<testsuite hostname="Prabhukrishnan" name="testcases.CIB.BeneficiaryManagement.TC46_Maker_CreateBeneficiary_CompletePage_AddAnother_Beneficiary" tests="1" failures="0" timestamp="20 Nov 2020 07:38:34 GMT" time="77.156" errors="0">
  <testcase name="CIB_URL_Navigation" time="77.156" classname="testcases.CIB.BeneficiaryManagement.TC46_Maker_CreateBeneficiary_CompletePage_AddAnother_Beneficiary"/>
</testsuite> <!-- testcases.CIB.BeneficiaryManagement.TC46_Maker_CreateBeneficiary_CompletePage_AddAnother_Beneficiary -->
