<?xml version="1.0" encoding="UTF-8"?>
<!-- Generated by org.testng.reporters.JUnitReportReporter -->
<testsuite skipped="0" hostname="vairamuthu" name="testcases.DBP15561" tests="2" failures="0" timestamp="20 Feb 2019 11:09:58 GMT" time="142.523" errors="0">
  <testcase name="sucess" time="103.648" classname="testcases.DBP15561"/>
  <testcase name="approval" time="38.875" classname="testcases.DBP15561"/>
</testsuite> <!-- testcases.DBP15561 -->
