<?xml version="1.0" encoding="UTF-8"?>
<!-- Generated by org.testng.reporters.JUnitReportReporter -->
<testsuite skipped="0" hostname="DESKTOP-S2KSJTH" name="testcases.registration.prdcard_457.E2E04_Verify_User_able_to_click_Agreee_Button" tests="1" failures="0" timestamp="2021-03-04T18:40:54 IST" time="19.920" errors="0">
  <testcase name="verifyAuthScreen" time="19.920" classname="testcases.registration.prdcard_457.E2E04_Verify_User_able_to_click_Agreee_Button"/>
  <system-out/>
</testsuite> <!-- testcases.registration.prdcard_457.E2E04_Verify_User_able_to_click_Agreee_Button -->
