<?xml version="1.0" encoding="UTF-8"?>
<!-- Generated by org.testng.reporters.JUnitReportReporter -->
<testsuite hostname="Prabhukrishnan" name="testcases.CIB.Transfers.TC37_Maker_Search_Beneficiary_By_Clicking_PayTo_Field_For_Domestic_From_List" tests="1" failures="0" timestamp="19 Nov 2020 13:57:15 GMT" time="92.293" errors="0">
  <testcase name="createBillPayment" time="92.293" classname="testcases.CIB.Transfers.TC37_Maker_Search_Beneficiary_By_Clicking_PayTo_Field_For_Domestic_From_List"/>
</testsuite> <!-- testcases.CIB.Transfers.TC37_Maker_Search_Beneficiary_By_Clicking_PayTo_Field_For_Domestic_From_List -->
