<?xml version="1.0" encoding="UTF-8"?>
<!-- Generated by org.testng.reporters.JUnitReportReporter -->
<testsuite skipped="0" hostname="DESKTOP-S2KSJTH" name="testcases.QA.accounts.casa.E2E09_Verify_User_able_to_view_CASA_Account_Statement_Report" tests="1" failures="0" timestamp="2021-04-21T18:31:03 IST" time="150.733" errors="0">
  <testcase name="verifyAuthScreen" time="150.733" classname="testcases.QA.accounts.casa.E2E09_Verify_User_able_to_view_CASA_Account_Statement_Report"/>
  <system-out/>
</testsuite> <!-- testcases.QA.accounts.casa.E2E09_Verify_User_able_to_view_CASA_Account_Statement_Report -->
