<?xml version="1.0" encoding="UTF-8"?>
<!-- Generated by org.testng.reporters.JUnitReportReporter -->
<testsuite hostname="Prabhukrishnan" name="testcases.CIB.Transfers.TC55_Maker_Check_Create_Single_Payment_Under_Transfer_Menu" tests="1" failures="0" timestamp="19 Nov 2020 13:57:16 GMT" time="46.498" errors="0">
  <testcase name="checkBatchPayment" time="46.498" classname="testcases.CIB.Transfers.TC55_Maker_Check_Create_Single_Payment_Under_Transfer_Menu"/>
</testsuite> <!-- testcases.CIB.Transfers.TC55_Maker_Check_Create_Single_Payment_Under_Transfer_Menu -->
