<?xml version="1.0" encoding="UTF-8"?>
<!-- Generated by org.testng.reporters.JUnitReportReporter -->
<testsuite hostname="Prabhukrishnan" name="testcases.CIB.BeneficiaryManagement.TC35_Maker_CreateBenneficiary_International_MandatoryfieldCheck" tests="1" failures="0" timestamp="20 Nov 2020 09:44:48 GMT" time="80.338" errors="0">
  <testcase name="CIB_URL_Navigation" time="80.338" classname="testcases.CIB.BeneficiaryManagement.TC35_Maker_CreateBenneficiary_International_MandatoryfieldCheck"/>
</testsuite> <!-- testcases.CIB.BeneficiaryManagement.TC35_Maker_CreateBenneficiary_International_MandatoryfieldCheck -->
