<?xml version="1.0" encoding="UTF-8"?>
<!-- Generated by org.testng.reporters.JUnitReportReporter -->
<testsuite skipped="0" hostname="vairamuthu" name="testcases.DBP16053" tests="3" failures="0" timestamp="20 Feb 2019 10:04:24 GMT" time="184.524" errors="0">
  <testcase name="NonMatrix" time="55.957" classname="testcases.DBP16053"/>
  <testcase name="NOnMatrixApprove" time="45.172" classname="testcases.DBP16053"/>
  <testcase name="editExistingNonFinancialMatrix" time="83.395" classname="testcases.DBP16053"/>
</testsuite> <!-- testcases.DBP16053 -->
