<?xml version="1.0" encoding="UTF-8"?>
<!-- Generated by org.testng.reporters.JUnitReportReporter -->
<testsuite hostname="Prabhukrishnan" name="testcases.CIB.Transfers.TC16_Maker_Proceed_to_Submit_Internal_Transfer" tests="1" failures="0" timestamp="19 Nov 2020 13:57:16 GMT" time="146.039" errors="0">
  <testcase name="createBillPayment" time="146.039" classname="testcases.CIB.Transfers.TC16_Maker_Proceed_to_Submit_Internal_Transfer"/>
</testsuite> <!-- testcases.CIB.Transfers.TC16_Maker_Proceed_to_Submit_Internal_Transfer -->
