<?xml version="1.0" encoding="UTF-8"?>
<!-- Generated by org.testng.reporters.JUnitReportReporter -->
<testsuite skipped="0" hostname="DESKTOP-S2KSJTH" name="testcases.registration.prdcard_451.E2E05_Verify_if_Registration_get_Failed_User_needs_to_restart_the_Registration" tests="1" failures="0" timestamp="2021-03-04T15:09:39 IST" time="56.359" errors="0">
  <testcase name="verifyAuthScreen" time="56.359" classname="testcases.registration.prdcard_451.E2E05_Verify_if_Registration_get_Failed_User_needs_to_restart_the_Registration"/>
  <system-out/>
</testsuite> <!-- testcases.registration.prdcard_451.E2E05_Verify_if_Registration_get_Failed_User_needs_to_restart_the_Registration -->
