<?xml version="1.0" encoding="UTF-8"?>
<!-- Generated by org.testng.reporters.JUnitReportReporter -->
<testsuite skipped="0" hostname="DESKTOP-S2KSJTH" name="testcases.QA.settings.E2E01_Verify_User_able_to_Add_or_Link_Accounts_Using_Account_Details" tests="1" failures="0" timestamp="2021-04-09T13:48:24 IST" time="110.868" errors="0">
  <testcase name="verifyAuthScreen" time="110.868" classname="testcases.QA.settings.E2E01_Verify_User_able_to_Add_or_Link_Accounts_Using_Account_Details"/>
  <system-out/>
</testsuite> <!-- testcases.QA.settings.E2E01_Verify_User_able_to_Add_or_Link_Accounts_Using_Account_Details -->
