<?xml version="1.0" encoding="UTF-8"?>
<!-- Generated by org.testng.reporters.JUnitReportReporter -->
<testsuite skipped="0" hostname="vairamuthu" name="lib.rest.GetIssueID" tests="1" failures="0" timestamp="19 Mar 2019 09:42:24 GMT" time="1.731" errors="0">
  <testcase name="getAllRequests" time="1.731" classname="lib.rest.GetIssueID"/>
</testsuite> <!-- lib.rest.GetIssueID -->
