<?xml version="1.0" encoding="UTF-8"?>
<!-- Generated by org.testng.reporters.JUnitReportReporter -->
<testsuite hostname="Prabhukrishnan" name="testcases.CIB.Transfers.TC08_Select_PastDate_DatePicker" tests="1" failures="0" timestamp="19 Nov 2020 13:57:16 GMT" time="91.546" errors="0">
  <testcase name="createBillPayment" time="91.546" classname="testcases.CIB.Transfers.TC08_Select_PastDate_DatePicker"/>
</testsuite> <!-- testcases.CIB.Transfers.TC08_Select_PastDate_DatePicker -->
