<?xml version="1.0" encoding="UTF-8"?>
<!-- Generated by org.testng.reporters.JUnitReportReporter -->
<testsuite skipped="0" hostname="DESKTOP-S2KSJTH" name="testcases.registration.prdcard_442.TC07_Verify_Date_Format_of_DOB_in_Credit_Cared_Page_After_Selecting" tests="1" failures="0" timestamp="2021-03-02T13:32:12 IST" time="28.245" errors="0">
  <testcase name="verifyCCScreen" time="28.245" classname="testcases.registration.prdcard_442.TC07_Verify_Date_Format_of_DOB_in_Credit_Cared_Page_After_Selecting"/>
  <system-out/>
</testsuite> <!-- testcases.registration.prdcard_442.TC07_Verify_Date_Format_of_DOB_in_Credit_Cared_Page_After_Selecting -->
