<?xml version="1.0" encoding="UTF-8"?>
<!-- Generated by org.testng.reporters.JUnitReportReporter -->
<testsuite skipped="0" hostname="vairamuthu" name="testcases.DBP16075" tests="1" failures="0" timestamp="21 Feb 2019 08:10:04 GMT" time="62.658" errors="0">
  <testcase name="ValidateErrormessageandCreateNonFinancialmatrix" time="62.658" classname="testcases.DBP16075"/>
</testsuite> <!-- testcases.DBP16075 -->
