<?xml version="1.0" encoding="UTF-8"?>
<!-- Generated by org.testng.reporters.JUnitReportReporter -->
<testsuite hostname="Prabhukrishnan" name="testcases.CIB.Transfers.TC27_Maker_Check_Transfer_Menu_Displaying_in_Menu_List" tests="1" failures="0" timestamp="19 Nov 2020 13:57:15 GMT" time="51.243" errors="0">
  <testcase name="checkTransferMenu" time="51.243" classname="testcases.CIB.Transfers.TC27_Maker_Check_Transfer_Menu_Displaying_in_Menu_List"/>
</testsuite> <!-- testcases.CIB.Transfers.TC27_Maker_Check_Transfer_Menu_Displaying_in_Menu_List -->
