<?xml version="1.0" encoding="UTF-8"?>
<!-- Generated by org.testng.reporters.JUnitReportReporter -->
<testsuite hostname="Prabhukrishnan" name="testcases.CIB.Transfers.TC03_Maker_Single_Payment_Enter_ReferenceNumber" tests="1" failures="0" timestamp="19 Nov 2020 13:57:16 GMT" time="59.203" errors="0">
  <testcase name="createBillPayment" time="59.203" classname="testcases.CIB.Transfers.TC03_Maker_Single_Payment_Enter_ReferenceNumber"/>
</testsuite> <!-- testcases.CIB.Transfers.TC03_Maker_Single_Payment_Enter_ReferenceNumber -->
