<?xml version="1.0" encoding="UTF-8"?>
<!-- Generated by org.testng.reporters.JUnitReportReporter -->
<testsuite hostname="Prabhukrishnan" name="testcases.CIB.PreLogin_Login.TC55_CIB_Logout_ClickHere_Hyberlink_NavigateToLoginPage" tests="1" failures="0" timestamp="19 Nov 2020 20:05:21 GMT" time="91.233" errors="0">
  <testcase name="CIB_Logout_ClickHere_Hyberlink" time="91.233" classname="testcases.CIB.PreLogin_Login.TC55_CIB_Logout_ClickHere_Hyberlink_NavigateToLoginPage"/>
</testsuite> <!-- testcases.CIB.PreLogin_Login.TC55_CIB_Logout_ClickHere_Hyberlink_NavigateToLoginPage -->
