<?xml version="1.0" encoding="UTF-8"?>
<!-- Generated by org.testng.reporters.JUnitReportReporter -->
<testsuite skipped="0" hostname="DESKTOP-S2KSJTH" name="testcases.QA.dashboard.E2E04_Verify_User_able_to_View_Scheduled_Payment_Widget" tests="1" failures="0" timestamp="2021-04-12T19:33:29 IST" time="52.136" errors="0">
  <testcase name="verifyAuthScreen" time="52.136" classname="testcases.QA.dashboard.E2E04_Verify_User_able_to_View_Scheduled_Payment_Widget"/>
  <system-out/>
</testsuite> <!-- testcases.QA.dashboard.E2E04_Verify_User_able_to_View_Scheduled_Payment_Widget -->
