<?xml version="1.0" encoding="UTF-8"?>
<!-- Generated by org.testng.reporters.JUnitReportReporter -->
<testsuite hostname="Prabhukrishnan" name="testcases.BankAdmin.BillerManagement.TC04_Maker_BillerManagement_ManageRule_CreateRule_Submit" tests="1" failures="0" timestamp="27 Aug 2020 18:32:06 GMT" time="42.670" errors="0">
  <testcase name="CreateRuleSubmit" time="42.670" classname="testcases.BankAdmin.BillerManagement.TC04_Maker_BillerManagement_ManageRule_CreateRule_Submit"/>
</testsuite> <!-- testcases.BankAdmin.BillerManagement.TC04_Maker_BillerManagement_ManageRule_CreateRule_Submit -->
