<?xml version="1.0" encoding="UTF-8"?>
<!-- Generated by org.testng.reporters.JUnitReportReporter -->
<testsuite skipped="0" hostname="DESKTOP-S2KSJTH" name="testcases.QA.settings.E2E05_Verify_User_able_to_Manage_Devices" tests="1" failures="0" timestamp="2021-04-09T21:02:09 IST" time="74.127" errors="0">
  <testcase name="verifyAuthScreen" time="74.127" classname="testcases.QA.settings.E2E05_Verify_User_able_to_Manage_Devices"/>
  <system-out/>
</testsuite> <!-- testcases.QA.settings.E2E05_Verify_User_able_to_Manage_Devices -->
