<?xml version="1.0" encoding="UTF-8"?>
<!-- Generated by org.testng.reporters.JUnitReportReporter -->
<testsuite skipped="0" hostname="DESKTOP-S2KSJTH" name="testcases.registration.prdcard_452.E2E04_Verify_User_able_to_Set_Password_of_maximum_12_chars_with_only_Alphanumeric_Values" tests="1" failures="0" timestamp="2021-03-04T16:42:06 IST" time="63.798" errors="0">
  <testcase name="verifyAuthScreen" time="63.798" classname="testcases.registration.prdcard_452.E2E04_Verify_User_able_to_Set_Password_of_maximum_12_chars_with_only_Alphanumeric_Values"/>
  <system-out/>
</testsuite> <!-- testcases.registration.prdcard_452.E2E04_Verify_User_able_to_Set_Password_of_maximum_12_chars_with_only_Alphanumeric_Values -->
