<?xml version="1.0" encoding="UTF-8"?>
<!-- Generated by org.testng.reporters.JUnitReportReporter -->
<testsuite hostname="Prabhukrishnan" name="testcases.CIB.Transfers.TC20_Checker_Manage_Workflow_Approve_Internal_Batch_Payment" tests="1" failures="0" timestamp="19 Nov 2020 19:21:53 GMT" time="203.129" errors="0">
  <testcase name="checkerSinglePayment" time="203.129" classname="testcases.CIB.Transfers.TC20_Checker_Manage_Workflow_Approve_Internal_Batch_Payment"/>
</testsuite> <!-- testcases.CIB.Transfers.TC20_Checker_Manage_Workflow_Approve_Internal_Batch_Payment -->
