<?xml version="1.0" encoding="UTF-8"?>
<!-- Generated by org.testng.reporters.JUnitReportReporter -->
<testsuite hostname="Prabhukrishnan" name="testcases.CIB.PreLogin_Login.TC59_CIB_Logout_YES" tests="1" failures="0" timestamp="19 Nov 2020 20:05:21 GMT" time="52.837" errors="0">
  <testcase name="CIB_Logout" time="52.837" classname="testcases.CIB.PreLogin_Login.TC59_CIB_Logout_YES"/>
</testsuite> <!-- testcases.CIB.PreLogin_Login.TC59_CIB_Logout_YES -->
