<?xml version="1.0" encoding="UTF-8"?>
<!-- Generated by org.testng.reporters.JUnitReportReporter -->
<testsuite skipped="1" hostname="vairamuthu" name="testcases.DBP16077" tests="2" failures="0" timestamp="22 Feb 2019 09:24:18 GMT" time="83.328" errors="0">
  <testcase name="DeleteNonFinancialMatrix" time="83.328" classname="testcases.DBP16077"/>
  <testcase name="DeleteNonFinancialMatrixApprove" classname="testcases.DBP16077">
    <skipped/>
  </testcase> <!-- DeleteNonFinancialMatrixApprove -->
</testsuite> <!-- testcases.DBP16077 -->
