<?xml version="1.0" encoding="UTF-8"?>
<!-- Generated by org.testng.reporters.JUnitReportReporter -->
<testsuite hostname="Prabhukrishnan" name="testcases.CIB.Dashboard.TC11_CIB_Dashboard_Financial_NonFinancial_Transaction_Statistics_widget" tests="1" failures="0" timestamp="17 Nov 2020 20:30:30 GMT" time="52.339" errors="0">
  <testcase name="CIB_URL_Navigation" time="52.339" classname="testcases.CIB.Dashboard.TC11_CIB_Dashboard_Financial_NonFinancial_Transaction_Statistics_widget"/>
</testsuite> <!-- testcases.CIB.Dashboard.TC11_CIB_Dashboard_Financial_NonFinancial_Transaction_Statistics_widget -->
