<?xml version="1.0" encoding="UTF-8"?>
<!-- Generated by org.testng.reporters.JUnitReportReporter -->
<testsuite hostname="Prabhukrishnan" name="testcases.CIB.Transfers.TC01_Maker_Create_Transfer_View_Page" tests="1" failures="0" timestamp="19 Nov 2020 13:57:16 GMT" time="58.352" errors="0">
  <testcase name="createBillPayment" time="58.352" classname="testcases.CIB.Transfers.TC01_Maker_Create_Transfer_View_Page"/>
</testsuite> <!-- testcases.CIB.Transfers.TC01_Maker_Create_Transfer_View_Page -->
