<?xml version="1.0" encoding="UTF-8"?>
<!-- Generated by org.testng.reporters.JUnitReportReporter -->
<testsuite hostname="Prabhukrishnan" name="testcases.DBP16034" tests="1" failures="0" timestamp="10 Jul 2020 10:18:34 GMT" time="108.480" errors="0">
  <testcase name="login" time="108.480" classname="testcases.DBP16034"/>
</testsuite> <!-- testcases.DBP16034 -->
