<?xml version="1.0" encoding="UTF-8"?>
<!-- Generated by org.testng.reporters.JUnitReportReporter -->
<testsuite skipped="0" hostname="DESKTOP-S2KSJTH" name="testcases.registration.prdcard_457.E2E05_Verify_User_able_to_click_Disagreee_Button" tests="1" failures="0" timestamp="2021-03-04T18:44:33 IST" time="21.643" errors="0">
  <testcase name="verifyAuthScreen" time="21.643" classname="testcases.registration.prdcard_457.E2E05_Verify_User_able_to_click_Disagreee_Button"/>
  <system-out/>
</testsuite> <!-- testcases.registration.prdcard_457.E2E05_Verify_User_able_to_click_Disagreee_Button -->
