<?xml version="1.0" encoding="UTF-8"?>
<!-- Generated by org.testng.reporters.JUnitReportReporter -->
<testsuite hostname="Prabhukrishnan" name="testcases.CIB.BeneficiaryManagement.TC36_Maker_CreateBenneficiary_OtherBank_Submitted" tests="1" failures="0" timestamp="20 Nov 2020 07:38:34 GMT" time="80.617" errors="0">
  <testcase name="CIB_URL_Navigation" time="80.617" classname="testcases.CIB.BeneficiaryManagement.TC36_Maker_CreateBenneficiary_OtherBank_Submitted"/>
</testsuite> <!-- testcases.CIB.BeneficiaryManagement.TC36_Maker_CreateBenneficiary_OtherBank_Submitted -->
