<?xml version="1.0" encoding="UTF-8"?>
<!-- Generated by org.testng.reporters.JUnitReportReporter -->
<testsuite skipped="0" hostname="vairamuthu" name="testcases.DBP15547" tests="2" failures="0" timestamp="08 Mar 2019 09:24:00 GMT" time="147.049" errors="0">
  <testcase name="login" time="77.431" classname="testcases.DBP15547"/>
  <testcase name="Search" time="69.618" classname="testcases.DBP15547"/>
</testsuite> <!-- testcases.DBP15547 -->
