<?xml version="1.0" encoding="UTF-8"?>
<!-- Generated by org.testng.reporters.JUnitReportReporter -->
<testsuite skipped="0" hostname="vairamuthu" name="testcases.DBP16051" tests="1" failures="0" timestamp="21 Feb 2019 08:10:04 GMT" time="20.189" errors="0">
  <testcase name="Maker" time="20.189" classname="testcases.DBP16051"/>
</testsuite> <!-- testcases.DBP16051 -->
