<?xml version="1.0" encoding="UTF-8"?>
<!-- Generated by org.testng.reporters.JUnitReportReporter -->
<testsuite hostname="Prabhukrishnan" name="testcases.CIB.Transfers.TC77_Maker_Search_Domestic_Payment_in_Manage_List" tests="1" failures="0" timestamp="19 Nov 2020 19:21:52 GMT" time="293.280" errors="0">
  <testcase name="makerManageListSearch" time="293.280" classname="testcases.CIB.Transfers.TC77_Maker_Search_Domestic_Payment_in_Manage_List"/>
</testsuite> <!-- testcases.CIB.Transfers.TC77_Maker_Search_Domestic_Payment_in_Manage_List -->
