<?xml version="1.0" encoding="UTF-8"?>
<!-- Generated by org.testng.reporters.JUnitReportReporter -->
<testsuite skipped="0" hostname="DESKTOP-S2KSJTH" name="testcases.registration.prdcard_442.TC09_Verify_all_buttons_in_Date_Picker_is_Working_Correctly" tests="1" failures="0" timestamp="2021-03-02T13:48:25 IST" time="32.543" errors="0">
  <testcase name="verifyCCScreen" time="32.543" classname="testcases.registration.prdcard_442.TC09_Verify_all_buttons_in_Date_Picker_is_Working_Correctly"/>
  <system-out/>
</testsuite> <!-- testcases.registration.prdcard_442.TC09_Verify_all_buttons_in_Date_Picker_is_Working_Correctly -->
