<?xml version="1.0" encoding="UTF-8"?>
<!-- Generated by org.testng.reporters.JUnitReportReporter -->
<testsuite skipped="0" hostname="DESKTOP-S2KSJTH" name="testcases.registration.prdcard_452.E2E13_Verify_User_able_to_Set_Passsword_only_only_if_both_Password_and_Confirm_Password_are_Same_and_Valid" tests="1" failures="0" timestamp="2021-03-04T17:06:33 IST" time="67.071" errors="0">
  <testcase name="verifyAuthScreen" time="67.071" classname="testcases.registration.prdcard_452.E2E13_Verify_User_able_to_Set_Passsword_only_only_if_both_Password_and_Confirm_Password_are_Same_and_Valid"/>
  <system-out/>
</testsuite> <!-- testcases.registration.prdcard_452.E2E13_Verify_User_able_to_Set_Passsword_only_only_if_both_Password_and_Confirm_Password_are_Same_and_Valid -->
