<?xml version="1.0" encoding="UTF-8"?>
<!-- Generated by org.testng.reporters.JUnitReportReporter -->
<testsuite skipped="0" hostname="DESKTOP-S2KSJTH" name="testcases.registration.prdcard_447.TC03_Verify_browser_Close_button_is_present" tests="1" failures="0" timestamp="2021-03-02T15:50:16 IST" time="25.244" errors="0">
  <testcase name="verifyCCScreen" time="25.244" classname="testcases.registration.prdcard_447.TC03_Verify_browser_Close_button_is_present"/>
  <system-out/>
</testsuite> <!-- testcases.registration.prdcard_447.TC03_Verify_browser_Close_button_is_present -->
