<?xml version="1.0" encoding="UTF-8"?>
<!-- Generated by org.testng.reporters.JUnitReportReporter -->
<testsuite hostname="Prabhukrishnan" name="testcases.DBP15552" tests="2" failures="0" timestamp="16 Jul 2020 15:38:20 GMT" time="212.226" errors="0">
  <testcase name="login" time="136.812" classname="testcases.DBP15552"/>
  <testcase name="approval" time="75.414" classname="testcases.DBP15552"/>
</testsuite> <!-- testcases.DBP15552 -->
