<?xml version="1.0" encoding="UTF-8"?>
<!-- Generated by org.testng.reporters.JUnitReportReporter -->
<testsuite hostname="Prabhukrishnan" name="testcases.CIB.Transfers.TC30_Maker_Select_Payment_Method_Dropdown" tests="1" failures="0" timestamp="19 Nov 2020 13:57:16 GMT" time="51.986" errors="0">
  <testcase name="createBillPayment" time="51.986" classname="testcases.CIB.Transfers.TC30_Maker_Select_Payment_Method_Dropdown"/>
</testsuite> <!-- testcases.CIB.Transfers.TC30_Maker_Select_Payment_Method_Dropdown -->
