<?xml version="1.0" encoding="UTF-8"?>
<!-- Generated by org.testng.reporters.JUnitReportReporter -->
<testsuite skipped="0" hostname="vairamuthu" name="testcases.DBP15875" tests="1" failures="0" timestamp="20 Feb 2019 11:09:58 GMT" time="53.715" errors="0">
  <testcase name="login" time="53.715" classname="testcases.DBP15875"/>
</testsuite> <!-- testcases.DBP15875 -->
