<?xml version="1.0" encoding="UTF-8"?>
<!-- Generated by org.testng.reporters.JUnitReportReporter -->
<testsuite skipped="0" hostname="DESKTOP-S2KSJTH" name="testcases.QA.userProfile.E2E06_Verify_User_able_to_Remove_Profile_Picture" tests="1" failures="0" timestamp="2021-04-12T16:37:41 IST" time="93.802" errors="0">
  <testcase name="verifyAuthScreen" time="93.802" classname="testcases.QA.userProfile.E2E06_Verify_User_able_to_Remove_Profile_Picture"/>
  <system-out/>
</testsuite> <!-- testcases.QA.userProfile.E2E06_Verify_User_able_to_Remove_Profile_Picture -->
