<?xml version="1.0" encoding="UTF-8"?>
<!-- Generated by org.testng.reporters.JUnitReportReporter -->
<testsuite hostname="Prabhukrishnan" name="testcases.CIB.Dashboard.TC07_CIB_Dashboard_Click_OperativeAccount_FinancialWidget" tests="1" failures="0" timestamp="17 Nov 2020 19:54:47 GMT" time="67.513" errors="0">
  <testcase name="CIB_URL_Navigation" time="67.513" classname="testcases.CIB.Dashboard.TC07_CIB_Dashboard_Click_OperativeAccount_FinancialWidget"/>
</testsuite> <!-- testcases.CIB.Dashboard.TC07_CIB_Dashboard_Click_OperativeAccount_FinancialWidget -->
