<?xml version="1.0" encoding="UTF-8"?>
<!-- Generated by org.testng.reporters.JUnitReportReporter -->
<testsuite hostname="Prabhukrishnan" name="testcases.CIB.Transfers.TC28_Maker_Check_Create_Single_Payment_Under_Transfer_Menu" tests="1" failures="0" timestamp="19 Nov 2020 13:57:15 GMT" time="47.383" errors="0">
  <testcase name="checkBatchPayment" time="47.383" classname="testcases.CIB.Transfers.TC28_Maker_Check_Create_Single_Payment_Under_Transfer_Menu"/>
</testsuite> <!-- testcases.CIB.Transfers.TC28_Maker_Check_Create_Single_Payment_Under_Transfer_Menu -->
