<?xml version="1.0" encoding="UTF-8"?>
<!-- Generated by org.testng.reporters.JUnitReportReporter -->
<testsuite skipped="0" hostname="DESKTOP-S2KSJTH" name="testcases.fundTransfer.E2E01_Verify_User_able_to_Transfer_Funds_Successfully_in_MRB" tests="1" failures="0" timestamp="2021-03-19T19:21:32 IST" time="88.024" errors="0">
  <testcase name="verifyAuthScreen" time="88.024" classname="testcases.fundTransfer.E2E01_Verify_User_able_to_Transfer_Funds_Successfully_in_MRB"/>
  <system-out/>
</testsuite> <!-- testcases.fundTransfer.E2E01_Verify_User_able_to_Transfer_Funds_Successfully_in_MRB -->
