<?xml version="1.0" encoding="UTF-8"?>
<!-- Generated by org.testng.reporters.JUnitReportReporter -->
<testsuite hostname="Prabhukrishnan" name="testcases.DBP15875" tests="1" failures="0" timestamp="4 Aug 2020 09:00:16 GMT" time="153.893" errors="0">
  <testcase name="DBP15875loginMaker" time="153.893" classname="testcases.DBP15875"/>
</testsuite> <!-- testcases.DBP15875 -->
