<?xml version="1.0" encoding="UTF-8"?>
<!-- Generated by org.testng.reporters.JUnitReportReporter -->
<testsuite skipped="0" hostname="DESKTOP-S2KSJTH" name="testcases.registration.prdcard_442.TC16_Verify_Prev_Step_is_Marked_with_Tick_in_Progress_bar" tests="1" failures="0" timestamp="2021-03-02T14:04:15 IST" time="30.144" errors="0">
  <testcase name="verifyCCScreen" time="30.144" classname="testcases.registration.prdcard_442.TC16_Verify_Prev_Step_is_Marked_with_Tick_in_Progress_bar"/>
  <system-out/>
</testsuite> <!-- testcases.registration.prdcard_442.TC16_Verify_Prev_Step_is_Marked_with_Tick_in_Progress_bar -->
