<?xml version="1.0" encoding="UTF-8"?>
<!-- Generated by org.testng.reporters.JUnitReportReporter -->
<testsuite hostname="Prabhukrishnan" name="testcases.CIB.Transfers.TC14_Enter_Payment_Information" tests="1" failures="0" timestamp="19 Nov 2020 13:57:15 GMT" time="124.200" errors="0">
  <testcase name="createBillPayment" time="124.200" classname="testcases.CIB.Transfers.TC14_Enter_Payment_Information"/>
</testsuite> <!-- testcases.CIB.Transfers.TC14_Enter_Payment_Information -->
