<?xml version="1.0" encoding="UTF-8"?>
<!-- Generated by org.testng.reporters.JUnitReportReporter -->
<testsuite skipped="0" hostname="vairamuthu" name="testcases.DBP16172" tests="1" failures="0" timestamp="22 Mar 2019 11:59:25 GMT" time="120.734" errors="0">
  <testcase name="ValidateErrormessageandCreateFinancialmatrix" time="120.734" classname="testcases.DBP16172"/>
</testsuite> <!-- testcases.DBP16172 -->
