<?xml version="1.0" encoding="UTF-8"?>
<!-- Generated by org.testng.reporters.JUnitReportReporter -->
<testsuite skipped="0" hostname="DESKTOP-S2KSJTH" name="testcases.login.prdcard_241.E2E05_Verify_User_able_to_View_Login_Password_after_entering_on_Cliking_Eye_Icon" tests="1" failures="0" timestamp="2021-03-08T12:31:11 IST" time="31.933" errors="0">
  <testcase name="verifyAuthScreen" time="31.933" classname="testcases.login.prdcard_241.E2E05_Verify_User_able_to_View_Login_Password_after_entering_on_Cliking_Eye_Icon"/>
  <system-out/>
</testsuite> <!-- testcases.login.prdcard_241.E2E05_Verify_User_able_to_View_Login_Password_after_entering_on_Cliking_Eye_Icon -->
