<?xml version="1.0" encoding="UTF-8"?>
<!-- Generated by org.testng.reporters.JUnitReportReporter -->
<testsuite hostname="Prabhukrishnan" name="testcases.CIB.BeneficiaryManagement.TC17_Maker_CreateBenneficiary_SelectBeneficiaryType_International_EnterMainInformation" tests="1" failures="0" timestamp="20 Nov 2020 07:38:34 GMT" time="54.042" errors="0">
  <testcase name="CIB_URL_Navigation" time="54.042" classname="testcases.CIB.BeneficiaryManagement.TC17_Maker_CreateBenneficiary_SelectBeneficiaryType_International_EnterMainInformation"/>
</testsuite> <!-- testcases.CIB.BeneficiaryManagement.TC17_Maker_CreateBenneficiary_SelectBeneficiaryType_International_EnterMainInformation -->
