<?xml version="1.0" encoding="UTF-8"?>
<!-- Generated by org.testng.reporters.JUnitReportReporter -->
<testsuite skipped="0" hostname="DESKTOP-S2KSJTH" name="testcases.QA.transfers.managePayees.E2E01_Verify_User_able_to_access_Manage_Payees" tests="1" failures="0" timestamp="2021-04-15T20:49:03 IST" time="65.085" errors="0">
  <testcase name="verifyAuthScreen" time="65.085" classname="testcases.QA.transfers.managePayees.E2E01_Verify_User_able_to_access_Manage_Payees"/>
  <system-out/>
</testsuite> <!-- testcases.QA.transfers.managePayees.E2E01_Verify_User_able_to_access_Manage_Payees -->
