<?xml version="1.0" encoding="UTF-8"?>
<!-- Generated by org.testng.reporters.JUnitReportReporter -->
<testsuite skipped="0" hostname="DESKTOP-S2KSJTH" name="testcases.QA.dashboard.E2E03_Verify_User_able_to_View_Quick_Links" tests="1" failures="0" timestamp="2021-04-12T19:55:47 IST" time="56.932" errors="0">
  <testcase name="verifyAuthScreen" time="56.932" classname="testcases.QA.dashboard.E2E03_Verify_User_able_to_View_Quick_Links"/>
  <system-out/>
</testsuite> <!-- testcases.QA.dashboard.E2E03_Verify_User_able_to_View_Quick_Links -->
