<?xml version="1.0" encoding="UTF-8"?>
<!-- Generated by org.testng.reporters.JUnitReportReporter -->
<testsuite skipped="0" hostname="DESKTOP-S2KSJTH" name="testcases.registration.prdcard_442.TC13_Verify_User_Able_to_View_Text_Editor_Cursor_For_All_Text_Fields" tests="1" failures="0" timestamp="2021-03-02T13:53:27 IST" time="25.587" errors="0">
  <testcase name="verifyCCScreen" time="25.587" classname="testcases.registration.prdcard_442.TC13_Verify_User_Able_to_View_Text_Editor_Cursor_For_All_Text_Fields"/>
  <system-out/>
</testsuite> <!-- testcases.registration.prdcard_442.TC13_Verify_User_Able_to_View_Text_Editor_Cursor_For_All_Text_Fields -->
