<?xml version="1.0" encoding="UTF-8"?>
<!-- Generated by org.testng.reporters.JUnitReportReporter -->
<testsuite skipped="0" hostname="DESKTOP-S2KSJTH" name="testcases.DEMO.login.E2E01_Verify_User_able_to_Login_into_MRB_Successfully_with_Valid_Credentials" tests="1" failures="0" timestamp="2021-04-19T11:42:10 IST" time="50.234" errors="0">
  <testcase name="verifyAuthScreen" time="50.234" classname="testcases.DEMO.login.E2E01_Verify_User_able_to_Login_into_MRB_Successfully_with_Valid_Credentials"/>
  <system-out/>
</testsuite> <!-- testcases.DEMO.login.E2E01_Verify_User_able_to_Login_into_MRB_Successfully_with_Valid_Credentials -->
