<?xml version="1.0" encoding="UTF-8"?>
<!-- Generated by org.testng.reporters.JUnitReportReporter -->
<testsuite skipped="0" hostname="vairamuthu" name="testcases.DBP16145" tests="1" failures="0" timestamp="19 Mar 2019 06:49:17 GMT" time="109.714" errors="0">
  <testcase name="CheckerVerifytheStatus" time="109.714" classname="testcases.DBP16145"/>
</testsuite> <!-- testcases.DBP16145 -->
