<?xml version="1.0" encoding="UTF-8"?>
<!-- Generated by org.testng.reporters.JUnitReportReporter -->
<testsuite hostname="Prabhukrishnan" name="testcases.CIB.Transfers.TC06_Select_PayFrom_Dropdown" tests="1" failures="0" timestamp="19 Nov 2020 19:21:52 GMT" time="70.779" errors="0">
  <testcase name="createBillPayment" time="70.779" classname="testcases.CIB.Transfers.TC06_Select_PayFrom_Dropdown"/>
</testsuite> <!-- testcases.CIB.Transfers.TC06_Select_PayFrom_Dropdown -->
