<?xml version="1.0" encoding="UTF-8"?>
<!-- Generated by org.testng.reporters.JUnitReportReporter -->
<testsuite skipped="0" hostname="vairamuthu" name="testcases.test" tests="1" failures="0" timestamp="28 Feb 2019 08:18:45 GMT" time="73.212" errors="0">
  <testcase name="login" time="73.212" classname="testcases.test"/>
</testsuite> <!-- testcases.test -->
