<?xml version="1.0" encoding="UTF-8"?>
<!-- Generated by org.testng.reporters.JUnitReportReporter -->
<testsuite skipped="0" hostname="DESKTOP-S2KSJTH" name="testcases.QA.cards.E2E04_Verify_User_able_to_view_Credit_Cards_Details" tests="1" failures="0" timestamp="2021-04-19T16:59:24 IST" time="68.658" errors="0">
  <testcase name="verifyAuthScreen" time="68.658" classname="testcases.QA.cards.E2E04_Verify_User_able_to_view_Credit_Cards_Details"/>
  <system-out/>
</testsuite> <!-- testcases.QA.cards.E2E04_Verify_User_able_to_view_Credit_Cards_Details -->
