<?xml version="1.0" encoding="UTF-8"?>
<!-- Generated by org.testng.reporters.JUnitReportReporter -->
<testsuite hostname="Prabhukrishnan" name="testcases.DBP15549andDBP15562" tests="1" failures="0" timestamp="16 Jul 2020 15:15:54 GMT" time="175.347" errors="0">
  <testcase name="login" time="175.347" classname="testcases.DBP15549andDBP15562"/>
</testsuite> <!-- testcases.DBP15549andDBP15562 -->
