<?xml version="1.0" encoding="UTF-8"?>
<!-- Generated by org.testng.reporters.JUnitReportReporter -->
<testsuite skipped="0" hostname="vairamuthu" name="testcases.DBP16108" tests="1" failures="0" timestamp="07 Mar 2019 11:28:46 GMT" time="196.076" errors="0">
  <testcase name="MakerViewBeneficiaryInManageWorkFlowWithAuditTrail" time="196.076" classname="testcases.DBP16108"/>
</testsuite> <!-- testcases.DBP16108 -->
