<?xml version="1.0" encoding="UTF-8"?>
<!-- Generated by org.testng.reporters.JUnitReportReporter -->
<testsuite hostname="Prabhukrishnan" name="testcases.CIB.Transfers.TC07_Select_Date_DatePicker" tests="1" failures="0" timestamp="19 Nov 2020 19:21:53 GMT" time="84.557" errors="0">
  <testcase name="createBillPayment" time="84.557" classname="testcases.CIB.Transfers.TC07_Select_Date_DatePicker"/>
</testsuite> <!-- testcases.CIB.Transfers.TC07_Select_Date_DatePicker -->
