<?xml version="1.0" encoding="UTF-8"?>
<!-- Generated by org.testng.reporters.JUnitReportReporter -->
<testsuite skipped="0" hostname="DESKTOP-S2KSJTH" name="testcases.registration.prdcard_448.TC01_Verify_User_Registration_restarts_from_Prelogin_Page_on_providing_expired_OTP" tests="1" failures="0" timestamp="2021-03-02T15:55:38 IST" time="48.492" errors="0">
  <testcase name="verifyAuthScreen" time="48.492" classname="testcases.registration.prdcard_448.TC01_Verify_User_Registration_restarts_from_Prelogin_Page_on_providing_expired_OTP"/>
  <system-out/>
</testsuite> <!-- testcases.registration.prdcard_448.TC01_Verify_User_Registration_restarts_from_Prelogin_Page_on_providing_expired_OTP -->
