<?xml version="1.0" encoding="UTF-8"?>
<!-- Generated by org.testng.reporters.JUnitReportReporter -->
<testsuite skipped="0" hostname="DESKTOP-S2KSJTH" name="testcases.login.prdcard_238.E2E01_Verify_User_able_to_enter_Credit_Card_details_in_Forgot_Username_flow" tests="1" failures="0" timestamp="2021-03-05T18:46:27 IST" time="38.575" errors="0">
  <testcase name="verifyAuthScreen" time="38.575" classname="testcases.login.prdcard_238.E2E01_Verify_User_able_to_enter_Credit_Card_details_in_Forgot_Username_flow"/>
  <system-out/>
</testsuite> <!-- testcases.login.prdcard_238.E2E01_Verify_User_able_to_enter_Credit_Card_details_in_Forgot_Username_flow -->
