<?xml version="1.0" encoding="UTF-8"?>
<!-- Generated by org.testng.reporters.JUnitReportReporter -->
<testsuite skipped="0" hostname="DESKTOP-S2KSJTH" name="testcases.QA.login.E2E04_Verify_Forgot_Username_Using_Credit_Card_Details" tests="1" failures="0" timestamp="2021-04-12T12:28:17 IST" time="60.311" errors="0">
  <testcase name="verifyAuthScreen" time="60.311" classname="testcases.QA.login.E2E04_Verify_Forgot_Username_Using_Credit_Card_Details"/>
  <system-out/>
</testsuite> <!-- testcases.QA.login.E2E04_Verify_Forgot_Username_Using_Credit_Card_Details -->
