<?xml version="1.0" encoding="UTF-8"?>
<!-- Generated by org.testng.reporters.JUnitReportReporter -->
<testsuite skipped="0" hostname="vairamuthu" name="testcases.DBP15556" tests="1" failures="0" timestamp="20 Feb 2019 11:09:58 GMT" time="33.407" errors="0">
  <testcase name="groupID" time="33.407" classname="testcases.DBP15556"/>
</testsuite> <!-- testcases.DBP15556 -->
