<?xml version="1.0" encoding="UTF-8"?>
<!-- Generated by org.testng.reporters.JUnitReportReporter -->
<testsuite skipped="0" hostname="vairamuthu" name="testcases.DBP16146" tests="1" failures="0" timestamp="19 Mar 2019 06:47:27 GMT" time="50.985" errors="0">
  <testcase name="CheckerBillPayeePagination" time="50.985" classname="testcases.DBP16146"/>
</testsuite> <!-- testcases.DBP16146 -->
