<?xml version="1.0" encoding="UTF-8"?>
<!-- Generated by org.testng.reporters.JUnitReportReporter -->
<testsuite hostname="Prabhukrishnan" name="testcases.CIB.Transfers.TC72_Checker_Able_To_Get_Action_Icon_in_Domestic_Transfer" tests="1" failures="0" timestamp="19 Nov 2020 19:21:53 GMT" time="259.094" errors="0">
  <testcase name="checkerSinglePayment" time="259.094" classname="testcases.CIB.Transfers.TC72_Checker_Able_To_Get_Action_Icon_in_Domestic_Transfer"/>
</testsuite> <!-- testcases.CIB.Transfers.TC72_Checker_Able_To_Get_Action_Icon_in_Domestic_Transfer -->
