<?xml version="1.0" encoding="UTF-8"?>
<!-- Generated by org.testng.reporters.JUnitReportReporter -->
<testsuite hostname="Prabhukrishnan" name="testcases.CIB.Transfers.TC84_Maker_Select_Payment_Method_Dropdown_International" tests="1" failures="0" timestamp="19 Nov 2020 19:21:53 GMT" time="65.822" errors="0">
  <testcase name="createBillPayment" time="65.822" classname="testcases.CIB.Transfers.TC84_Maker_Select_Payment_Method_Dropdown_International"/>
</testsuite> <!-- testcases.CIB.Transfers.TC84_Maker_Select_Payment_Method_Dropdown_International -->
