<?xml version="1.0" encoding="UTF-8"?>
<!-- Generated by org.testng.reporters.JUnitReportReporter -->
<testsuite hostname="Prabhukrishnan" name="testcases.CIB.Transfers.TC47_Checker_Manage_Workflow_Approve_Domestic_Batch_Payment" tests="1" failures="0" timestamp="19 Nov 2020 13:57:15 GMT" time="216.975" errors="0">
  <testcase name="checkerSinglePayment" time="216.975" classname="testcases.CIB.Transfers.TC47_Checker_Manage_Workflow_Approve_Domestic_Batch_Payment"/>
</testsuite> <!-- testcases.CIB.Transfers.TC47_Checker_Manage_Workflow_Approve_Domestic_Batch_Payment -->
