<?xml version="1.0" encoding="UTF-8"?>
<!-- Generated by org.testng.reporters.JUnitReportReporter -->
<testsuite skipped="0" hostname="DESKTOP-S2KSJTH" name="testcases.QA.settings.E2E06_Verify_User_able_to_Manage_Transaction_Limit" tests="1" failures="0" timestamp="2021-04-12T12:23:39 IST" time="95.087" errors="0">
  <testcase name="verifyAuthScreen" time="95.087" classname="testcases.QA.settings.E2E06_Verify_User_able_to_Manage_Transaction_Limit"/>
  <system-out/>
</testsuite> <!-- testcases.QA.settings.E2E06_Verify_User_able_to_Manage_Transaction_Limit -->
