<?xml version="1.0" encoding="UTF-8"?>
<!-- Generated by org.testng.reporters.JUnitReportReporter -->
<testsuite hostname="Prabhukrishnan" name="testcases.DBP15549" tests="1" failures="0" timestamp="16 Jul 2020 15:08:11 GMT" time="174.711" errors="0">
  <testcase name="login" time="174.711" classname="testcases.DBP15549"/>
</testsuite> <!-- testcases.DBP15549 -->
