<?xml version="1.0" encoding="UTF-8"?>
<!-- Generated by org.testng.reporters.JUnitReportReporter -->
<testsuite skipped="0" hostname="DESKTOP-S2KSJTH" name="testcases.registration.prdcard_448.TC09_Verify_invalid_OTP" tests="1" failures="0" timestamp="2021-03-02T17:31:01 IST" time="49.358" errors="0">
  <testcase name="verifyAuthScreen" time="49.358" classname="testcases.registration.prdcard_448.TC09_Verify_invalid_OTP"/>
  <system-out/>
</testsuite> <!-- testcases.registration.prdcard_448.TC09_Verify_invalid_OTP -->
