<?xml version="1.0" encoding="UTF-8"?>
<!-- Generated by org.testng.reporters.JUnitReportReporter -->
<testsuite skipped="0" hostname="DESKTOP-S2KSJTH" name="testcases.registration.E2E01_Verify_User_able_to_Complete_Registration_Process_Using_Account_Details" tests="1" failures="0" timestamp="2021-03-19T19:21:32 IST" time="90.153" errors="0">
  <testcase name="verifyAuthScreen" time="90.153" classname="testcases.registration.E2E01_Verify_User_able_to_Complete_Registration_Process_Using_Account_Details"/>
  <system-out/>
</testsuite> <!-- testcases.registration.E2E01_Verify_User_able_to_Complete_Registration_Process_Using_Account_Details -->
