<?xml version="1.0" encoding="UTF-8"?>
<!-- Generated by org.testng.reporters.JUnitReportReporter -->
<testsuite hostname="Prabhukrishnan" name="testcases.BankAdmin.OrganisationGroup.TC04_Maker_Org_Grp_Setup_Create_Cancel" tests="1" failures="0" timestamp="12 Aug 2020 08:17:32 GMT" time="365.854" errors="0">
  <testcase name="login" time="365.854" classname="testcases.BankAdmin.OrganisationGroup.TC04_Maker_Org_Grp_Setup_Create_Cancel"/>
</testsuite> <!-- testcases.BankAdmin.OrganisationGroup.TC04_Maker_Org_Grp_Setup_Create_Cancel -->
