<?xml version="1.0" encoding="UTF-8"?>
<!-- Generated by org.testng.reporters.JUnitReportReporter -->
<testsuite hostname="Prabhukrishnan" name="testcases.CIB.Dashboard.TC01_CIB_URL_Navigation" tests="1" failures="0" timestamp="8 Nov 2020 18:14:51 GMT" time="64.030" errors="0">
  <testcase name="CIB_URL_Navigation" time="64.030" classname="testcases.CIB.Dashboard.TC01_CIB_URL_Navigation"/>
</testsuite> <!-- testcases.CIB.Dashboard.TC01_CIB_URL_Navigation -->
