<?xml version="1.0" encoding="UTF-8"?>
<!-- Generated by org.testng.reporters.JUnitReportReporter -->
<testsuite hostname="Prabhukrishnan" name="testcases.CIB.PreLogin_Login.TC20_CIB_Login_EnterUserIDandtaponProceedToLoginbutton" tests="1" failures="0" timestamp="19 Nov 2020 20:05:21 GMT" time="23.872" errors="0">
  <testcase name="CIB_Maker_Login" time="23.872" classname="testcases.CIB.PreLogin_Login.TC20_CIB_Login_EnterUserIDandtaponProceedToLoginbutton"/>
</testsuite> <!-- testcases.CIB.PreLogin_Login.TC20_CIB_Login_EnterUserIDandtaponProceedToLoginbutton -->
