<?xml version="1.0" encoding="UTF-8"?>
<!-- Generated by org.testng.reporters.JUnitReportReporter -->
<testsuite skipped="0" hostname="DESKTOP-S2KSJTH" name="testcases.DEMO.login.E2E02_Verify_User_able_to_Logout_Successfully_from_MRB_After_Login" tests="1" failures="0" timestamp="2021-04-19T11:42:10 IST" time="53.602" errors="0">
  <testcase name="verifyAuthScreen" time="53.602" classname="testcases.DEMO.login.E2E02_Verify_User_able_to_Logout_Successfully_from_MRB_After_Login"/>
  <system-out/>
</testsuite> <!-- testcases.DEMO.login.E2E02_Verify_User_able_to_Logout_Successfully_from_MRB_After_Login -->
