<?xml version="1.0" encoding="UTF-8"?>
<!-- Generated by org.testng.reporters.JUnitReportReporter -->
<testsuite skipped="0" hostname="DESKTOP-S2KSJTH" name="testcases.login.E2E03_Verify_User_able_to_verify_Dashboard_Page_in_MRB" tests="1" failures="0" timestamp="2021-03-19T19:21:32 IST" time="45.054" errors="0">
  <testcase name="verifyAuthScreen" time="45.054" classname="testcases.login.E2E03_Verify_User_able_to_verify_Dashboard_Page_in_MRB"/>
  <system-out/>
</testsuite> <!-- testcases.login.E2E03_Verify_User_able_to_verify_Dashboard_Page_in_MRB -->
