<?xml version="1.0" encoding="UTF-8"?>
<!-- Generated by org.testng.reporters.JUnitReportReporter -->
<testsuite skipped="0" hostname="vairamuthu" name="testcases.DBP16034" tests="1" failures="0" timestamp="22 Feb 2019 09:24:18 GMT" time="64.095" errors="0">
  <testcase name="login" time="64.095" classname="testcases.DBP16034"/>
</testsuite> <!-- testcases.DBP16034 -->
