<?xml version="1.0" encoding="UTF-8"?>
<!-- Generated by org.testng.reporters.JUnitReportReporter -->
<testsuite hostname="Prabhukrishnan" name="testcases.DBP15561" tests="2" failures="0" timestamp="8 Jul 2020 10:15:53 GMT" time="282.984" errors="0">
  <testcase name="approval" time="87.613" classname="testcases.DBP15561"/>
  <testcase name="sucess" time="195.371" classname="testcases.DBP15561"/>
</testsuite> <!-- testcases.DBP15561 -->
