<?xml version="1.0" encoding="UTF-8"?>
<!-- Generated by org.testng.reporters.JUnitReportReporter -->
<testsuite skipped="0" hostname="vairamuthu" name="testcases.DBP15549andDBP15562" tests="1" failures="0" timestamp="20 Feb 2019 11:09:58 GMT" time="136.177" errors="0">
  <testcase name="login" time="136.177" classname="testcases.DBP15549andDBP15562"/>
</testsuite> <!-- testcases.DBP15549andDBP15562 -->
