<?xml version="1.0" encoding="UTF-8"?>
<!-- Generated by org.testng.reporters.JUnitReportReporter -->
<testsuite skipped="0" hostname="DESKTOP-S2KSJTH" name="testcases.registration.prdcard_447.TC04_Verify_User_Able_to_View_Register_Now_button_in_Prelogin_Page" tests="1" failures="0" timestamp="2021-03-02T15:51:07 IST" time="23.017" errors="0">
  <testcase name="verifyCCScreen" time="23.017" classname="testcases.registration.prdcard_447.TC04_Verify_User_Able_to_View_Register_Now_button_in_Prelogin_Page"/>
  <system-out/>
</testsuite> <!-- testcases.registration.prdcard_447.TC04_Verify_User_Able_to_View_Register_Now_button_in_Prelogin_Page -->
