<?xml version="1.0" encoding="UTF-8"?>
<!-- Generated by org.testng.reporters.JUnitReportReporter -->
<testsuite skipped="1" hostname="vairamuthu" name="testcases.DBP16051andDBP16075" tests="2" failures="0" timestamp="22 Mar 2019 11:42:31 GMT" time="120.779" errors="0">
  <testcase name="ValidateErrormessageandCreateNonFinancialmatrix" time="120.779" classname="testcases.DBP16051andDBP16075"/>
  <testcase name="CheckerApprove" classname="testcases.DBP16051andDBP16075">
    <skipped/>
  </testcase> <!-- CheckerApprove -->
</testsuite> <!-- testcases.DBP16051andDBP16075 -->
