<?xml version="1.0" encoding="UTF-8"?>
<!-- Generated by org.testng.reporters.JUnitReportReporter -->
<testsuite skipped="0" hostname="DESKTOP-S2KSJTH" name="testcases.QA.applyNow.E2E02_Verify_User_able_to_Apply_for_Opening_CASA_Accounts" tests="1" failures="0" timestamp="2021-04-09T19:57:56 IST" time="86.531" errors="0">
  <testcase name="verifyAuthScreen" time="86.531" classname="testcases.QA.applyNow.E2E02_Verify_User_able_to_Apply_for_Opening_CASA_Accounts"/>
  <system-out/>
</testsuite> <!-- testcases.QA.applyNow.E2E02_Verify_User_able_to_Apply_for_Opening_CASA_Accounts -->
