<?xml version="1.0" encoding="UTF-8"?>
<!-- Generated by org.testng.reporters.JUnitReportReporter -->
<testsuite skipped="0" hostname="DESKTOP-S2KSJTH" name="testcases.QA.transfers.managePayees.E2E13_Verify_User_able_to_Delete_International_Payee_Details" tests="1" failures="0" timestamp="2021-04-16T14:40:51 IST" time="94.341" errors="0">
  <testcase name="verifyAuthScreen" time="94.341" classname="testcases.QA.transfers.managePayees.E2E13_Verify_User_able_to_Delete_International_Payee_Details"/>
  <system-out/>
</testsuite> <!-- testcases.QA.transfers.managePayees.E2E13_Verify_User_able_to_Delete_International_Payee_Details -->
