<?xml version="1.0" encoding="UTF-8"?>
<!-- Generated by org.testng.reporters.JUnitReportReporter -->
<testsuite skipped="0" hostname="DESKTOP-S2KSJTH" name="testcases.registration.prdcard_474.E2E03_Verify_User_able_to_Agree_TnC_to_enter_CreditCard_Details" tests="1" failures="0" timestamp="2021-03-04T20:55:56 IST" time="25.146" errors="0">
  <testcase name="verifyAuthScreen" time="25.146" classname="testcases.registration.prdcard_474.E2E03_Verify_User_able_to_Agree_TnC_to_enter_CreditCard_Details"/>
  <system-out/>
</testsuite> <!-- testcases.registration.prdcard_474.E2E03_Verify_User_able_to_Agree_TnC_to_enter_CreditCard_Details -->
