<?xml version="1.0" encoding="UTF-8"?>
<!-- Generated by org.testng.reporters.JUnitReportReporter -->
<testsuite skipped="0" hostname="DESKTOP-S2KSJTH" name="testcases.registration.prdcard_451.E2E02_Verify_User_able_to_Set_Unique_UserName_during_Registration" tests="1" failures="0" timestamp="2021-03-04T14:27:03 IST" time="86.405" errors="0">
  <testcase name="verifyAuthScreen" time="86.405" classname="testcases.registration.prdcard_451.E2E02_Verify_User_able_to_Set_Unique_UserName_during_Registration"/>
  <system-out/>
</testsuite> <!-- testcases.registration.prdcard_451.E2E02_Verify_User_able_to_Set_Unique_UserName_during_Registration -->
