<?xml version="1.0" encoding="UTF-8"?>
<!-- Generated by org.testng.reporters.JUnitReportReporter -->
<testsuite hostname="Prabhukrishnan" name="testcases.Login" tests="1" failures="0" timestamp="6 Jul 2020 08:14:58 GMT" time="32.832" errors="0">
  <testcase name="approval" time="32.832" classname="testcases.Login"/>
</testsuite> <!-- testcases.Login -->
